Log file open, 03/20/20 22:00:38
LogWindows: Failed to load 'aqProf.dll' (GetLastError=126)
LogWindows: File 'aqProf.dll' does not exist
LogWindows: Failed to load 'VtuneApi.dll' (GetLastError=126)
LogWindows: File 'VtuneApi.dll' does not exist
LogWindows: Failed to load 'VtuneApi32e.dll' (GetLastError=126)
LogWindows: File 'VtuneApi32e.dll' does not exist
LogConsoleResponse: Display: Failed to find resolution value strings in scalability ini. Falling back to default.
LogInit: Display: Running engine for game: GAMEJAMTIME
LogPlatformFile: Not using cached read wrapper
LogTaskGraph: Started task graph with 5 named threads and 14 total threads with 3 sets of task threads.
LogStats: Stats thread started at 0.191447
LogD3D11RHI: Loaded GFSDK_Aftermath_Lib.x64.dll
LogICUInternationalization: ICU TimeZone Detection - Raw Offset: +1:00, Platform Override: ''
LogPluginManager: Mounting plugin Paper2D
LogPluginManager: Mounting plugin AISupport
LogPluginManager: Mounting plugin LightPropagationVolume
LogPluginManager: Mounting plugin ActorLayerUtilities
LogPluginManager: Mounting plugin AnimationSharing
LogPluginManager: Mounting plugin CLionSourceCodeAccess
LogPluginManager: Mounting plugin CodeLiteSourceCodeAccess
LogPluginManager: Mounting plugin GitSourceControl
LogPluginManager: Mounting plugin KDevelopSourceCodeAccess
LogPluginManager: Mounting plugin NullSourceCodeAccess
LogPluginManager: Mounting plugin PerforceSourceControl
LogPluginManager: Mounting plugin PlasticSourceControl
LogPluginManager: Mounting plugin SubversionSourceControl
LogPluginManager: Mounting plugin UObjectPlugin
LogPluginManager: Mounting plugin VisualStudioCodeSourceCodeAccess
LogPluginManager: Mounting plugin VisualStudioSourceCodeAccess
LogPluginManager: Mounting plugin XCodeSourceCodeAccess
LogPluginManager: Mounting plugin AssetManagerEditor
LogPluginManager: Mounting plugin CryptoKeys
LogPluginManager: Mounting plugin CurveEditorTools
LogPluginManager: Mounting plugin DataValidation
LogPluginManager: Mounting plugin FacialAnimation
LogPluginManager: Mounting plugin GameplayTagsEditor
LogPluginManager: Mounting plugin MacGraphicsSwitching
LogPluginManager: Mounting plugin MaterialAnalyzer
LogPluginManager: Mounting plugin MobileLauncherProfileWizard
LogPluginManager: Mounting plugin PluginBrowser
LogPluginManager: Mounting plugin SpeedTreeImporter
LogPluginManager: Mounting plugin DatasmithContent
LogPluginManager: Mounting plugin VariantManagerContent
LogPluginManager: Mounting plugin AlembicImporter
LogPluginManager: Mounting plugin AutomationUtils
LogPluginManager: Mounting plugin BackChannel
LogPluginManager: Mounting plugin CharacterAI
LogPluginManager: Mounting plugin GeometryCache
LogPluginManager: Mounting plugin PlatformCrypto
LogPluginManager: Mounting plugin ProxyLODPlugin
LogPluginManager: Mounting plugin SkeletalReduction
LogPluginManager: Mounting plugin Niagara
LogPluginManager: Mounting plugin MagicLeap
LogPluginManager: Mounting plugin MagicLeapMedia
LogPluginManager: Mounting plugin MLSDK
LogPluginManager: Mounting plugin AndroidMedia
LogPluginManager: Mounting plugin AvfMedia
LogPluginManager: Mounting plugin ImgMedia
LogPluginManager: Mounting plugin MediaCompositing
LogPluginManager: Mounting plugin MediaPlayerEditor
LogPluginManager: Mounting plugin WebMMedia
LogPluginManager: Mounting plugin WmfMedia
LogPluginManager: Mounting plugin TcpMessaging
LogPluginManager: Mounting plugin UdpMessaging
LogPluginManager: Mounting plugin ActorSequence
LogPluginManager: Mounting plugin LevelSequenceEditor
LogPluginManager: Mounting plugin MatineeToLevelSequence
LogPluginManager: Mounting plugin NetcodeUnitTest
LogPluginManager: Mounting plugin NUTUnrealEngine4
LogPluginManager: Mounting plugin OnlineSubsystemGooglePlay
LogPluginManager: Mounting plugin OnlineSubsystemIOS
LogPluginManager: Mounting plugin OnlineSubsystem
LogPluginManager: Mounting plugin OnlineSubsystemNull
LogPluginManager: Mounting plugin OnlineSubsystemUtils
LogPluginManager: Mounting plugin LauncherChunkInstaller
LogPluginManager: Mounting plugin AndroidDeviceProfileSelector
LogPluginManager: Mounting plugin AndroidMoviePlayer
LogPluginManager: Mounting plugin AndroidPermission
LogPluginManager: Mounting plugin AppleImageUtils
LogPluginManager: Mounting plugin AppleMoviePlayer
LogPluginManager: Mounting plugin ArchVisCharacter
LogPluginManager: Mounting plugin AssetTags
LogPluginManager: Mounting plugin AudioCapture
LogPluginManager: Mounting plugin CableComponent
LogPluginManager: Mounting plugin CustomMeshComponent
LogPluginManager: Mounting plugin EditableMesh
LogPluginManager: Mounting plugin ExampleDeviceProfileSelector
LogPluginManager: Mounting plugin GoogleCloudMessaging
LogPluginManager: Mounting plugin IOSDeviceProfileSelector
LogPluginManager: Mounting plugin LinuxDeviceProfileSelector
LogPluginManager: Mounting plugin LocationServicesBPLibrary
LogPluginManager: Mounting plugin MobilePatchingUtils
LogPluginManager: Mounting plugin PhysXVehicles
LogPluginManager: Mounting plugin PostSplashScreen
LogPluginManager: Mounting plugin ProceduralMeshComponent
LogPluginManager: Mounting plugin RuntimePhysXCooking
LogPluginManager: Mounting plugin SignificanceManager
LogPluginManager: Mounting plugin WebMMoviePlayer
LogPluginManager: Mounting plugin WindowsMoviePlayer
LogPluginManager: Mounting plugin ScreenshotTools
LogInit: Using libcurl 7.55.1-DEV
LogInit:  - built for x86_64-pc-win32
LogInit:  - supports SSL with OpenSSL/1.1.1
LogInit:  - supports HTTP deflate (compression) using libz 1.2.8
LogInit:  - other features:
LogInit:      CURL_VERSION_SSL
LogInit:      CURL_VERSION_LIBZ
LogInit:      CURL_VERSION_IPV6
LogInit:      CURL_VERSION_ASYNCHDNS
LogInit:      CURL_VERSION_LARGEFILE
LogInit:      CURL_VERSION_IDN
LogInit:  CurlRequestOptions (configurable via config and command line):
LogInit:  - bVerifyPeer = true  - Libcurl will verify peer certificate
LogInit:  - bUseHttpProxy = false  - Libcurl will NOT use HTTP proxy
LogInit:  - bDontReuseConnections = false  - Libcurl will reuse connections
LogInit:  - MaxHostConnections = 16  - Libcurl will limit the number of connections to a host
LogInit:  - LocalHostAddr = Default
LogInit:  - BufferSize = 65536
LogOnline: OSS: Creating online subsystem instance for: NULL
LogInit: WinSock: version 1.1 (2.2), MaxSocks=32767, MaxUdp=65467
LogOnline: OSS: TryLoadSubsystemAndSetDefault: Loaded subsystem for module [NULL]
LogInit: Build: ++UE4+Release-4.24-CL-11590370
LogInit: Engine Version: 4.24.3-11590370+++UE4+Release-4.24
LogInit: Compatible Engine Version: 4.24.0-10570792+++UE4+Release-4.24
LogInit: Net CL: 10570792
LogInit: OS: Windows 10 (Release 1903) (), CPU: Intel(R) Core(TM) i5-6600K CPU @ 3.50GHz, GPU: NVIDIA GeForce GTX 1070
LogInit: Compiled (64-bit): Feb 24 2020 15:39:18
LogInit: Compiled with Visual C++: 19.16.27032.01
LogInit: Build Configuration: Development
LogInit: Branch Name: ++UE4+Release-4.24
LogInit: Command Line: 
LogInit: Base Directory: D:/Program Files/Epic Games/UE_4.24/Engine/Binaries/Win64/
LogInit: Installed Engine Build: 1
LogDevObjectVersion: Number of dev versions registered: 25
LogDevObjectVersion:   Dev-Blueprints (B0D832E4-1F89-4F0D-ACCF-7EB736FD4AA2): 10
LogDevObjectVersion:   Dev-Build (E1C64328-A22C-4D53-A36C-8E866417BD8C): 0
LogDevObjectVersion:   Dev-Core (375EC13C-06E4-48FB-B500-84F0262A717E): 3
LogDevObjectVersion:   Dev-Editor (E4B068ED-F494-42E9-A231-DA0B2E46BB41): 37
LogDevObjectVersion:   Dev-Framework (CFFC743F-43B0-4480-9391-14DF171D2073): 36
LogDevObjectVersion:   Dev-Mobile (B02B49B5-BB20-44E9-A304-32B752E40360): 2
LogDevObjectVersion:   Dev-Networking (A4E4105C-59A1-49B5-A7C5-40C4547EDFEE): 0
LogDevObjectVersion:   Dev-Online (39C831C9-5AE6-47DC-9A44-9C173E1C8E7C): 0
LogDevObjectVersion:   Dev-Physics (78F01B33-EBEA-4F98-B9B4-84EACCB95AA2): 2
LogDevObjectVersion:   Dev-Platform (6631380F-2D4D-43E0-8009-CF276956A95A): 0
LogDevObjectVersion:   Dev-Rendering (12F88B9F-8875-4AFC-A67C-D90C383ABD29): 36
LogDevObjectVersion:   Dev-Sequencer (7B5AE74C-D270-4C10-A958-57980B212A5A): 11
LogDevObjectVersion:   Dev-VR (D7296918-1DD6-4BDD-9DE2-64A83CC13884): 2
LogDevObjectVersion:   Dev-LoadTimes (C2A15278-BFE7-4AFE-6C17-90FF531DF755): 1
LogDevObjectVersion:   Private-Geometry (6EACA3D4-40EC-4CC1-B786-8BED09428FC5): 3
LogDevObjectVersion:   Dev-AnimPhys (29E575DD-E0A3-4627-9D10-D276232CDCEA): 17
LogDevObjectVersion:   Dev-Anim (AF43A65D-7FD3-4947-9873-3E8ED9C1BB05): 2
LogDevObjectVersion:   Dev-ReflectionCapture (6B266CEC-1EC7-4B8F-A30B-E4D90942FC07): 1
LogDevObjectVersion:   Dev-Automation (0DF73D61-A23F-47EA-B727-89E90C41499A): 1
LogDevObjectVersion:   FortniteMain (601D1886-AC64-4F84-AA16-D3DE0DEAC7D6): 31
LogDevObjectVersion:   Dev-Enterprise (9DFFBCD6-494F-0158-E221-12823C92A888): 8
LogDevObjectVersion:   Dev-Niagara (F2AED0AC-9AFE-416F-8664-AA7FFA26D6FC): 1
LogDevObjectVersion:   Dev-Destruction (174F1F0B-B4C6-45A5-B13F-2EE8D0FB917D): 9
LogDevObjectVersion:   Dev-Physics-Ext (35F94A83-E258-406C-A318-09F59610247C): 8
LogDevObjectVersion:   Dev-CineCamera (B2E18506-4273-CFC2-A54E-F4BB758BBA07): 1
LogInit: Presizing for max 25165824 objects, including 0 objects not considered by GC, pre-allocating 0 bytes for permanent pool.
LogInit: Object subsystem initialized
LogConfig: Setting CVar [[con.DebugEarlyDefault:1]]
LogConfig: Setting CVar [[r.setres:1280x720]]
[2020.03.20-21.00.52:366][  0]LogConfig: Setting CVar [[r.VSync:0]]
[2020.03.20-21.00.52:366][  0]LogConfig: Setting CVar [[r.RHICmdBypass:0]]
[2020.03.20-21.00.52:415][  0]LogConfig: Applying CVar settings from Section [/Script/Engine.RendererSettings] File [D:/Git/GAMEJAMTIME/Saved/Config/Windows/Engine.ini]
[2020.03.20-21.00.52:415][  0]LogConfig: Setting CVar [[r.GPUCrashDebugging:0]]
[2020.03.20-21.00.52:415][  0]LogConfig: Applying CVar settings from Section [/Script/Engine.RendererOverrideSettings] File [D:/Git/GAMEJAMTIME/Saved/Config/Windows/Engine.ini]
[2020.03.20-21.00.52:415][  0]LogConfig: Applying CVar settings from Section [/Script/Engine.StreamingSettings] File [D:/Git/GAMEJAMTIME/Saved/Config/Windows/Engine.ini]
[2020.03.20-21.00.52:415][  0]LogConfig: Setting CVar [[s.MinBulkDataSizeForAsyncLoading:131072]]
[2020.03.20-21.00.52:415][  0]LogConfig: Setting CVar [[s.AsyncLoadingThreadEnabled:0]]
[2020.03.20-21.00.52:415][  0]LogConfig: Setting CVar [[s.EventDrivenLoaderEnabled:1]]
[2020.03.20-21.00.52:415][  0]LogConfig: Setting CVar [[s.WarnIfTimeLimitExceeded:0]]
[2020.03.20-21.00.52:415][  0]LogConfig: Setting CVar [[s.TimeLimitExceededMultiplier:1.5]]
[2020.03.20-21.00.52:415][  0]LogConfig: Setting CVar [[s.TimeLimitExceededMinTime:0.005]]
[2020.03.20-21.00.52:415][  0]LogConfig: Setting CVar [[s.UseBackgroundLevelStreaming:1]]
[2020.03.20-21.00.52:415][  0]LogConfig: Setting CVar [[s.PriorityAsyncLoadingExtraTime:15.0]]
[2020.03.20-21.00.52:415][  0]LogConfig: Setting CVar [[s.LevelStreamingActorsUpdateTimeLimit:5.0]]
[2020.03.20-21.00.52:415][  0]LogConfig: Setting CVar [[s.PriorityLevelStreamingActorsUpdateExtraTime:5.0]]
[2020.03.20-21.00.52:415][  0]LogConfig: Setting CVar [[s.LevelStreamingComponentsRegistrationGranularity:10]]
[2020.03.20-21.00.52:415][  0]LogConfig: Setting CVar [[s.UnregisterComponentsTimeLimit:1.0]]
[2020.03.20-21.00.52:415][  0]LogConfig: Setting CVar [[s.LevelStreamingComponentsUnregistrationGranularity:5]]
[2020.03.20-21.00.52:415][  0]LogConfig: Setting CVar [[s.FlushStreamingOnExit:1]]
[2020.03.20-21.00.52:415][  0]LogConfig: Applying CVar settings from Section [/Script/Engine.GarbageCollectionSettings] File [D:/Git/GAMEJAMTIME/Saved/Config/Windows/Engine.ini]
[2020.03.20-21.00.52:415][  0]LogConfig: Setting CVar [[gc.MaxObjectsNotConsideredByGC:1]]
[2020.03.20-21.00.52:415][  0]LogConfig: Setting CVar [[gc.SizeOfPermanentObjectPool:0]]
[2020.03.20-21.00.52:415][  0]LogConfig: Setting CVar [[gc.FlushStreamingOnGC:0]]
[2020.03.20-21.00.52:415][  0]LogConfig: Setting CVar [[gc.NumRetriesBeforeForcingGC:10]]
[2020.03.20-21.00.52:415][  0]LogConfig: Setting CVar [[gc.AllowParallelGC:1]]
[2020.03.20-21.00.52:415][  0]LogConfig: Setting CVar [[gc.TimeBetweenPurgingPendingKillObjects:61.1]]
[2020.03.20-21.00.52:415][  0]LogConfig: Setting CVar [[gc.MaxObjectsInEditor:25165824]]
[2020.03.20-21.00.52:415][  0]LogConfig: Setting CVar [[gc.IncrementalBeginDestroyEnabled:1]]
[2020.03.20-21.00.52:415][  0]LogConfig: Setting CVar [[gc.CreateGCClusters:1]]
[2020.03.20-21.00.52:415][  0]LogConfig: Setting CVar [[gc.MinGCClusterSize:5]]
[2020.03.20-21.00.52:415][  0]LogConfig: Setting CVar [[gc.ActorClusteringEnabled:0]]
[2020.03.20-21.00.52:415][  0]LogConfig: Setting CVar [[gc.BlueprintClusteringEnabled:0]]
[2020.03.20-21.00.52:415][  0]LogConfig: Setting CVar [[gc.UseDisregardForGCOnDedicatedServers:0]]
[2020.03.20-21.00.52:415][  0]LogConfig: Applying CVar settings from Section [/Script/Engine.NetworkSettings] File [D:/Git/GAMEJAMTIME/Saved/Config/Windows/Engine.ini]
[2020.03.20-21.00.52:416][  0]LogConfig: Applying CVar settings from Section [/Script/UnrealEd.CookerSettings] File [D:/Git/GAMEJAMTIME/Saved/Config/Windows/Engine.ini]
[2020.03.20-21.00.52:837][  0]LogConfig: Applying CVar settings from Section [ViewDistanceQuality@3] File [D:/Git/GAMEJAMTIME/Saved/Config/Windows/Scalability.ini]
[2020.03.20-21.00.52:837][  0]LogConfig: Setting CVar [[r.SkeletalMeshLODBias:0]]
[2020.03.20-21.00.52:837][  0]LogConfig: Setting CVar [[r.ViewDistanceScale:1.0]]
[2020.03.20-21.00.52:837][  0]LogConfig: Applying CVar settings from Section [AntiAliasingQuality@3] File [D:/Git/GAMEJAMTIME/Saved/Config/Windows/Scalability.ini]
[2020.03.20-21.00.52:837][  0]LogConfig: Setting CVar [[r.PostProcessAAQuality:4]]
[2020.03.20-21.00.52:837][  0]LogConfig: Applying CVar settings from Section [ShadowQuality@3] File [D:/Git/GAMEJAMTIME/Saved/Config/Windows/Scalability.ini]
[2020.03.20-21.00.52:837][  0]LogConfig: Setting CVar [[r.LightFunctionQuality:1]]
[2020.03.20-21.00.52:837][  0]LogConfig: Setting CVar [[r.ShadowQuality:5]]
[2020.03.20-21.00.52:837][  0]LogConfig: Setting CVar [[r.Shadow.CSM.MaxCascades:10]]
[2020.03.20-21.00.52:838][  0]LogConfig: Setting CVar [[r.Shadow.MaxResolution:2048]]
[2020.03.20-21.00.52:838][  0]LogConfig: Setting CVar [[r.Shadow.MaxCSMResolution:2048]]
[2020.03.20-21.00.52:838][  0]LogConfig: Setting CVar [[r.Shadow.RadiusThreshold:0.01]]
[2020.03.20-21.00.52:838][  0]LogConfig: Setting CVar [[r.Shadow.DistanceScale:1.0]]
[2020.03.20-21.00.52:838][  0]LogConfig: Setting CVar [[r.Shadow.CSM.TransitionScale:1.0]]
[2020.03.20-21.00.52:838][  0]LogConfig: Setting CVar [[r.Shadow.PreShadowResolutionFactor:1.0]]
[2020.03.20-21.00.52:838][  0]LogConfig: Setting CVar [[r.DistanceFieldShadowing:1]]
[2020.03.20-21.00.52:838][  0]LogConfig: Setting CVar [[r.DistanceFieldAO:1]]
[2020.03.20-21.00.52:838][  0]LogConfig: Setting CVar [[r.AOQuality:2]]
[2020.03.20-21.00.52:838][  0]LogConfig: Setting CVar [[r.VolumetricFog:1]]
[2020.03.20-21.00.52:838][  0]LogConfig: Setting CVar [[r.VolumetricFog.GridPixelSize:8]]
[2020.03.20-21.00.52:838][  0]LogConfig: Setting CVar [[r.VolumetricFog.GridSizeZ:128]]
[2020.03.20-21.00.52:838][  0]LogConfig: Setting CVar [[r.VolumetricFog.HistoryMissSupersampleCount:4]]
[2020.03.20-21.00.52:838][  0]LogConfig: Setting CVar [[r.LightMaxDrawDistanceScale:1]]
[2020.03.20-21.00.52:838][  0]LogConfig: Setting CVar [[r.CapsuleShadows:1]]
[2020.03.20-21.00.52:838][  0]LogConfig: Applying CVar settings from Section [PostProcessQuality@3] File [D:/Git/GAMEJAMTIME/Saved/Config/Windows/Scalability.ini]
[2020.03.20-21.00.52:838][  0]LogConfig: Setting CVar [[r.MotionBlurQuality:4]]
[2020.03.20-21.00.52:838][  0]LogConfig: Setting CVar [[r.AmbientOcclusionMipLevelFactor:0.4]]
[2020.03.20-21.00.52:838][  0]LogConfig: Setting CVar [[r.AmbientOcclusionMaxQuality:100]]
[2020.03.20-21.00.52:838][  0]LogConfig: Setting CVar [[r.AmbientOcclusionLevels:-1]]
[2020.03.20-21.00.52:838][  0]LogConfig: Setting CVar [[r.AmbientOcclusionRadiusScale:1.0]]
[2020.03.20-21.00.52:838][  0]LogConfig: Setting CVar [[r.DepthOfFieldQuality:2]]
[2020.03.20-21.00.52:838][  0]LogConfig: Setting CVar [[r.RenderTargetPoolMin:400]]
[2020.03.20-21.00.52:838][  0]LogConfig: Setting CVar [[r.LensFlareQuality:2]]
[2020.03.20-21.00.52:838][  0]LogConfig: Setting CVar [[r.SceneColorFringeQuality:1]]
[2020.03.20-21.00.52:838][  0]LogConfig: Setting CVar [[r.EyeAdaptationQuality:2]]
[2020.03.20-21.00.52:838][  0]LogConfig: Setting CVar [[r.BloomQuality:5]]
[2020.03.20-21.00.52:838][  0]LogConfig: Setting CVar [[r.FastBlurThreshold:100]]
[2020.03.20-21.00.52:838][  0]LogConfig: Setting CVar [[r.Upscale.Quality:3]]
[2020.03.20-21.00.52:838][  0]LogConfig: Setting CVar [[r.Tonemapper.GrainQuantization:1]]
[2020.03.20-21.00.52:838][  0]LogConfig: Setting CVar [[r.LightShaftQuality:1]]
[2020.03.20-21.00.52:838][  0]LogConfig: Setting CVar [[r.Filter.SizeScale:1]]
[2020.03.20-21.00.52:838][  0]LogConfig: Setting CVar [[r.Tonemapper.Quality:5]]
[2020.03.20-21.00.52:838][  0]LogConfig: Setting CVar [[r.DOF.Gather.AccumulatorQuality:1        ; higher gathering accumulator quality]]
[2020.03.20-21.00.52:838][  0]LogConfig: Setting CVar [[r.DOF.Gather.PostfilterMethod:1          ; Median3x3 postfilering method]]
[2020.03.20-21.00.52:838][  0]LogConfig: Setting CVar [[r.DOF.Gather.EnableBokehSettings:0       ; no bokeh simulation when gathering]]
[2020.03.20-21.00.52:838][  0]LogConfig: Setting CVar [[r.DOF.Gather.RingCount:4                 ; medium number of samples when gathering]]
[2020.03.20-21.00.52:838][  0]LogConfig: Setting CVar [[r.DOF.Scatter.ForegroundCompositing:1    ; additive foreground scattering]]
[2020.03.20-21.00.52:838][  0]LogConfig: Setting CVar [[r.DOF.Scatter.BackgroundCompositing:2    ; additive background scattering]]
[2020.03.20-21.00.52:838][  0]LogConfig: Setting CVar [[r.DOF.Scatter.EnableBokehSettings:1      ; bokeh simulation when scattering]]
[2020.03.20-21.00.52:838][  0]LogConfig: Setting CVar [[r.DOF.Scatter.MaxSpriteRatio:0.1         ; only a maximum of 10% of scattered bokeh]]
[2020.03.20-21.00.52:838][  0]LogConfig: Setting CVar [[r.DOF.Recombine.Quality:1                ; cheap slight out of focus]]
[2020.03.20-21.00.52:838][  0]LogConfig: Setting CVar [[r.DOF.Recombine.EnableBokehSettings:0    ; no bokeh simulation on slight out of focus]]
[2020.03.20-21.00.52:838][  0]LogConfig: Setting CVar [[r.DOF.TemporalAAQuality:1                ; more stable temporal accumulation]]
[2020.03.20-21.00.52:838][  0]LogConfig: Setting CVar [[r.DOF.Kernel.MaxForegroundRadius:0.025]]
[2020.03.20-21.00.52:838][  0]LogConfig: Setting CVar [[r.DOF.Kernel.MaxBackgroundRadius:0.025]]
[2020.03.20-21.00.52:838][  0]LogConfig: Applying CVar settings from Section [TextureQuality@3] File [D:/Git/GAMEJAMTIME/Saved/Config/Windows/Scalability.ini]
[2020.03.20-21.00.52:838][  0]LogConfig: Setting CVar [[r.Streaming.MipBias:0]]
[2020.03.20-21.00.52:838][  0]LogConfig: Setting CVar [[r.Streaming.AmortizeCPUToGPUCopy:0]]
[2020.03.20-21.00.52:838][  0]LogConfig: Setting CVar [[r.Streaming.MaxNumTexturesToStreamPerFrame:0]]
[2020.03.20-21.00.52:838][  0]LogConfig: Setting CVar [[r.Streaming.Boost:1]]
[2020.03.20-21.00.52:838][  0]LogConfig: Setting CVar [[r.MaxAnisotropy:8]]
[2020.03.20-21.00.52:838][  0]LogConfig: Setting CVar [[r.VT.MaxAnisotropy:8]]
[2020.03.20-21.00.52:838][  0]LogConfig: Setting CVar [[r.Streaming.LimitPoolSizeToVRAM:0]]
[2020.03.20-21.00.52:838][  0]LogConfig: Setting CVar [[r.Streaming.PoolSize:1000]]
[2020.03.20-21.00.52:838][  0]LogConfig: Setting CVar [[r.Streaming.MaxEffectiveScreenSize:0]]
[2020.03.20-21.00.52:838][  0]LogConfig: Applying CVar settings from Section [EffectsQuality@3] File [D:/Git/GAMEJAMTIME/Saved/Config/Windows/Scalability.ini]
[2020.03.20-21.00.52:838][  0]LogConfig: Setting CVar [[r.TranslucencyLightingVolumeDim:64]]
[2020.03.20-21.00.52:838][  0]LogConfig: Setting CVar [[r.RefractionQuality:2]]
[2020.03.20-21.00.52:838][  0]LogConfig: Setting CVar [[r.SSR.Quality:3]]
[2020.03.20-21.00.52:838][  0]LogConfig: Setting CVar [[r.SSR.HalfResSceneColor:0]]
[2020.03.20-21.00.52:838][  0]LogConfig: Setting CVar [[r.SceneColorFormat:4]]
[2020.03.20-21.00.52:838][  0]LogConfig: Setting CVar [[r.DetailMode:2]]
[2020.03.20-21.00.52:838][  0]LogConfig: Setting CVar [[r.TranslucencyVolumeBlur:1]]
[2020.03.20-21.00.52:838][  0]LogConfig: Setting CVar [[r.MaterialQualityLevel:1 ; High quality]]
[2020.03.20-21.00.52:838][  0]LogConfig: Setting CVar [[r.SSS.Scale:1]]
[2020.03.20-21.00.52:838][  0]LogConfig: Setting CVar [[r.SSS.SampleSet:2]]
[2020.03.20-21.00.52:838][  0]LogConfig: Setting CVar [[r.SSS.Quality:1]]
[2020.03.20-21.00.52:838][  0]LogConfig: Setting CVar [[r.SSS.HalfRes:1]]
[2020.03.20-21.00.52:839][  0]LogConfig: Setting CVar [[r.SSGI.Quality:3]]
[2020.03.20-21.00.52:839][  0]LogConfig: Setting CVar [[r.EmitterSpawnRateScale:1.0]]
[2020.03.20-21.00.52:839][  0]LogConfig: Setting CVar [[r.ParticleLightQuality:2]]
[2020.03.20-21.00.52:839][  0]LogConfig: Setting CVar [[r.SkyAtmosphere.AerialPerspectiveLUT.FastApplyOnOpaque:1 ; Always have FastSkyLUT 1 in this case to avoid wrong sky]]
[2020.03.20-21.00.52:839][  0]LogConfig: Setting CVar [[r.SkyAtmosphere.AerialPerspectiveLUT.SampleCountPerSlice:1]]
[2020.03.20-21.00.52:839][  0]LogConfig: Setting CVar [[r.SkyAtmosphere.AerialPerspectiveLUT.DepthResolution:16.0]]
[2020.03.20-21.00.52:839][  0]LogConfig: Setting CVar [[r.SkyAtmosphere.FastSkyLUT:1]]
[2020.03.20-21.00.52:839][  0]LogConfig: Setting CVar [[r.SkyAtmosphere.FastSkyLUT.SampleCountMin:4.0]]
[2020.03.20-21.00.52:839][  0]LogConfig: Setting CVar [[r.SkyAtmosphere.FastSkyLUT.SampleCountMax:32.0]]
[2020.03.20-21.00.52:839][  0]LogConfig: Setting CVar [[r.SkyAtmosphere.SampleCountMin:4.0]]
[2020.03.20-21.00.52:839][  0]LogConfig: Setting CVar [[r.SkyAtmosphere.SampleCountMax:32.0]]
[2020.03.20-21.00.52:839][  0]LogConfig: Setting CVar [[r.SkyAtmosphere.TransmittanceLUT.UseSmallFormat:0]]
[2020.03.20-21.00.52:839][  0]LogConfig: Setting CVar [[r.SkyAtmosphere.TransmittanceLUT.SampleCount:10.0]]
[2020.03.20-21.00.52:839][  0]LogConfig: Setting CVar [[r.SkyAtmosphere.MultiScatteringLUT.SampleCount:15.0]]
[2020.03.20-21.00.52:839][  0]LogConfig: Applying CVar settings from Section [FoliageQuality@3] File [D:/Git/GAMEJAMTIME/Saved/Config/Windows/Scalability.ini]
[2020.03.20-21.00.52:839][  0]LogConfig: Setting CVar [[foliage.DensityScale:1.0]]
[2020.03.20-21.00.52:839][  0]LogConfig: Setting CVar [[grass.DensityScale:1.0]]
[2020.03.20-21.00.52:839][  0]LogConfig: Applying CVar settings from Section [ShadingQuality@3] File [D:/Git/GAMEJAMTIME/Saved/Config/Windows/Scalability.ini]
[2020.03.20-21.00.52:839][  0]LogConfig: Setting CVar [[r.HairStrands.SkyLighting.SampleCount:16]]
[2020.03.20-21.00.52:839][  0]LogConfig: Setting CVar [[r.HairStrands.SkyLighting.JitterIntegration:0]]
[2020.03.20-21.00.52:839][  0]LogConfig: Setting CVar [[r.HairStrands.SkyAO.SampleCount:16]]
[2020.03.20-21.00.52:862][  0]LogInit: Selected Device Profile: [Windows]
[2020.03.20-21.00.53:007][  0]LogInit: Applying CVar settings loaded from the selected device profile: [Windows]
[2020.03.20-21.00.53:127][  0]LogHAL: Display: Platform has ~ 16 GB [17119141888 / 17179869184 / 16], which maps to Larger [LargestMinGB=32, LargerMinGB=12, DefaultMinGB=8, SmallerMinGB=6, SmallestMinGB=0)
[2020.03.20-21.00.53:127][  0]LogInit: Going up to parent DeviceProfile []
[2020.03.20-21.00.53:253][  0]LogConfig: Applying CVar settings from Section [ViewDistanceQuality@Cine] File [D:/Git/GAMEJAMTIME/Saved/Config/Windows/Scalability.ini]
[2020.03.20-21.00.53:253][  0]LogConfig: Setting CVar [[r.SkeletalMeshLODBias:0]]
[2020.03.20-21.00.53:253][  0]LogConfig: Setting CVar [[r.ViewDistanceScale:10.0]]
[2020.03.20-21.00.53:253][  0]LogConfig: Applying CVar settings from Section [AntiAliasingQuality@Cine] File [D:/Git/GAMEJAMTIME/Saved/Config/Windows/Scalability.ini]
[2020.03.20-21.00.53:253][  0]LogConfig: Setting CVar [[r.PostProcessAAQuality:6]]
[2020.03.20-21.00.53:253][  0]LogConfig: Applying CVar settings from Section [ShadowQuality@Cine] File [D:/Git/GAMEJAMTIME/Saved/Config/Windows/Scalability.ini]
[2020.03.20-21.00.53:253][  0]LogConfig: Setting CVar [[r.LightFunctionQuality:1]]
[2020.03.20-21.00.53:253][  0]LogConfig: Setting CVar [[r.ShadowQuality:5]]
[2020.03.20-21.00.53:253][  0]LogConfig: Setting CVar [[r.Shadow.CSM.MaxCascades:10]]
[2020.03.20-21.00.53:254][  0]LogConfig: Setting CVar [[r.Shadow.MaxResolution:4096]]
[2020.03.20-21.00.53:254][  0]LogConfig: Setting CVar [[r.Shadow.MaxCSMResolution:4096]]
[2020.03.20-21.00.53:254][  0]LogConfig: Setting CVar [[r.Shadow.RadiusThreshold:0]]
[2020.03.20-21.00.53:254][  0]LogConfig: Setting CVar [[r.Shadow.DistanceScale:1.0]]
[2020.03.20-21.00.53:254][  0]LogConfig: Setting CVar [[r.Shadow.CSM.TransitionScale:1.0]]
[2020.03.20-21.00.53:254][  0]LogConfig: Setting CVar [[r.Shadow.PreShadowResolutionFactor:1.0]]
[2020.03.20-21.00.53:254][  0]LogConfig: Setting CVar [[r.DistanceFieldShadowing:1]]
[2020.03.20-21.00.53:254][  0]LogConfig: Setting CVar [[r.DistanceFieldAO:1]]
[2020.03.20-21.00.53:254][  0]LogConfig: Setting CVar [[r.AOQuality:2]]
[2020.03.20-21.00.53:254][  0]LogConfig: Setting CVar [[r.VolumetricFog:1]]
[2020.03.20-21.00.53:254][  0]LogConfig: Setting CVar [[r.VolumetricFog.GridPixelSize:4]]
[2020.03.20-21.00.53:254][  0]LogConfig: Setting CVar [[r.VolumetricFog.GridSizeZ:128]]
[2020.03.20-21.00.53:254][  0]LogConfig: Setting CVar [[r.VolumetricFog.HistoryMissSupersampleCount:16]]
[2020.03.20-21.00.53:254][  0]LogConfig: Setting CVar [[r.LightMaxDrawDistanceScale:1]]
[2020.03.20-21.00.53:254][  0]LogConfig: Setting CVar [[r.CapsuleShadows:1]]
[2020.03.20-21.00.53:254][  0]LogConfig: Applying CVar settings from Section [PostProcessQuality@Cine] File [D:/Git/GAMEJAMTIME/Saved/Config/Windows/Scalability.ini]
[2020.03.20-21.00.53:254][  0]LogConfig: Setting CVar [[r.MotionBlurQuality:4]]
[2020.03.20-21.00.53:254][  0]LogConfig: Setting CVar [[r.AmbientOcclusionMipLevelFactor:0.4]]
[2020.03.20-21.00.53:254][  0]LogConfig: Setting CVar [[r.AmbientOcclusionMaxQuality:100]]
[2020.03.20-21.00.53:254][  0]LogConfig: Setting CVar [[r.AmbientOcclusionLevels:-1]]
[2020.03.20-21.00.53:254][  0]LogConfig: Setting CVar [[r.AmbientOcclusionRadiusScale:1.0]]
[2020.03.20-21.00.53:254][  0]LogConfig: Setting CVar [[r.DepthOfFieldQuality:4]]
[2020.03.20-21.00.53:254][  0]LogConfig: Setting CVar [[r.RenderTargetPoolMin:1000]]
[2020.03.20-21.00.53:254][  0]LogConfig: Setting CVar [[r.LensFlareQuality:3]]
[2020.03.20-21.00.53:254][  0]LogConfig: Setting CVar [[r.SceneColorFringeQuality:1]]
[2020.03.20-21.00.53:254][  0]LogConfig: Setting CVar [[r.EyeAdaptationQuality:2]]
[2020.03.20-21.00.53:254][  0]LogConfig: Setting CVar [[r.BloomQuality:5]]
[2020.03.20-21.00.53:254][  0]LogConfig: Setting CVar [[r.FastBlurThreshold:100]]
[2020.03.20-21.00.53:254][  0]LogConfig: Setting CVar [[r.Upscale.Quality:3]]
[2020.03.20-21.00.53:254][  0]LogConfig: Setting CVar [[r.Tonemapper.GrainQuantization:1]]
[2020.03.20-21.00.53:254][  0]LogConfig: Setting CVar [[r.LightShaftQuality:1]]
[2020.03.20-21.00.53:254][  0]LogConfig: Setting CVar [[r.Filter.SizeScale:1]]
[2020.03.20-21.00.53:254][  0]LogConfig: Setting CVar [[r.Tonemapper.Quality:5]]
[2020.03.20-21.00.53:254][  0]LogConfig: Setting CVar [[r.DOF.Gather.AccumulatorQuality:1        ; higher gathering accumulator quality]]
[2020.03.20-21.00.53:254][  0]LogConfig: Setting CVar [[r.DOF.Gather.PostfilterMethod:1          ; Median3x3 postfilering method]]
[2020.03.20-21.00.53:254][  0]LogConfig: Setting CVar [[r.DOF.Gather.EnableBokehSettings:1       ; bokeh simulation when gathering]]
[2020.03.20-21.00.53:254][  0]LogConfig: Setting CVar [[r.DOF.Gather.RingCount:5                 ; high number of samples when gathering]]
[2020.03.20-21.00.53:254][  0]LogConfig: Setting CVar [[r.DOF.Scatter.ForegroundCompositing:1    ; additive foreground scattering]]
[2020.03.20-21.00.53:254][  0]LogConfig: Setting CVar [[r.DOF.Scatter.BackgroundCompositing:2    ; background scattering occlusion]]
[2020.03.20-21.00.53:254][  0]LogConfig: Setting CVar [[r.DOF.Scatter.EnableBokehSettings:1      ; no bokeh simulation when scattering]]
[2020.03.20-21.00.53:254][  0]LogConfig: Setting CVar [[r.DOF.Scatter.MaxSpriteRatio:0.25        ; only a maximum of 10% of scattered bokeh]]
[2020.03.20-21.00.53:254][  0]LogConfig: Setting CVar [[r.DOF.Recombine.Quality:2                ; highest slight out of focus]]
[2020.03.20-21.00.53:254][  0]LogConfig: Setting CVar [[r.DOF.Recombine.EnableBokehSettings:1    ; bokeh simulation on slight out of focus]]
[2020.03.20-21.00.53:254][  0]LogConfig: Setting CVar [[r.DOF.TemporalAAQuality:1                ; more stable temporal accumulation]]
[2020.03.20-21.00.53:254][  0]LogConfig: Setting CVar [[r.DOF.Kernel.MaxForegroundRadius:0.025]]
[2020.03.20-21.00.53:254][  0]LogConfig: Setting CVar [[r.DOF.Kernel.MaxBackgroundRadius:0.025]]
[2020.03.20-21.00.53:254][  0]LogConfig: Applying CVar settings from Section [TextureQuality@Cine] File [D:/Git/GAMEJAMTIME/Saved/Config/Windows/Scalability.ini]
[2020.03.20-21.00.53:254][  0]LogConfig: Setting CVar [[r.Streaming.MipBias:0]]
[2020.03.20-21.00.53:254][  0]LogConfig: Setting CVar [[r.Streaming.AmortizeCPUToGPUCopy:0]]
[2020.03.20-21.00.53:254][  0]LogConfig: Setting CVar [[r.Streaming.MaxNumTexturesToStreamPerFrame:0]]
[2020.03.20-21.00.53:254][  0]LogConfig: Setting CVar [[r.Streaming.Boost:1]]
[2020.03.20-21.00.53:254][  0]LogConfig: Setting CVar [[r.MaxAnisotropy:8]]
[2020.03.20-21.00.53:254][  0]LogConfig: Setting CVar [[r.VT.MaxAnisotropy:8]]
[2020.03.20-21.00.53:254][  0]LogConfig: Setting CVar [[r.Streaming.LimitPoolSizeToVRAM:0]]
[2020.03.20-21.00.53:254][  0]LogConfig: Setting CVar [[r.Streaming.PoolSize:3000]]
[2020.03.20-21.00.53:254][  0]LogConfig: Setting CVar [[r.Streaming.MaxEffectiveScreenSize:0]]
[2020.03.20-21.00.53:254][  0]LogConfig: Applying CVar settings from Section [EffectsQuality@Cine] File [D:/Git/GAMEJAMTIME/Saved/Config/Windows/Scalability.ini]
[2020.03.20-21.00.53:254][  0]LogConfig: Setting CVar [[r.TranslucencyLightingVolumeDim:64]]
[2020.03.20-21.00.53:254][  0]LogConfig: Setting CVar [[r.RefractionQuality:2]]
[2020.03.20-21.00.53:254][  0]LogConfig: Setting CVar [[r.SSR.Quality:4]]
[2020.03.20-21.00.53:254][  0]LogConfig: Setting CVar [[r.SSR.HalfResSceneColor:0]]
[2020.03.20-21.00.53:254][  0]LogConfig: Setting CVar [[r.SceneColorFormat:4]]
[2020.03.20-21.00.53:254][  0]LogConfig: Setting CVar [[r.DetailMode:2]]
[2020.03.20-21.00.53:254][  0]LogConfig: Setting CVar [[r.TranslucencyVolumeBlur:1]]
[2020.03.20-21.00.53:254][  0]LogConfig: Setting CVar [[r.MaterialQualityLevel:1 ; High quality]]
[2020.03.20-21.00.53:254][  0]LogConfig: Setting CVar [[r.SSS.Scale:1]]
[2020.03.20-21.00.53:254][  0]LogConfig: Setting CVar [[r.SSS.SampleSet:2]]
[2020.03.20-21.00.53:254][  0]LogConfig: Setting CVar [[r.SSS.Quality:1]]
[2020.03.20-21.00.53:254][  0]LogConfig: Setting CVar [[r.SSS.HalfRes:0]]
[2020.03.20-21.00.53:254][  0]LogConfig: Setting CVar [[r.SSGI.Quality:4]]
[2020.03.20-21.00.53:255][  0]LogConfig: Setting CVar [[r.EmitterSpawnRateScale:1.0]]
[2020.03.20-21.00.53:255][  0]LogConfig: Setting CVar [[r.ParticleLightQuality:2]]
[2020.03.20-21.00.53:255][  0]LogConfig: Setting CVar [[r.SkyAtmosphere.AerialPerspectiveLUT.FastApplyOnOpaque:0]]
[2020.03.20-21.00.53:255][  0]LogConfig: Setting CVar [[r.SkyAtmosphere.AerialPerspectiveLUT.SampleCountPerSlice:2]]
[2020.03.20-21.00.53:255][  0]LogConfig: Setting CVar [[r.SkyAtmosphere.AerialPerspectiveLUT.DepthResolution:32.0]]
[2020.03.20-21.00.53:255][  0]LogConfig: Setting CVar [[r.SkyAtmosphere.FastSkyLUT:0]]
[2020.03.20-21.00.53:255][  0]LogConfig: Setting CVar [[r.SkyAtmosphere.FastSkyLUT.SampleCountMin:4.0]]
[2020.03.20-21.00.53:255][  0]LogConfig: Setting CVar [[r.SkyAtmosphere.FastSkyLUT.SampleCountMax:32.0]]
[2020.03.20-21.00.53:255][  0]LogConfig: Setting CVar [[r.SkyAtmosphere.SampleCountMin:8.0]]
[2020.03.20-21.00.53:255][  0]LogConfig: Setting CVar [[r.SkyAtmosphere.SampleCountMax:32.0]]
[2020.03.20-21.00.53:255][  0]LogConfig: Setting CVar [[r.SkyAtmosphere.TransmittanceLUT.UseSmallFormat:0]]
[2020.03.20-21.00.53:255][  0]LogConfig: Setting CVar [[r.SkyAtmosphere.TransmittanceLUT.SampleCount:30.0]]
[2020.03.20-21.00.53:255][  0]LogConfig: Setting CVar [[r.SkyAtmosphere.MultiScatteringLUT.SampleCount:20.0]]
[2020.03.20-21.00.53:255][  0]LogConfig: Applying CVar settings from Section [FoliageQuality@Cine] File [D:/Git/GAMEJAMTIME/Saved/Config/Windows/Scalability.ini]
[2020.03.20-21.00.53:255][  0]LogConfig: Setting CVar [[foliage.DensityScale:1.0]]
[2020.03.20-21.00.53:255][  0]LogConfig: Setting CVar [[grass.DensityScale:1.0]]
[2020.03.20-21.00.53:255][  0]LogConfig: Applying CVar settings from Section [ShadingQuality@3] File [D:/Git/GAMEJAMTIME/Saved/Config/Windows/Scalability.ini]
[2020.03.20-21.00.53:255][  0]LogConfig: Setting CVar [[r.HairStrands.SkyLighting.SampleCount:16]]
[2020.03.20-21.00.53:255][  0]LogConfig: Setting CVar [[r.HairStrands.SkyLighting.JitterIntegration:0]]
[2020.03.20-21.00.53:255][  0]LogConfig: Setting CVar [[r.HairStrands.SkyAO.SampleCount:16]]
[2020.03.20-21.00.53:255][  0]LogConfig: Applying CVar settings from Section [Startup] File [../../../Engine/Config/ConsoleVariables.ini]
[2020.03.20-21.00.53:288][  0]LogConfig: Setting CVar [[net.UseAdaptiveNetUpdateFrequency:0]]
[2020.03.20-21.00.53:289][  0]LogConfig: Setting CVar [[p.chaos.AllowCreatePhysxBodies:1]]
[2020.03.20-21.00.53:289][  0]LogConfig: Setting CVar [[fx.SkipVectorVMBackendOptimizations:1]]
[2020.03.20-21.00.53:289][  0]LogConfig: Applying CVar settings from Section [ConsoleVariables] File [D:/Git/GAMEJAMTIME/Saved/Config/Windows/Engine.ini]
[2020.03.20-21.00.53:370][  0]LogInit: Computer: BIRDNEST
[2020.03.20-21.00.53:370][  0]LogInit: User: gones
[2020.03.20-21.00.53:370][  0]LogInit: CPU Page size=4096, Cores=4
[2020.03.20-21.00.53:370][  0]LogInit: High frequency timer resolution =10.000000 MHz
[2020.03.20-21.00.53:370][  0]LogMemory: Memory total: Physical=15.9GB (16GB approx)
[2020.03.20-21.00.53:377][  0]LogMemory: Platform Memory Stats for Windows
[2020.03.20-21.00.53:378][  0]LogMemory: Process Physical Memory: 104.31 MB used, 104.31 MB peak
[2020.03.20-21.00.53:378][  0]LogMemory: Process Virtual Memory: 99.89 MB used, 99.89 MB peak
[2020.03.20-21.00.53:378][  0]LogMemory: Physical Memory: 9387.44 MB used,  6938.65 MB free, 16326.09 MB total
[2020.03.20-21.00.53:378][  0]LogMemory: Virtual Memory: 5118.99 MB used,  134212608.00 MB free, 134217728.00 MB total
[2020.03.20-21.00.53:385][  0]LogWindows: WindowsPlatformFeatures enabled
[2020.03.20-21.00.56:073][  0]LogInit: Using OS detected language (en-GB).
[2020.03.20-21.00.56:073][  0]LogInit: Using OS detected locale (en-GB).
[2020.03.20-21.00.56:494][  0]LogTextLocalizationManager: No specific localization for 'en-GB' exists, so the 'en' localization will be used.
[2020.03.20-21.01.03:142][  0]LogInit: Setting process to per monitor DPI aware
[2020.03.20-21.01.05:900][  0]LogSlate: New Slate User Created.  User Index 0, Is Virtual User: 0
[2020.03.20-21.01.05:900][  0]LogSlate: Slate User Registered.  User Index 0, Is Virtual User: 0
[2020.03.20-21.01.13:330][  0]LogD3D11RHI: D3D11 min allowed feature level: 11_0
[2020.03.20-21.01.13:330][  0]LogD3D11RHI: D3D11 max allowed feature level: 11_0
[2020.03.20-21.01.13:330][  0]LogD3D11RHI: D3D11 adapters:
[2020.03.20-21.01.13:406][  0]LogD3D11RHI:    0. 'NVIDIA GeForce GTX 1070' (Feature Level 11_0)
[2020.03.20-21.01.13:406][  0]LogD3D11RHI:       8088/0/8163 MB DedicatedVideo/DedicatedSystem/SharedSystem, Outputs:1, VendorId:0x10de
[2020.03.20-21.01.13:409][  0]LogD3D11RHI:    1. 'Microsoft Basic Render Driver' (Feature Level 11_0)
[2020.03.20-21.01.13:409][  0]LogD3D11RHI:       0/0/8163 MB DedicatedVideo/DedicatedSystem/SharedSystem, Outputs:0, VendorId:0x1414
[2020.03.20-21.01.13:409][  0]LogD3D11RHI: Chosen D3D11 Adapter: 0
[2020.03.20-21.01.13:469][  0]LogD3D11RHI: Creating new Direct3DDevice
[2020.03.20-21.01.13:470][  0]LogD3D11RHI:     GPU DeviceId: 0x1b81 (for the marketing name, search the web for "GPU Device Id")
[2020.03.20-21.01.13:470][  0]LogWindows: EnumDisplayDevices:
[2020.03.20-21.01.13:470][  0]LogWindows:    0. 'NVIDIA GeForce GTX 1070' (P:1 D:1)
[2020.03.20-21.01.13:470][  0]LogWindows:    1. 'NVIDIA GeForce GTX 1070' (P:0 D:0)
[2020.03.20-21.01.13:470][  0]LogWindows:    2. 'NVIDIA GeForce GTX 1070' (P:0 D:0)
[2020.03.20-21.01.13:471][  0]LogWindows:    3. 'NVIDIA GeForce GTX 1070' (P:0 D:0)
[2020.03.20-21.01.13:471][  0]LogWindows: DebugString: FoundDriverCount:4 
[2020.03.20-21.01.13:471][  0]LogD3D11RHI:     Adapter Name: NVIDIA GeForce GTX 1070
[2020.03.20-21.01.13:471][  0]LogD3D11RHI:   Driver Version: 441.87 (internal:26.21.14.4187, unified:441.87)
[2020.03.20-21.01.13:471][  0]LogD3D11RHI:      Driver Date: 12-24-2019
[2020.03.20-21.01.13:471][  0]LogRHI: Texture pool is 5661 MB (70% of 8088 MB)
[2020.03.20-21.01.13:522][  0]LogD3D11RHI: RHI has support for 64 bit atomics
[2020.03.20-21.01.13:523][  0]LogD3D11RHI: Async texture creation enabled
[2020.03.20-21.01.15:123][  0]LogD3D11RHI: GPU Timing Frequency: 1000.000000 (Debug: 2 1)
[2020.03.20-21.01.17:598][  0]LogTargetPlatformManager: Display: Loaded TargetPlatform 'AllDesktop'
[2020.03.20-21.01.17:879][  0]LogTargetPlatformManager: Display: Loaded TargetPlatform 'Android'
[2020.03.20-21.01.17:879][  0]LogTargetPlatformManager: Display: Loaded TargetPlatform 'Android_ASTC'
[2020.03.20-21.01.17:879][  0]LogTargetPlatformManager: Display: Loaded TargetPlatform 'Android_ATC'
[2020.03.20-21.01.17:879][  0]LogTargetPlatformManager: Display: Loaded TargetPlatform 'Android_DXT'
[2020.03.20-21.01.17:879][  0]LogTargetPlatformManager: Display: Loaded TargetPlatform 'Android_ETC1'
[2020.03.20-21.01.17:879][  0]LogTargetPlatformManager: Display: Loaded TargetPlatform 'Android_ETC1a'
[2020.03.20-21.01.17:879][  0]LogTargetPlatformManager: Display: Loaded TargetPlatform 'Android_ETC2'
[2020.03.20-21.01.17:879][  0]LogTargetPlatformManager: Display: Loaded TargetPlatform 'Android_PVRTC'
[2020.03.20-21.01.17:879][  0]LogTargetPlatformManager: Display: Loaded TargetPlatform 'AndroidClient'
[2020.03.20-21.01.17:879][  0]LogTargetPlatformManager: Display: Loaded TargetPlatform 'Android_ASTCClient'
[2020.03.20-21.01.17:879][  0]LogTargetPlatformManager: Display: Loaded TargetPlatform 'Android_ATCClient'
[2020.03.20-21.01.17:879][  0]LogTargetPlatformManager: Display: Loaded TargetPlatform 'Android_DXTClient'
[2020.03.20-21.01.17:879][  0]LogTargetPlatformManager: Display: Loaded TargetPlatform 'Android_ETC1Client'
[2020.03.20-21.01.17:879][  0]LogTargetPlatformManager: Display: Loaded TargetPlatform 'Android_ETC1aClient'
[2020.03.20-21.01.17:879][  0]LogTargetPlatformManager: Display: Loaded TargetPlatform 'Android_ETC2Client'
[2020.03.20-21.01.17:879][  0]LogTargetPlatformManager: Display: Loaded TargetPlatform 'Android_PVRTCClient'
[2020.03.20-21.01.17:879][  0]LogTargetPlatformManager: Display: Loaded TargetPlatform 'Android_Multi'
[2020.03.20-21.01.17:879][  0]LogTargetPlatformManager: Display: Loaded TargetPlatform 'Android_MultiClient'
[2020.03.20-21.01.18:301][  0]LogTargetPlatformManager: Display: Loaded TargetPlatform 'IOSClient'
[2020.03.20-21.01.18:301][  0]LogTargetPlatformManager: Display: Loaded TargetPlatform 'IOS'
[2020.03.20-21.01.18:384][  0]LogTargetPlatformManager: Display: Loaded TargetPlatform 'LinuxNoEditor'
[2020.03.20-21.01.18:437][  0]LogTargetPlatformManager: Display: Loaded TargetPlatform 'LinuxClient'
[2020.03.20-21.01.18:478][  0]LogTargetPlatformManager: Display: Loaded TargetPlatform 'LinuxServer'
[2020.03.20-21.01.18:617][  0]LogTargetPlatformManager: Display: Loaded TargetPlatform 'LinuxAArch64NoEditor'
[2020.03.20-21.01.18:657][  0]LogTargetPlatformManager: Display: Loaded TargetPlatform 'LinuxAArch64Client'
[2020.03.20-21.01.18:685][  0]LogTargetPlatformManager: Display: Loaded TargetPlatform 'LinuxAArch64Server'
[2020.03.20-21.01.18:769][  0]LogTargetPlatformManager: Display: Loaded TargetPlatform 'Lumin'
[2020.03.20-21.01.18:769][  0]LogTargetPlatformManager: Display: Loaded TargetPlatform 'LuminClient'
[2020.03.20-21.01.18:810][  0]LogTargetPlatformManager: Display: Loaded TargetPlatform 'TVOSClient'
[2020.03.20-21.01.18:810][  0]LogTargetPlatformManager: Display: Loaded TargetPlatform 'TVOS'
[2020.03.20-21.01.18:980][  0]LogTargetPlatformManager: Display: Loaded TargetPlatform 'WindowsNoEditor'
[2020.03.20-21.01.19:090][  0]LogTargetPlatformManager: Display: Loaded TargetPlatform 'Windows'
[2020.03.20-21.01.19:242][  0]LogTargetPlatformManager: Display: Loaded TargetPlatform 'WindowsClient'
[2020.03.20-21.01.19:279][  0]LogTargetPlatformManager: Display: Loaded TargetPlatform 'WindowsServer'
[2020.03.20-21.01.19:279][  0]LogTargetPlatformManager: Display: Building Assets For Windows
[2020.03.20-21.01.19:836][  0]LogAudioDebug: Display: Lib vorbis DLL was dynamically loaded.
[2020.03.20-21.01.22:314][  0]LogShaderCompilers: Guid format shader working directory is 12 characters bigger than the processId version (../../../../../../Git/GAMEJAMTIME/Intermediate/Shaders/WorkingDirectory/31848/).
[2020.03.20-21.01.22:314][  0]LogShaderCompilers: Cleaned the shader compiler working directory 'C:/Users/gones/AppData/Local/Temp/UnrealShaderWorkingDir/9A3DE2F94B31C7FF0C13329450D86089/'.
[2020.03.20-21.01.22:517][  0]LogXGEController: Cannot use XGE Controller as Incredibuild is not installed on this machine.
[2020.03.20-21.01.22:518][  0]LogShaderCompilers: Cannot use XGE Shader Compiler as Incredibuild is not installed on this machine.
[2020.03.20-21.01.22:518][  0]LogShaderCompilers: Display: Using Local Shader Compiler.
[2020.03.20-21.01.38:170][  0]LogDerivedDataCache: Display: Max Cache Size: 512 MB
[2020.03.20-21.01.38:416][  0]LogDerivedDataCache: Loaded boot cache 0.25s 80MB C:/Users/gones/AppData/Local/UnrealEngine/4.24/DerivedDataCache/Boot.ddc.
[2020.03.20-21.01.38:416][  0]LogDerivedDataCache: Display: Loaded Boot cache: C:/Users/gones/AppData/Local/UnrealEngine/4.24/DerivedDataCache/Boot.ddc
[2020.03.20-21.01.38:417][  0]LogDerivedDataCache: FDerivedDataBackendGraph:  Pak pak cache file ../../../../../../Git/GAMEJAMTIME/DerivedDataCache/DDC.ddp not found, will not use a pak cache.
[2020.03.20-21.01.38:417][  0]LogDerivedDataCache: Unable to find inner node Pak for hierarchical cache Hierarchy.
[2020.03.20-21.01.38:417][  0]LogDerivedDataCache: FDerivedDataBackendGraph:  CompressedPak pak cache file ../../../../../../Git/GAMEJAMTIME/DerivedDataCache/Compressed.ddp not found, will not use a pak cache.
[2020.03.20-21.01.38:417][  0]LogDerivedDataCache: Unable to find inner node CompressedPak for hierarchical cache Hierarchy.
[2020.03.20-21.01.38:644][  0]LogDerivedDataCache: Display: Pak cache opened for reading ../../../Engine/DerivedDataCache/Compressed.ddp.
[2020.03.20-21.01.38:644][  0]LogDerivedDataCache: FDerivedDataBackendGraph:  EnterprisePak pak cache file ../../../Enterprise/DerivedDataCache/Compressed.ddp not found, will not use a pak cache.
[2020.03.20-21.01.38:644][  0]LogDerivedDataCache: Unable to find inner node EnterprisePak for hierarchical cache Hierarchy.
[2020.03.20-21.01.38:646][  0]LogDerivedDataCache: Using Local data cache path C:/Users/gones/AppData/Local/UnrealEngine/Common/DerivedDataCache: Writable
[2020.03.20-21.01.38:646][  0]LogDerivedDataCache: Shared data cache path not found in *engine.ini, will not use an Shared cache.
[2020.03.20-21.01.38:646][  0]LogDerivedDataCache: Unable to find inner node Shared for hierarchical cache Hierarchy.
[2020.03.20-21.01.39:070][  0]LogMaterial: Verifying Global Shaders for PCD3D_SM5
[2020.03.20-21.01.39:529][  0]LogSlate: Using FreeType 2.10.0
[2020.03.20-21.01.39:978][  0]LogSlate: SlateFontServices - WITH_FREETYPE: 1, WITH_HARFBUZZ: 1
[2020.03.20-21.01.43:283][  0]LogAssetRegistry: FAssetRegistry took 0.0868 seconds to start up
[2020.03.20-21.02.09:596][  0]LogInit: Selected Device Profile: [Windows]
[2020.03.20-21.02.15:901][  0]LogMeshReduction: Using QuadricMeshReduction for automatic static mesh reduction
[2020.03.20-21.02.15:901][  0]LogMeshReduction: Using SimplygonMeshReduction for automatic skeletal mesh reduction
[2020.03.20-21.02.15:901][  0]LogMeshReduction: Using ProxyLODMeshReduction for automatic mesh merging
[2020.03.20-21.02.15:901][  0]LogMeshReduction: No distributed automatic mesh merging module available
[2020.03.20-21.02.15:901][  0]LogMeshMerging: No distributed automatic mesh merging module available
[2020.03.20-21.02.18:220][  0]LogNetVersion: GAMEJAMTIME 1.0.0, NetCL: 10570792, EngineNetVer: 13, GameNetVer: 0 (Checksum: 821833076)
[2020.03.20-21.02.51:617][  0]LogPackageLocalizationCache: Processed 9 localized package path(s) for 1 prioritized culture(s) in 0.139142 seconds
[2020.03.20-21.02.51:652][  0]LogUObjectArray: 46123 objects as part of root set at end of initial load.
[2020.03.20-21.02.51:652][  0]LogUObjectAllocator: 8035544 out of 0 bytes used by permanent object pool.
[2020.03.20-21.02.51:652][  0]LogUObjectArray: CloseDisregardForGC: 0/0 objects in disregard for GC pool
[2020.03.20-21.02.58:817][  0]LogTcpMessaging: Initializing TcpMessaging bridge
[2020.03.20-21.02.58:947][  0]LogUdpMessaging: Initializing bridge on interface 0.0.0.0:0 to multicast group 230.0.0.1:6666.
[2020.03.20-21.02.59:940][  0]SourceControl: Source control is disabled
[2020.03.20-21.03.02:636][  0]LogAndroidPermission: UAndroidPermissionCallbackProxy::GetInstance
[2020.03.20-21.03.02:967][  0]LogAudioCaptureCore: Display: No Audio Capture implementations found. Audio input will be silent.
[2020.03.20-21.03.02:967][  0]LogAudioCaptureCore: Display: No Audio Capture implementations found. Audio input will be silent.
[2020.03.20-21.03.05:269][  0]LogEngine: Initializing Engine...
[2020.03.20-21.03.05:442][  0]LogStats: UGameplayTagsManager::InitializeManager -  0.009 s
[2020.03.20-21.03.06:662][  0]LogInit: Initializing FReadOnlyCVARCache
[2020.03.20-21.03.07:443][  0]LogAIModule: Creating AISystem for world Untitled
[2020.03.20-21.03.07:781][  0]LogAudioMixer: Display: Audio Mixer Platform Settings:
[2020.03.20-21.03.07:781][  0]LogAudioMixer: Display: 	Sample Rate:						  48000
[2020.03.20-21.03.07:781][  0]LogAudioMixer: Display: 	Callback Buffer Frame Size Requested: 1024
[2020.03.20-21.03.07:781][  0]LogAudioMixer: Display: 	Callback Buffer Frame Size To Use:	  1024
[2020.03.20-21.03.07:781][  0]LogAudioMixer: Display: 	Number of buffers to queue:			  2
[2020.03.20-21.03.07:781][  0]LogAudioMixer: Display: 	Max Channels (voices):				  32
[2020.03.20-21.03.07:781][  0]LogAudioMixer: Display: 	Number of Async Source Workers:		  0
[2020.03.20-21.03.07:781][  0]LogAudio: Display: AudioDevice MaxSources: 32
[2020.03.20-21.03.07:788][  0]LogAudio: Display: Using built-in audio occlusion.
[2020.03.20-21.03.07:788][  0]LogAudioMixer: Display: Initializing audio mixer.
[2020.03.20-21.03.07:871][  0]LogAudioMixer: Display: Audio Device Output Speaker Info:
[2020.03.20-21.03.07:871][  0]LogAudioMixer: Display: Name: Høyttalere (Realtek High Definition Audio)
[2020.03.20-21.03.07:871][  0]LogAudioMixer: Display: Is Default: Yes
[2020.03.20-21.03.07:871][  0]LogAudioMixer: Display: Sample Rate: 48000
[2020.03.20-21.03.07:871][  0]LogAudioMixer: Display: Channel Count Used: 2
[2020.03.20-21.03.07:871][  0]LogAudioMixer: Display: Device Channel Count: 2
[2020.03.20-21.03.07:871][  0]LogAudioMixer: Display: Channel Order:
[2020.03.20-21.03.07:872][  0]LogAudioMixer: Display: 0: FrontLeft
[2020.03.20-21.03.07:872][  0]LogAudioMixer: Display: 1: FrontRight
[2020.03.20-21.03.07:912][  0]LogAudioMixer: Display: Using Audio Device Høyttalere (Realtek High Definition Audio)
[2020.03.20-21.03.07:949][  0]LogInit: FAudioDevice initialized.
[2020.03.20-21.03.07:950][  0]LogNetVersion: Set ProjectVersion to 1.0.0.0. Version Checksum will be recalculated on next use.
[2020.03.20-21.03.08:025][  0]LogDerivedDataCache: Saved boot cache 0.07s 80MB C:/Users/gones/AppData/Local/UnrealEngine/4.24/DerivedDataCache/Boot.ddc.
[2020.03.20-21.03.08:032][  0]LogInit: Texture streaming: Enabled
[2020.03.20-21.03.08:366][  0]LogEngineSessionManager: EngineSessionManager initialized
[2020.03.20-21.03.08:366][  0]LogEditorSessionSummary: Verbose: Initializing EditorSessionSummaryWriter for editor session tracking
[2020.03.20-21.03.08:391][  0]LogEditorSessionSummary: EditorSessionSummaryWriter initialized
[2020.03.20-21.03.08:924][  0]LogInit: Transaction tracking system initialized
[2020.03.20-21.03.10:623][  0]BlueprintLog: New page: Editor Load
[2020.03.20-21.03.13:034][  0]LocalizationService: Localization service is disabled
[2020.03.20-21.03.18:329][  0]LogFileCache: Scanning file cache for directory 'D:/Git/GAMEJAMTIME/Content/' took 0.03s
[2020.03.20-21.03.18:329][  0]LogCook: Display: Max memory allowance for cook 16384mb min free memory 0mb
[2020.03.20-21.03.18:329][  0]LogCook: Display: Mobile HDR setting 1
[2020.03.20-21.03.23:741][  0]Cmd: MAP LOAD FILE="../../../../../../Git/GAMEJAMTIME/Content/Levels/GAMEJAMTIME_level.umap" TEMPLATE=0 SHOWPROGRESS=1 FEATURELEVEL=3
[2020.03.20-21.03.23:827][  0]LightingResults: New page: Lighting Build
[2020.03.20-21.03.24:008][  0]LogWorld: UWorld::CleanupWorld for Untitled, bSessionEnded=true, bCleanupResources=true
[2020.03.20-21.03.24:090][  0]LogSlate: InvalidateAllWidgets triggered.  All widgets were invalidated
[2020.03.20-21.03.24:101][  0]MapCheck: New page: Map Check
[2020.03.20-21.03.24:101][  0]LightingResults: New page: Lighting Build
[2020.03.20-21.03.24:506][  0]LogUObjectHash: Compacting FUObjectHashTables data took   1.80ms
[2020.03.20-21.03.25:846][  0]LogAIModule: Creating AISystem for world GAMEJAMTIME_level
[2020.03.20-21.03.26:722][  0]LogEditorServer: Finished looking for orphan Actors (0.000 secs)
[2020.03.20-21.03.26:840][  0]LogUObjectHash: Compacting FUObjectHashTables data took   2.30ms
[2020.03.20-21.03.26:840][  0]Cmd: MAP CHECKDEP NOCLEARLOG
[2020.03.20-21.03.26:846][  0]MapCheck: Map check complete: 0 Error(s), 0 Warning(s), took 0.97ms to complete.
[2020.03.20-21.03.26:846][  0]LogFileHelpers: Loading map 'GAMEJAMTIME_level' took 3.140
[2020.03.20-21.03.29:079][  0]LogSlate: Updating window title bar state: overlay mode, drag disabled, window buttons hidden, title bar hidden
[2020.03.20-21.03.29:137][  0]LogSlate: Updating window title bar state: overlay mode, drag disabled, window buttons hidden, title bar hidden
[2020.03.20-21.03.29:144][  0]LogSlate: Updating window title bar state: overlay mode, drag disabled, window buttons hidden, title bar hidden
[2020.03.20-21.03.29:151][  0]LogSlate: Updating window title bar state: overlay mode, drag disabled, window buttons hidden, title bar hidden
[2020.03.20-21.03.29:365][  0]LogCollectionManager: Loaded 0 collections in 0.001342 seconds
[2020.03.20-21.03.29:493][  0]LogFileCache: Scanning file cache for directory 'D:/Git/GAMEJAMTIME/Saved/Collections/' took 0.00s
[2020.03.20-21.03.29:493][  0]LogFileCache: Scanning file cache for directory 'D:/Git/GAMEJAMTIME/Content/Developers/gones/Collections/' took 0.00s
[2020.03.20-21.03.29:493][  0]LogFileCache: Scanning file cache for directory 'D:/Git/GAMEJAMTIME/Content/Collections/' took 0.00s
[2020.03.20-21.03.29:493][  0]LogContentBrowser: Native class hierarchy populated in 0.0093 seconds. Added 3147 classes and 719 folders.
[2020.03.20-21.03.29:683][  0]LogContentBrowser: Native class hierarchy updated for 'WidgetCarousel' in 0.0003 seconds. Added 0 classes and 0 folders.
[2020.03.20-21.03.30:995][  0]LogContentBrowser: Native class hierarchy updated for 'AddContentDialog' in 0.0004 seconds. Added 0 classes and 0 folders.
[2020.03.20-21.03.31:094][  0]LogContentBrowser: Native class hierarchy updated for 'SceneOutliner' in 0.0003 seconds. Added 2 classes and 3 folders.
[2020.03.20-21.03.32:543][  0]LogSlate: Took 0.104148 seconds to synchronously load lazily loaded font '../../../Engine/Content/Slate/Fonts/Roboto-Regular.ttf' (155K)
[2020.03.20-21.03.32:613][  0]LogSlate: Took 0.043520 seconds to synchronously load lazily loaded font '../../../Engine/Content/Slate/Fonts/Roboto-Bold.ttf' (160K)
[2020.03.20-21.03.32:748][  0]LogSlate: Took 0.022446 seconds to synchronously load lazily loaded font '../../../Engine/Content/Editor/Slate/Fonts/FontAwesome.ttf' (139K)
[2020.03.20-21.03.33:776][  0]LogRenderer: Reallocating scene render targets to support 1028x544 Format 10 NumSamples 1 (Frame:1).
[2020.03.20-21.03.34:886][  0]LogContentBrowser: Native class hierarchy updated for 'HierarchicalLODOutliner' in 0.0003 seconds. Added 0 classes and 0 folders.
[2020.03.20-21.03.34:886][  0]LogLoad: (Engine Initialization) Total time: 235.16 seconds
[2020.03.20-21.03.34:886][  0]LogLoad: (Engine Initialization) Total Blueprint compile time: 0.00 seconds
[2020.03.20-21.03.35:419][  0]LogContentStreaming: Texture pool size now 3000 MB
[2020.03.20-21.03.35:720][  0]LogSlate: Took 0.026077 seconds to synchronously load lazily loaded font '../../../Engine/Content/Slate/Fonts/Roboto-Light.ttf' (167K)
[2020.03.20-21.03.38:861][ 41]LogAssetRegistry: Asset discovery search completed in 115.5788 seconds
[2020.03.20-21.03.38:895][ 41]LogCollectionManager: Fixed up redirectors for 0 collections in 0.000009 seconds (updated 0 objects)
[2020.03.20-21.17.07:823][554]SourceControl: fatal: D:/Program Files/Epic Games/UE_4.24/Engine/Content: 'D:/Program Files/Epic Games/UE_4.24/Engine/Content' is outside repository
[2020.03.20-21.17.07:997][554]LogFileHelpers: Warning: FilenameToLongPackageName failed to convert '../../../Engine/Plugins/Runtime/Oculus/OculusVR/Content/OculusMR_GreenKey.uasset'. Attempt result was '../../../Engine/Plugins/Runtime/Oculus/OculusVR/Content/OculusMR_GreenKey', but the path contains illegal characters '.'
[2020.03.20-21.17.07:997][554]LogFileHelpers: Warning: FilenameToLongPackageName failed to convert '../../../Engine/Plugins/Runtime/Oculus/OculusVR/Content/Materials/GearVRControllerMaterial.uasset'. Attempt result was '../../../Engine/Plugins/Runtime/Oculus/OculusVR/Content/Materials/GearVRControllerMaterial', but the path contains illegal characters '.'
[2020.03.20-21.17.07:997][554]LogFileHelpers: Warning: FilenameToLongPackageName failed to convert '../../../Engine/Plugins/Runtime/Oculus/OculusVR/Content/Materials/OculusGoControllerMaterial.uasset'. Attempt result was '../../../Engine/Plugins/Runtime/Oculus/OculusVR/Content/Materials/OculusGoControllerMaterial', but the path contains illegal characters '.'
[2020.03.20-21.17.07:997][554]LogFileHelpers: Warning: FilenameToLongPackageName failed to convert '../../../Engine/Plugins/Runtime/Oculus/OculusVR/Content/Materials/OculusMR_ChromaKey.uasset'. Attempt result was '../../../Engine/Plugins/Runtime/Oculus/OculusVR/Content/Materials/OculusMR_ChromaKey', but the path contains illegal characters '.'
[2020.03.20-21.17.07:997][554]LogFileHelpers: Warning: FilenameToLongPackageName failed to convert '../../../Engine/Plugins/Runtime/Oculus/OculusVR/Content/Materials/OculusMR_ChromaKey_Lit.uasset'. Attempt result was '../../../Engine/Plugins/Runtime/Oculus/OculusVR/Content/Materials/OculusMR_ChromaKey_Lit', but the path contains illegal characters '.'
[2020.03.20-21.17.07:997][554]LogFileHelpers: Warning: FilenameToLongPackageName failed to convert '../../../Engine/Plugins/Runtime/Oculus/OculusVR/Content/Materials/OculusMR_OpaqueColoredMaterial.uasset'. Attempt result was '../../../Engine/Plugins/Runtime/Oculus/OculusVR/Content/Materials/OculusMR_OpaqueColoredMaterial', but the path contains illegal characters '.'
[2020.03.20-21.17.07:997][554]LogFileHelpers: Warning: FilenameToLongPackageName failed to convert '../../../Engine/Plugins/Runtime/Oculus/OculusVR/Content/Materials/OculusMR_WhiteMaterial.uasset'. Attempt result was '../../../Engine/Plugins/Runtime/Oculus/OculusVR/Content/Materials/OculusMR_WhiteMaterial', but the path contains illegal characters '.'
[2020.03.20-21.17.07:997][554]LogFileHelpers: Warning: FilenameToLongPackageName failed to convert '../../../Engine/Plugins/Runtime/Oculus/OculusVR/Content/Materials/PokeAHoleMaterial.uasset'. Attempt result was '../../../Engine/Plugins/Runtime/Oculus/OculusVR/Content/Materials/PokeAHoleMaterial', but the path contains illegal characters '.'
[2020.03.20-21.17.07:997][554]LogFileHelpers: Warning: FilenameToLongPackageName failed to convert '../../../Engine/Plugins/Runtime/Oculus/OculusVR/Content/Materials/touchController_mat.uasset'. Attempt result was '../../../Engine/Plugins/Runtime/Oculus/OculusVR/Content/Materials/touchController_mat', but the path contains illegal characters '.'
[2020.03.20-21.17.07:997][554]LogFileHelpers: Warning: FilenameToLongPackageName failed to convert '../../../Engine/Plugins/Runtime/Oculus/OculusVR/Content/Materials/TouchForQuestRiftSControllerMaterial.uasset'. Attempt result was '../../../Engine/Plugins/Runtime/Oculus/OculusVR/Content/Materials/TouchForQuestRiftSControllerMaterial', but the path contains illegal characters '.'
[2020.03.20-21.17.07:997][554]LogFileHelpers: Warning: FilenameToLongPackageName failed to convert '../../../Engine/Plugins/Runtime/Oculus/OculusVR/Content/Meshes/GearVrController.uasset'. Attempt result was '../../../Engine/Plugins/Runtime/Oculus/OculusVR/Content/Meshes/GearVrController', but the path contains illegal characters '.'
[2020.03.20-21.17.07:997][554]LogFileHelpers: Warning: FilenameToLongPackageName failed to convert '../../../Engine/Plugins/Runtime/Oculus/OculusVR/Content/Meshes/LeftTouchController.uasset'. Attempt result was '../../../Engine/Plugins/Runtime/Oculus/OculusVR/Content/Meshes/LeftTouchController', but the path contains illegal characters '.'
[2020.03.20-21.17.07:997][554]LogFileHelpers: Warning: FilenameToLongPackageName failed to convert '../../../Engine/Plugins/Runtime/Oculus/OculusVR/Content/Meshes/LeftTouchForQuestRiftSController.uasset'. Attempt result was '../../../Engine/Plugins/Runtime/Oculus/OculusVR/Content/Meshes/LeftTouchForQuestRiftSController', but the path contains illegal characters '.'
[2020.03.20-21.17.07:997][554]LogFileHelpers: Warning: FilenameToLongPackageName failed to convert '../../../Engine/Plugins/Runtime/Oculus/OculusVR/Content/Meshes/OculusGoController.uasset'. Attempt result was '../../../Engine/Plugins/Runtime/Oculus/OculusVR/Content/Meshes/OculusGoController', but the path contains illegal characters '.'
[2020.03.20-21.17.07:997][554]LogFileHelpers: Warning: FilenameToLongPackageName failed to convert '../../../Engine/Plugins/Runtime/Oculus/OculusVR/Content/Meshes/RiftHMD.uasset'. Attempt result was '../../../Engine/Plugins/Runtime/Oculus/OculusVR/Content/Meshes/RiftHMD', but the path contains illegal characters '.'
[2020.03.20-21.17.07:997][554]LogFileHelpers: Warning: FilenameToLongPackageName failed to convert '../../../Engine/Plugins/Runtime/Oculus/OculusVR/Content/Meshes/RiftSensorHead.uasset'. Attempt result was '../../../Engine/Plugins/Runtime/Oculus/OculusVR/Content/Meshes/RiftSensorHead', but the path contains illegal characters '.'
[2020.03.20-21.17.07:997][554]LogFileHelpers: Warning: FilenameToLongPackageName failed to convert '../../../Engine/Plugins/Runtime/Oculus/OculusVR/Content/Meshes/RiftSensorStem.uasset'. Attempt result was '../../../Engine/Plugins/Runtime/Oculus/OculusVR/Content/Meshes/RiftSensorStem', but the path contains illegal characters '.'
[2020.03.20-21.17.07:997][554]LogFileHelpers: Warning: FilenameToLongPackageName failed to convert '../../../Engine/Plugins/Runtime/Oculus/OculusVR/Content/Meshes/RightTouchController.uasset'. Attempt result was '../../../Engine/Plugins/Runtime/Oculus/OculusVR/Content/Meshes/RightTouchController', but the path contains illegal characters '.'
[2020.03.20-21.17.07:997][554]LogFileHelpers: Warning: FilenameToLongPackageName failed to convert '../../../Engine/Plugins/Runtime/Oculus/OculusVR/Content/Meshes/RightTouchForQuestRiftSController.uasset'. Attempt result was '../../../Engine/Plugins/Runtime/Oculus/OculusVR/Content/Meshes/RightTouchForQuestRiftSController', but the path contains illegal characters '.'
[2020.03.20-21.17.07:997][554]LogFileHelpers: Warning: FilenameToLongPackageName failed to convert '../../../Engine/Plugins/Runtime/Oculus/OculusVR/Content/Textures/GearVRController_AO.uasset'. Attempt result was '../../../Engine/Plugins/Runtime/Oculus/OculusVR/Content/Textures/GearVRController_AO', but the path contains illegal characters '.'
[2020.03.20-21.17.07:998][554]LogFileHelpers: Warning: FilenameToLongPackageName failed to convert '../../../Engine/Plugins/Runtime/Oculus/OculusVR/Content/Textures/GearVRController_Color.uasset'. Attempt result was '../../../Engine/Plugins/Runtime/Oculus/OculusVR/Content/Textures/GearVRController_Color', but the path contains illegal characters '.'
[2020.03.20-21.17.07:998][554]LogFileHelpers: Warning: FilenameToLongPackageName failed to convert '../../../Engine/Plugins/Runtime/Oculus/OculusVR/Content/Textures/GearVRController_Normal.uasset'. Attempt result was '../../../Engine/Plugins/Runtime/Oculus/OculusVR/Content/Textures/GearVRController_Normal', but the path contains illegal characters '.'
[2020.03.20-21.17.07:998][554]LogFileHelpers: Warning: FilenameToLongPackageName failed to convert '../../../Engine/Plugins/Runtime/Oculus/OculusVR/Content/Textures/OculusGoController_albedo.uasset'. Attempt result was '../../../Engine/Plugins/Runtime/Oculus/OculusVR/Content/Textures/OculusGoController_albedo', but the path contains illegal characters '.'
[2020.03.20-21.17.07:998][554]LogFileHelpers: Warning: FilenameToLongPackageName failed to convert '../../../Engine/Plugins/Runtime/Oculus/OculusVR/Content/Textures/touchController_albedo.uasset'. Attempt result was '../../../Engine/Plugins/Runtime/Oculus/OculusVR/Content/Textures/touchController_albedo', but the path contains illegal characters '.'
[2020.03.20-21.17.07:998][554]LogFileHelpers: Warning: FilenameToLongPackageName failed to convert '../../../Engine/Plugins/Runtime/Oculus/OculusVR/Content/Textures/touchController_controlmap.uasset'. Attempt result was '../../../Engine/Plugins/Runtime/Oculus/OculusVR/Content/Textures/touchController_controlmap', but the path contains illegal characters '.'
[2020.03.20-21.17.07:998][554]LogFileHelpers: Warning: FilenameToLongPackageName failed to convert '../../../Engine/Plugins/Runtime/Oculus/OculusVR/Content/Textures/TouchForQuestRiftSController_albedo.uasset'. Attempt result was '../../../Engine/Plugins/Runtime/Oculus/OculusVR/Content/Textures/TouchForQuestRiftSController_albedo', but the path contains illegal characters '.'
[2020.03.20-21.17.07:998][554]LogFileHelpers: Warning: FilenameToLongPackageName failed to convert '../../../Engine/Plugins/Runtime/Steam/SteamVR/Content/Materials/M_DefaultDevice.uasset'. Attempt result was '../../../Engine/Plugins/Runtime/Steam/SteamVR/Content/Materials/M_DefaultDevice', but the path contains illegal characters '.'
[2020.03.20-21.17.17:388][554]LogSlate: Window 'Submit Files' being destroyed
[2020.03.20-21.17.18:631][554]LogSourceControl: commit successful: [master 6b10151] addewd inputs
[2020.03.20-21.17.18:720][554]SourceControl: [master 6b10151] addewd inputs
[2020.03.20-21.17.18:720][554]SourceControl:  1 file changed, 61 insertions(+)
[2020.03.20-21.17.18:720][554]SourceControl:  create mode 100644 Config/DefaultInput.ini
[2020.03.20-21.17.18:726][554]SourceControl: Commited [master 6b10151] addewd inputs.
[2020.03.20-21.18.14:562][984]LogSlate: Took 0.004770 seconds to synchronously load lazily loaded font '../../../Engine/Content/Slate/Fonts/Roboto-Light.ttf' (167K)
[2020.03.20-21.18.19:428][984]LogSlate: Window 'Pick Parent Class' being destroyed
[2020.03.20-21.18.32:430][367]LogAssetEditorSubsystem: Opening Asset editor for Blueprint /Game/Blueprints/BaseEnemy.BaseEnemy
[2020.03.20-21.18.33:412][367]LogContentBrowser: Native class hierarchy updated for 'BlueprintGraph' in 0.0006 seconds. Added 121 classes and 0 folders.
[2020.03.20-21.18.35:705][367]LogRenderer: Reallocating scene render targets to support 1056x684 Format 10 NumSamples 1 (Frame:1).
[2020.03.20-21.18.36:589][446]LogSlate: Took 0.032450 seconds to synchronously load lazily loaded font '../../../Engine/Content/Slate/Fonts/Roboto-Italic.ttf' (157K)
[2020.03.20-21.18.53:892][865]BlueprintLog: New page: Compile BaseEnemy
[2020.03.20-21.18.54:417][865]LogUObjectHash: Compacting FUObjectHashTables data took   3.54ms
[2020.03.20-21.18.55:124][900]Cmd: OBJ SAVEPACKAGE PACKAGE="/Game/Blueprints/BaseEnemy" FILE="../../../../../../Git/GAMEJAMTIME/Content/Blueprints/BaseEnemy.uasset" SILENT=true
[2020.03.20-21.18.55:251][900]LogSavePackage: Moving '../../../../../../Git/GAMEJAMTIME/Saved/BaseEnemyE660B3AD4C2675AC0CD0308927FC3080.tmp' to '../../../../../../Git/GAMEJAMTIME/Content/Blueprints/BaseEnemy.uasset'
[2020.03.20-21.18.55:586][900]AssetCheck: New page: Asset Save: BaseEnemy
[2020.03.20-21.18.55:586][900]LogContentValidation: Display: Validating Blueprint /Game/Blueprints/BaseEnemy.BaseEnemy
[2020.03.20-21.18.56:246][951]LogSlate: Took 0.027765 seconds to synchronously load lazily loaded font '../../../Engine/Content/Slate/Fonts/Roboto-BoldCondensed.ttf' (158K)
[2020.03.20-21.19.21:355][133]LogSlate: Took 0.030160 seconds to synchronously load lazily loaded font '../../../Engine/Content/Slate/Fonts/Roboto-BoldCondensedItalic.ttf' (160K)
[2020.03.20-21.19.23:713][351]BlueprintLog: New page: Compile BaseEnemy
[2020.03.20-21.19.23:909][351]LogUObjectHash: Compacting FUObjectHashTables data took   3.08ms
[2020.03.20-21.19.24:522][384]Cmd: OBJ SAVEPACKAGE PACKAGE="/Game/Blueprints/BaseEnemy" FILE="../../../../../../Git/GAMEJAMTIME/Content/Blueprints/BaseEnemy.uasset" SILENT=true
[2020.03.20-21.19.24:597][384]LogSavePackage: Moving '../../../../../../Git/GAMEJAMTIME/Saved/BaseEnemyC8F0DE77483C976D8425DF8C7F4E7210.tmp' to '../../../../../../Git/GAMEJAMTIME/Content/Blueprints/BaseEnemy.uasset'
[2020.03.20-21.19.24:611][384]AssetCheck: New page: Asset Save: BaseEnemy
[2020.03.20-21.19.24:611][384]LogContentValidation: Display: Validating Blueprint /Game/Blueprints/BaseEnemy.BaseEnemy
[2020.03.20-21.19.27:762][648]BlueprintLog: New page: Compile BaseEnemy
[2020.03.20-21.19.27:955][648]LogUObjectHash: Compacting FUObjectHashTables data took   3.04ms
[2020.03.20-21.19.28:507][676]Cmd: OBJ SAVEPACKAGE PACKAGE="/Game/Blueprints/BaseEnemy" FILE="../../../../../../Git/GAMEJAMTIME/Content/Blueprints/BaseEnemy.uasset" SILENT=true
[2020.03.20-21.19.28:528][676]LogSavePackage: Moving '../../../../../../Git/GAMEJAMTIME/Saved/BaseEnemy9C7ACE5A448A4746F1D377889463973F.tmp' to '../../../../../../Git/GAMEJAMTIME/Content/Blueprints/BaseEnemy.uasset'
[2020.03.20-21.19.28:542][676]AssetCheck: New page: Asset Save: BaseEnemy
[2020.03.20-21.19.28:542][676]LogContentValidation: Display: Validating Blueprint /Game/Blueprints/BaseEnemy.BaseEnemy
[2020.03.20-21.19.58:494][336]LogSlate: Window 'BaseEnemy' being destroyed
[2020.03.20-21.20.31:135][658]LogSlate: Window 'Color Picker' being destroyed
[2020.03.20-21.20.55:591][145]BlueprintLog: New page: Compile BaseEnemy
[2020.03.20-21.20.55:793][145]LogUObjectHash: Compacting FUObjectHashTables data took   3.24ms
[2020.03.20-21.20.56:273][178]Cmd: OBJ SAVEPACKAGE PACKAGE="/Game/Blueprints/BaseEnemy" FILE="../../../../../../Git/GAMEJAMTIME/Content/Blueprints/BaseEnemy.uasset" SILENT=true
[2020.03.20-21.20.56:338][178]LogSavePackage: Moving '../../../../../../Git/GAMEJAMTIME/Saved/BaseEnemy2E8D447842B3594E03C8B888534C9668.tmp' to '../../../../../../Git/GAMEJAMTIME/Content/Blueprints/BaseEnemy.uasset'
[2020.03.20-21.20.56:357][178]AssetCheck: New page: Asset Save: BaseEnemy
[2020.03.20-21.20.56:357][178]LogContentValidation: Display: Validating Blueprint /Game/Blueprints/BaseEnemy.BaseEnemy
