Log file open, 03/20/20 18:41:07
LogWindows: Failed to load 'aqProf.dll' (GetLastError=126)
LogWindows: File 'aqProf.dll' does not exist
LogWindows: Failed to load 'VtuneApi.dll' (GetLastError=126)
LogWindows: File 'VtuneApi.dll' does not exist
LogWindows: Failed to load 'VtuneApi32e.dll' (GetLastError=126)
LogWindows: File 'VtuneApi32e.dll' does not exist
LogConsoleResponse: Display: Failed to find resolution value strings in scalability ini. Falling back to default.
LogInit: Display: Running engine for game: GAMEJAMTIME
LogPlatformFile: Not using cached read wrapper
LogTaskGraph: Started task graph with 5 named threads and 14 total threads with 3 sets of task threads.
LogStats: Stats thread started at 0.078407
LogD3D11RHI: Loaded GFSDK_Aftermath_Lib.x64.dll
LogICUInternationalization: ICU TimeZone Detection - Raw Offset: +1:00, Platform Override: ''
LogPluginManager: Mounting plugin Paper2D
LogPluginManager: Mounting plugin AISupport
LogPluginManager: Mounting plugin LightPropagationVolume
LogPluginManager: Mounting plugin ActorLayerUtilities
LogPluginManager: Mounting plugin AnimationSharing
LogPluginManager: Mounting plugin CLionSourceCodeAccess
LogPluginManager: Mounting plugin CodeLiteSourceCodeAccess
LogPluginManager: Mounting plugin GitSourceControl
LogPluginManager: Mounting plugin KDevelopSourceCodeAccess
LogPluginManager: Mounting plugin NullSourceCodeAccess
LogPluginManager: Mounting plugin PerforceSourceControl
LogPluginManager: Mounting plugin PlasticSourceControl
LogPluginManager: Mounting plugin SubversionSourceControl
LogPluginManager: Mounting plugin UObjectPlugin
LogPluginManager: Mounting plugin VisualStudioCodeSourceCodeAccess
LogPluginManager: Mounting plugin VisualStudioSourceCodeAccess
LogPluginManager: Mounting plugin XCodeSourceCodeAccess
LogPluginManager: Mounting plugin AssetManagerEditor
LogPluginManager: Mounting plugin CryptoKeys
LogPluginManager: Mounting plugin CurveEditorTools
LogPluginManager: Mounting plugin DataValidation
LogPluginManager: Mounting plugin FacialAnimation
LogPluginManager: Mounting plugin GameplayTagsEditor
LogPluginManager: Mounting plugin MacGraphicsSwitching
LogPluginManager: Mounting plugin MaterialAnalyzer
LogPluginManager: Mounting plugin MobileLauncherProfileWizard
LogPluginManager: Mounting plugin PluginBrowser
LogPluginManager: Mounting plugin SpeedTreeImporter
LogPluginManager: Mounting plugin DatasmithContent
LogPluginManager: Mounting plugin VariantManagerContent
LogPluginManager: Mounting plugin AlembicImporter
LogPluginManager: Mounting plugin AutomationUtils
LogPluginManager: Mounting plugin BackChannel
LogPluginManager: Mounting plugin CharacterAI
LogPluginManager: Mounting plugin GeometryCache
LogPluginManager: Mounting plugin PlatformCrypto
LogPluginManager: Mounting plugin ProxyLODPlugin
LogPluginManager: Mounting plugin SkeletalReduction
LogPluginManager: Mounting plugin Niagara
LogPluginManager: Mounting plugin MagicLeap
LogPluginManager: Mounting plugin MagicLeapMedia
LogPluginManager: Mounting plugin MLSDK
LogPluginManager: Mounting plugin AndroidMedia
LogPluginManager: Mounting plugin AvfMedia
LogPluginManager: Mounting plugin ImgMedia
LogPluginManager: Mounting plugin MediaCompositing
LogPluginManager: Mounting plugin MediaPlayerEditor
LogPluginManager: Mounting plugin WebMMedia
LogPluginManager: Mounting plugin WmfMedia
LogPluginManager: Mounting plugin TcpMessaging
LogPluginManager: Mounting plugin UdpMessaging
LogPluginManager: Mounting plugin ActorSequence
LogPluginManager: Mounting plugin LevelSequenceEditor
LogPluginManager: Mounting plugin MatineeToLevelSequence
LogPluginManager: Mounting plugin NetcodeUnitTest
LogPluginManager: Mounting plugin NUTUnrealEngine4
LogPluginManager: Mounting plugin OnlineSubsystemGooglePlay
LogPluginManager: Mounting plugin OnlineSubsystemIOS
LogPluginManager: Mounting plugin OnlineSubsystem
LogPluginManager: Mounting plugin OnlineSubsystemNull
LogPluginManager: Mounting plugin OnlineSubsystemUtils
LogPluginManager: Mounting plugin LauncherChunkInstaller
LogPluginManager: Mounting plugin AndroidDeviceProfileSelector
LogPluginManager: Mounting plugin AndroidMoviePlayer
LogPluginManager: Mounting plugin AndroidPermission
LogPluginManager: Mounting plugin AppleImageUtils
LogPluginManager: Mounting plugin AppleMoviePlayer
LogPluginManager: Mounting plugin ArchVisCharacter
LogPluginManager: Mounting plugin AssetTags
LogPluginManager: Mounting plugin AudioCapture
LogPluginManager: Mounting plugin CableComponent
LogPluginManager: Mounting plugin CustomMeshComponent
LogPluginManager: Mounting plugin EditableMesh
LogPluginManager: Mounting plugin ExampleDeviceProfileSelector
LogPluginManager: Mounting plugin GoogleCloudMessaging
LogPluginManager: Mounting plugin IOSDeviceProfileSelector
LogPluginManager: Mounting plugin LinuxDeviceProfileSelector
LogPluginManager: Mounting plugin LocationServicesBPLibrary
LogPluginManager: Mounting plugin MobilePatchingUtils
LogPluginManager: Mounting plugin PhysXVehicles
LogPluginManager: Mounting plugin PostSplashScreen
LogPluginManager: Mounting plugin ProceduralMeshComponent
LogPluginManager: Mounting plugin RuntimePhysXCooking
LogPluginManager: Mounting plugin SignificanceManager
LogPluginManager: Mounting plugin WebMMoviePlayer
LogPluginManager: Mounting plugin WindowsMoviePlayer
LogPluginManager: Mounting plugin ScreenshotTools
LogInit: Using libcurl 7.55.1-DEV
LogInit:  - built for x86_64-pc-win32
LogInit:  - supports SSL with OpenSSL/1.1.1
LogInit:  - supports HTTP deflate (compression) using libz 1.2.8
LogInit:  - other features:
LogInit:      CURL_VERSION_SSL
LogInit:      CURL_VERSION_LIBZ
LogInit:      CURL_VERSION_IPV6
LogInit:      CURL_VERSION_ASYNCHDNS
LogInit:      CURL_VERSION_LARGEFILE
LogInit:      CURL_VERSION_IDN
LogInit:  CurlRequestOptions (configurable via config and command line):
LogInit:  - bVerifyPeer = true  - Libcurl will verify peer certificate
LogInit:  - bUseHttpProxy = false  - Libcurl will NOT use HTTP proxy
LogInit:  - bDontReuseConnections = false  - Libcurl will reuse connections
LogInit:  - MaxHostConnections = 16  - Libcurl will limit the number of connections to a host
LogInit:  - LocalHostAddr = Default
LogInit:  - BufferSize = 65536
LogOnline: OSS: Creating online subsystem instance for: NULL
LogInit: WinSock: version 1.1 (2.2), MaxSocks=32767, MaxUdp=65467
LogOnline: OSS: TryLoadSubsystemAndSetDefault: Loaded subsystem for module [NULL]
LogInit: Build: ++UE4+Release-4.24-CL-11590370
LogInit: Engine Version: 4.24.3-11590370+++UE4+Release-4.24
LogInit: Compatible Engine Version: 4.24.0-10570792+++UE4+Release-4.24
LogInit: Net CL: 10570792
LogInit: OS: Windows 10 (Release 1903) (), CPU: Intel(R) Core(TM) i5-6600K CPU @ 3.50GHz, GPU: NVIDIA GeForce GTX 1070
LogInit: Compiled (64-bit): Feb 24 2020 15:39:18
LogInit: Compiled with Visual C++: 19.16.27032.01
LogInit: Build Configuration: Development
LogInit: Branch Name: ++UE4+Release-4.24
LogInit: Command Line:  -EpicPortal -epicusername=Atornity -epicuserid=bcf3bae1a85e424e8f036c536cea9375 -epiclocale=en
LogInit: Base Directory: D:/Program Files/Epic Games/UE_4.24/Engine/Binaries/Win64/
LogInit: Installed Engine Build: 1
LogDevObjectVersion: Number of dev versions registered: 25
LogDevObjectVersion:   Dev-Blueprints (B0D832E4-1F89-4F0D-ACCF-7EB736FD4AA2): 10
LogDevObjectVersion:   Dev-Build (E1C64328-A22C-4D53-A36C-8E866417BD8C): 0
LogDevObjectVersion:   Dev-Core (375EC13C-06E4-48FB-B500-84F0262A717E): 3
LogDevObjectVersion:   Dev-Editor (E4B068ED-F494-42E9-A231-DA0B2E46BB41): 37
LogDevObjectVersion:   Dev-Framework (CFFC743F-43B0-4480-9391-14DF171D2073): 36
LogDevObjectVersion:   Dev-Mobile (B02B49B5-BB20-44E9-A304-32B752E40360): 2
LogDevObjectVersion:   Dev-Networking (A4E4105C-59A1-49B5-A7C5-40C4547EDFEE): 0
LogDevObjectVersion:   Dev-Online (39C831C9-5AE6-47DC-9A44-9C173E1C8E7C): 0
LogDevObjectVersion:   Dev-Physics (78F01B33-EBEA-4F98-B9B4-84EACCB95AA2): 2
LogDevObjectVersion:   Dev-Platform (6631380F-2D4D-43E0-8009-CF276956A95A): 0
LogDevObjectVersion:   Dev-Rendering (12F88B9F-8875-4AFC-A67C-D90C383ABD29): 36
LogDevObjectVersion:   Dev-Sequencer (7B5AE74C-D270-4C10-A958-57980B212A5A): 11
LogDevObjectVersion:   Dev-VR (D7296918-1DD6-4BDD-9DE2-64A83CC13884): 2
LogDevObjectVersion:   Dev-LoadTimes (C2A15278-BFE7-4AFE-6C17-90FF531DF755): 1
LogDevObjectVersion:   Private-Geometry (6EACA3D4-40EC-4CC1-B786-8BED09428FC5): 3
LogDevObjectVersion:   Dev-AnimPhys (29E575DD-E0A3-4627-9D10-D276232CDCEA): 17
LogDevObjectVersion:   Dev-Anim (AF43A65D-7FD3-4947-9873-3E8ED9C1BB05): 2
LogDevObjectVersion:   Dev-ReflectionCapture (6B266CEC-1EC7-4B8F-A30B-E4D90942FC07): 1
LogDevObjectVersion:   Dev-Automation (0DF73D61-A23F-47EA-B727-89E90C41499A): 1
LogDevObjectVersion:   FortniteMain (601D1886-AC64-4F84-AA16-D3DE0DEAC7D6): 31
LogDevObjectVersion:   Dev-Enterprise (9DFFBCD6-494F-0158-E221-12823C92A888): 8
LogDevObjectVersion:   Dev-Niagara (F2AED0AC-9AFE-416F-8664-AA7FFA26D6FC): 1
LogDevObjectVersion:   Dev-Destruction (174F1F0B-B4C6-45A5-B13F-2EE8D0FB917D): 9
LogDevObjectVersion:   Dev-Physics-Ext (35F94A83-E258-406C-A318-09F59610247C): 8
LogDevObjectVersion:   Dev-CineCamera (B2E18506-4273-CFC2-A54E-F4BB758BBA07): 1
LogInit: Presizing for max 25165824 objects, including 0 objects not considered by GC, pre-allocating 0 bytes for permanent pool.
LogInit: Object subsystem initialized
LogConfig: Setting CVar [[con.DebugEarlyDefault:1]]
LogConfig: Setting CVar [[r.setres:1280x720]]
[2020.03.20-17.41.08:668][  0]LogConfig: Setting CVar [[r.VSync:0]]
[2020.03.20-17.41.08:668][  0]LogConfig: Setting CVar [[r.RHICmdBypass:0]]
[2020.03.20-17.41.08:668][  0]LogConfig: Applying CVar settings from Section [/Script/Engine.RendererSettings] File [D:/UE4Projects/GAMEJAMTIME/Saved/Config/Windows/Engine.ini]
[2020.03.20-17.41.08:668][  0]LogConfig: Setting CVar [[r.GPUCrashDebugging:0]]
[2020.03.20-17.41.08:668][  0]LogConfig: Applying CVar settings from Section [/Script/Engine.RendererOverrideSettings] File [D:/UE4Projects/GAMEJAMTIME/Saved/Config/Windows/Engine.ini]
[2020.03.20-17.41.08:668][  0]LogConfig: Applying CVar settings from Section [/Script/Engine.StreamingSettings] File [D:/UE4Projects/GAMEJAMTIME/Saved/Config/Windows/Engine.ini]
[2020.03.20-17.41.08:668][  0]LogConfig: Setting CVar [[s.MinBulkDataSizeForAsyncLoading:131072]]
[2020.03.20-17.41.08:668][  0]LogConfig: Setting CVar [[s.AsyncLoadingThreadEnabled:0]]
[2020.03.20-17.41.08:668][  0]LogConfig: Setting CVar [[s.EventDrivenLoaderEnabled:1]]
[2020.03.20-17.41.08:668][  0]LogConfig: Setting CVar [[s.WarnIfTimeLimitExceeded:0]]
[2020.03.20-17.41.08:668][  0]LogConfig: Setting CVar [[s.TimeLimitExceededMultiplier:1.5]]
[2020.03.20-17.41.08:668][  0]LogConfig: Setting CVar [[s.TimeLimitExceededMinTime:0.005]]
[2020.03.20-17.41.08:669][  0]LogConfig: Setting CVar [[s.UseBackgroundLevelStreaming:1]]
[2020.03.20-17.41.08:669][  0]LogConfig: Setting CVar [[s.PriorityAsyncLoadingExtraTime:15.0]]
[2020.03.20-17.41.08:669][  0]LogConfig: Setting CVar [[s.LevelStreamingActorsUpdateTimeLimit:5.0]]
[2020.03.20-17.41.08:669][  0]LogConfig: Setting CVar [[s.PriorityLevelStreamingActorsUpdateExtraTime:5.0]]
[2020.03.20-17.41.08:669][  0]LogConfig: Setting CVar [[s.LevelStreamingComponentsRegistrationGranularity:10]]
[2020.03.20-17.41.08:669][  0]LogConfig: Setting CVar [[s.UnregisterComponentsTimeLimit:1.0]]
[2020.03.20-17.41.08:669][  0]LogConfig: Setting CVar [[s.LevelStreamingComponentsUnregistrationGranularity:5]]
[2020.03.20-17.41.08:669][  0]LogConfig: Setting CVar [[s.FlushStreamingOnExit:1]]
[2020.03.20-17.41.08:669][  0]LogConfig: Applying CVar settings from Section [/Script/Engine.GarbageCollectionSettings] File [D:/UE4Projects/GAMEJAMTIME/Saved/Config/Windows/Engine.ini]
[2020.03.20-17.41.08:669][  0]LogConfig: Setting CVar [[gc.MaxObjectsNotConsideredByGC:1]]
[2020.03.20-17.41.08:669][  0]LogConfig: Setting CVar [[gc.SizeOfPermanentObjectPool:0]]
[2020.03.20-17.41.08:669][  0]LogConfig: Setting CVar [[gc.FlushStreamingOnGC:0]]
[2020.03.20-17.41.08:669][  0]LogConfig: Setting CVar [[gc.NumRetriesBeforeForcingGC:10]]
[2020.03.20-17.41.08:669][  0]LogConfig: Setting CVar [[gc.AllowParallelGC:1]]
[2020.03.20-17.41.08:669][  0]LogConfig: Setting CVar [[gc.TimeBetweenPurgingPendingKillObjects:61.1]]
[2020.03.20-17.41.08:669][  0]LogConfig: Setting CVar [[gc.MaxObjectsInEditor:25165824]]
[2020.03.20-17.41.08:669][  0]LogConfig: Setting CVar [[gc.IncrementalBeginDestroyEnabled:1]]
[2020.03.20-17.41.08:669][  0]LogConfig: Setting CVar [[gc.CreateGCClusters:1]]
[2020.03.20-17.41.08:669][  0]LogConfig: Setting CVar [[gc.MinGCClusterSize:5]]
[2020.03.20-17.41.08:669][  0]LogConfig: Setting CVar [[gc.ActorClusteringEnabled:0]]
[2020.03.20-17.41.08:669][  0]LogConfig: Setting CVar [[gc.BlueprintClusteringEnabled:0]]
[2020.03.20-17.41.08:669][  0]LogConfig: Setting CVar [[gc.UseDisregardForGCOnDedicatedServers:0]]
[2020.03.20-17.41.08:669][  0]LogConfig: Applying CVar settings from Section [/Script/Engine.NetworkSettings] File [D:/UE4Projects/GAMEJAMTIME/Saved/Config/Windows/Engine.ini]
[2020.03.20-17.41.08:669][  0]LogConfig: Applying CVar settings from Section [/Script/UnrealEd.CookerSettings] File [D:/UE4Projects/GAMEJAMTIME/Saved/Config/Windows/Engine.ini]
[2020.03.20-17.41.08:671][  0]LogConfig: Applying CVar settings from Section [ViewDistanceQuality@3] File [D:/UE4Projects/GAMEJAMTIME/Saved/Config/Windows/Scalability.ini]
[2020.03.20-17.41.08:671][  0]LogConfig: Setting CVar [[r.SkeletalMeshLODBias:0]]
[2020.03.20-17.41.08:671][  0]LogConfig: Setting CVar [[r.ViewDistanceScale:1.0]]
[2020.03.20-17.41.08:671][  0]LogConfig: Applying CVar settings from Section [AntiAliasingQuality@3] File [D:/UE4Projects/GAMEJAMTIME/Saved/Config/Windows/Scalability.ini]
[2020.03.20-17.41.08:671][  0]LogConfig: Setting CVar [[r.PostProcessAAQuality:4]]
[2020.03.20-17.41.08:671][  0]LogConfig: Applying CVar settings from Section [ShadowQuality@3] File [D:/UE4Projects/GAMEJAMTIME/Saved/Config/Windows/Scalability.ini]
[2020.03.20-17.41.08:671][  0]LogConfig: Setting CVar [[r.LightFunctionQuality:1]]
[2020.03.20-17.41.08:671][  0]LogConfig: Setting CVar [[r.ShadowQuality:5]]
[2020.03.20-17.41.08:671][  0]LogConfig: Setting CVar [[r.Shadow.CSM.MaxCascades:10]]
[2020.03.20-17.41.08:671][  0]LogConfig: Setting CVar [[r.Shadow.MaxResolution:2048]]
[2020.03.20-17.41.08:672][  0]LogConfig: Setting CVar [[r.Shadow.MaxCSMResolution:2048]]
[2020.03.20-17.41.08:672][  0]LogConfig: Setting CVar [[r.Shadow.RadiusThreshold:0.01]]
[2020.03.20-17.41.08:672][  0]LogConfig: Setting CVar [[r.Shadow.DistanceScale:1.0]]
[2020.03.20-17.41.08:672][  0]LogConfig: Setting CVar [[r.Shadow.CSM.TransitionScale:1.0]]
[2020.03.20-17.41.08:672][  0]LogConfig: Setting CVar [[r.Shadow.PreShadowResolutionFactor:1.0]]
[2020.03.20-17.41.08:672][  0]LogConfig: Setting CVar [[r.DistanceFieldShadowing:1]]
[2020.03.20-17.41.08:672][  0]LogConfig: Setting CVar [[r.DistanceFieldAO:1]]
[2020.03.20-17.41.08:672][  0]LogConfig: Setting CVar [[r.AOQuality:2]]
[2020.03.20-17.41.08:672][  0]LogConfig: Setting CVar [[r.VolumetricFog:1]]
[2020.03.20-17.41.08:672][  0]LogConfig: Setting CVar [[r.VolumetricFog.GridPixelSize:8]]
[2020.03.20-17.41.08:672][  0]LogConfig: Setting CVar [[r.VolumetricFog.GridSizeZ:128]]
[2020.03.20-17.41.08:672][  0]LogConfig: Setting CVar [[r.VolumetricFog.HistoryMissSupersampleCount:4]]
[2020.03.20-17.41.08:672][  0]LogConfig: Setting CVar [[r.LightMaxDrawDistanceScale:1]]
[2020.03.20-17.41.08:672][  0]LogConfig: Setting CVar [[r.CapsuleShadows:1]]
[2020.03.20-17.41.08:672][  0]LogConfig: Applying CVar settings from Section [PostProcessQuality@3] File [D:/UE4Projects/GAMEJAMTIME/Saved/Config/Windows/Scalability.ini]
[2020.03.20-17.41.08:672][  0]LogConfig: Setting CVar [[r.MotionBlurQuality:4]]
[2020.03.20-17.41.08:672][  0]LogConfig: Setting CVar [[r.AmbientOcclusionMipLevelFactor:0.4]]
[2020.03.20-17.41.08:672][  0]LogConfig: Setting CVar [[r.AmbientOcclusionMaxQuality:100]]
[2020.03.20-17.41.08:672][  0]LogConfig: Setting CVar [[r.AmbientOcclusionLevels:-1]]
[2020.03.20-17.41.08:672][  0]LogConfig: Setting CVar [[r.AmbientOcclusionRadiusScale:1.0]]
[2020.03.20-17.41.08:672][  0]LogConfig: Setting CVar [[r.DepthOfFieldQuality:2]]
[2020.03.20-17.41.08:672][  0]LogConfig: Setting CVar [[r.RenderTargetPoolMin:400]]
[2020.03.20-17.41.08:672][  0]LogConfig: Setting CVar [[r.LensFlareQuality:2]]
[2020.03.20-17.41.08:672][  0]LogConfig: Setting CVar [[r.SceneColorFringeQuality:1]]
[2020.03.20-17.41.08:672][  0]LogConfig: Setting CVar [[r.EyeAdaptationQuality:2]]
[2020.03.20-17.41.08:672][  0]LogConfig: Setting CVar [[r.BloomQuality:5]]
[2020.03.20-17.41.08:672][  0]LogConfig: Setting CVar [[r.FastBlurThreshold:100]]
[2020.03.20-17.41.08:672][  0]LogConfig: Setting CVar [[r.Upscale.Quality:3]]
[2020.03.20-17.41.08:672][  0]LogConfig: Setting CVar [[r.Tonemapper.GrainQuantization:1]]
[2020.03.20-17.41.08:672][  0]LogConfig: Setting CVar [[r.LightShaftQuality:1]]
[2020.03.20-17.41.08:672][  0]LogConfig: Setting CVar [[r.Filter.SizeScale:1]]
[2020.03.20-17.41.08:672][  0]LogConfig: Setting CVar [[r.Tonemapper.Quality:5]]
[2020.03.20-17.41.08:672][  0]LogConfig: Setting CVar [[r.DOF.Gather.AccumulatorQuality:1        ; higher gathering accumulator quality]]
[2020.03.20-17.41.08:672][  0]LogConfig: Setting CVar [[r.DOF.Gather.PostfilterMethod:1          ; Median3x3 postfilering method]]
[2020.03.20-17.41.08:672][  0]LogConfig: Setting CVar [[r.DOF.Gather.EnableBokehSettings:0       ; no bokeh simulation when gathering]]
[2020.03.20-17.41.08:672][  0]LogConfig: Setting CVar [[r.DOF.Gather.RingCount:4                 ; medium number of samples when gathering]]
[2020.03.20-17.41.08:672][  0]LogConfig: Setting CVar [[r.DOF.Scatter.ForegroundCompositing:1    ; additive foreground scattering]]
[2020.03.20-17.41.08:672][  0]LogConfig: Setting CVar [[r.DOF.Scatter.BackgroundCompositing:2    ; additive background scattering]]
[2020.03.20-17.41.08:672][  0]LogConfig: Setting CVar [[r.DOF.Scatter.EnableBokehSettings:1      ; bokeh simulation when scattering]]
[2020.03.20-17.41.08:672][  0]LogConfig: Setting CVar [[r.DOF.Scatter.MaxSpriteRatio:0.1         ; only a maximum of 10% of scattered bokeh]]
[2020.03.20-17.41.08:672][  0]LogConfig: Setting CVar [[r.DOF.Recombine.Quality:1                ; cheap slight out of focus]]
[2020.03.20-17.41.08:672][  0]LogConfig: Setting CVar [[r.DOF.Recombine.EnableBokehSettings:0    ; no bokeh simulation on slight out of focus]]
[2020.03.20-17.41.08:672][  0]LogConfig: Setting CVar [[r.DOF.TemporalAAQuality:1                ; more stable temporal accumulation]]
[2020.03.20-17.41.08:672][  0]LogConfig: Setting CVar [[r.DOF.Kernel.MaxForegroundRadius:0.025]]
[2020.03.20-17.41.08:672][  0]LogConfig: Setting CVar [[r.DOF.Kernel.MaxBackgroundRadius:0.025]]
[2020.03.20-17.41.08:672][  0]LogConfig: Applying CVar settings from Section [TextureQuality@3] File [D:/UE4Projects/GAMEJAMTIME/Saved/Config/Windows/Scalability.ini]
[2020.03.20-17.41.08:672][  0]LogConfig: Setting CVar [[r.Streaming.MipBias:0]]
[2020.03.20-17.41.08:672][  0]LogConfig: Setting CVar [[r.Streaming.AmortizeCPUToGPUCopy:0]]
[2020.03.20-17.41.08:672][  0]LogConfig: Setting CVar [[r.Streaming.MaxNumTexturesToStreamPerFrame:0]]
[2020.03.20-17.41.08:672][  0]LogConfig: Setting CVar [[r.Streaming.Boost:1]]
[2020.03.20-17.41.08:672][  0]LogConfig: Setting CVar [[r.MaxAnisotropy:8]]
[2020.03.20-17.41.08:672][  0]LogConfig: Setting CVar [[r.VT.MaxAnisotropy:8]]
[2020.03.20-17.41.08:672][  0]LogConfig: Setting CVar [[r.Streaming.LimitPoolSizeToVRAM:0]]
[2020.03.20-17.41.08:672][  0]LogConfig: Setting CVar [[r.Streaming.PoolSize:1000]]
[2020.03.20-17.41.08:672][  0]LogConfig: Setting CVar [[r.Streaming.MaxEffectiveScreenSize:0]]
[2020.03.20-17.41.08:672][  0]LogConfig: Applying CVar settings from Section [EffectsQuality@3] File [D:/UE4Projects/GAMEJAMTIME/Saved/Config/Windows/Scalability.ini]
[2020.03.20-17.41.08:672][  0]LogConfig: Setting CVar [[r.TranslucencyLightingVolumeDim:64]]
[2020.03.20-17.41.08:672][  0]LogConfig: Setting CVar [[r.RefractionQuality:2]]
[2020.03.20-17.41.08:672][  0]LogConfig: Setting CVar [[r.SSR.Quality:3]]
[2020.03.20-17.41.08:672][  0]LogConfig: Setting CVar [[r.SSR.HalfResSceneColor:0]]
[2020.03.20-17.41.08:672][  0]LogConfig: Setting CVar [[r.SceneColorFormat:4]]
[2020.03.20-17.41.08:672][  0]LogConfig: Setting CVar [[r.DetailMode:2]]
[2020.03.20-17.41.08:672][  0]LogConfig: Setting CVar [[r.TranslucencyVolumeBlur:1]]
[2020.03.20-17.41.08:672][  0]LogConfig: Setting CVar [[r.MaterialQualityLevel:1 ; High quality]]
[2020.03.20-17.41.08:672][  0]LogConfig: Setting CVar [[r.SSS.Scale:1]]
[2020.03.20-17.41.08:673][  0]LogConfig: Setting CVar [[r.SSS.SampleSet:2]]
[2020.03.20-17.41.08:673][  0]LogConfig: Setting CVar [[r.SSS.Quality:1]]
[2020.03.20-17.41.08:673][  0]LogConfig: Setting CVar [[r.SSS.HalfRes:1]]
[2020.03.20-17.41.08:673][  0]LogConfig: Setting CVar [[r.SSGI.Quality:3]]
[2020.03.20-17.41.08:673][  0]LogConfig: Setting CVar [[r.EmitterSpawnRateScale:1.0]]
[2020.03.20-17.41.08:673][  0]LogConfig: Setting CVar [[r.ParticleLightQuality:2]]
[2020.03.20-17.41.08:673][  0]LogConfig: Setting CVar [[r.SkyAtmosphere.AerialPerspectiveLUT.FastApplyOnOpaque:1 ; Always have FastSkyLUT 1 in this case to avoid wrong sky]]
[2020.03.20-17.41.08:673][  0]LogConfig: Setting CVar [[r.SkyAtmosphere.AerialPerspectiveLUT.SampleCountPerSlice:1]]
[2020.03.20-17.41.08:673][  0]LogConfig: Setting CVar [[r.SkyAtmosphere.AerialPerspectiveLUT.DepthResolution:16.0]]
[2020.03.20-17.41.08:673][  0]LogConfig: Setting CVar [[r.SkyAtmosphere.FastSkyLUT:1]]
[2020.03.20-17.41.08:673][  0]LogConfig: Setting CVar [[r.SkyAtmosphere.FastSkyLUT.SampleCountMin:4.0]]
[2020.03.20-17.41.08:673][  0]LogConfig: Setting CVar [[r.SkyAtmosphere.FastSkyLUT.SampleCountMax:32.0]]
[2020.03.20-17.41.08:673][  0]LogConfig: Setting CVar [[r.SkyAtmosphere.SampleCountMin:4.0]]
[2020.03.20-17.41.08:673][  0]LogConfig: Setting CVar [[r.SkyAtmosphere.SampleCountMax:32.0]]
[2020.03.20-17.41.08:673][  0]LogConfig: Setting CVar [[r.SkyAtmosphere.TransmittanceLUT.UseSmallFormat:0]]
[2020.03.20-17.41.08:673][  0]LogConfig: Setting CVar [[r.SkyAtmosphere.TransmittanceLUT.SampleCount:10.0]]
[2020.03.20-17.41.08:673][  0]LogConfig: Setting CVar [[r.SkyAtmosphere.MultiScatteringLUT.SampleCount:15.0]]
[2020.03.20-17.41.08:673][  0]LogConfig: Applying CVar settings from Section [FoliageQuality@3] File [D:/UE4Projects/GAMEJAMTIME/Saved/Config/Windows/Scalability.ini]
[2020.03.20-17.41.08:673][  0]LogConfig: Setting CVar [[foliage.DensityScale:1.0]]
[2020.03.20-17.41.08:673][  0]LogConfig: Setting CVar [[grass.DensityScale:1.0]]
[2020.03.20-17.41.08:673][  0]LogConfig: Applying CVar settings from Section [ShadingQuality@3] File [D:/UE4Projects/GAMEJAMTIME/Saved/Config/Windows/Scalability.ini]
[2020.03.20-17.41.08:673][  0]LogConfig: Setting CVar [[r.HairStrands.SkyLighting.SampleCount:16]]
[2020.03.20-17.41.08:673][  0]LogConfig: Setting CVar [[r.HairStrands.SkyLighting.JitterIntegration:0]]
[2020.03.20-17.41.08:673][  0]LogConfig: Setting CVar [[r.HairStrands.SkyAO.SampleCount:16]]
[2020.03.20-17.41.08:673][  0]LogInit: Selected Device Profile: [Windows]
[2020.03.20-17.41.08:673][  0]LogInit: Applying CVar settings loaded from the selected device profile: [Windows]
[2020.03.20-17.41.08:676][  0]LogHAL: Display: Platform has ~ 16 GB [17119141888 / 17179869184 / 16], which maps to Larger [LargestMinGB=32, LargerMinGB=12, DefaultMinGB=8, SmallerMinGB=6, SmallestMinGB=0)
[2020.03.20-17.41.08:677][  0]LogInit: Going up to parent DeviceProfile []
[2020.03.20-17.41.08:677][  0]LogConfig: Applying CVar settings from Section [ViewDistanceQuality@Cine] File [D:/UE4Projects/GAMEJAMTIME/Saved/Config/Windows/Scalability.ini]
[2020.03.20-17.41.08:677][  0]LogConfig: Setting CVar [[r.SkeletalMeshLODBias:0]]
[2020.03.20-17.41.08:677][  0]LogConfig: Setting CVar [[r.ViewDistanceScale:10.0]]
[2020.03.20-17.41.08:677][  0]LogConfig: Applying CVar settings from Section [AntiAliasingQuality@Cine] File [D:/UE4Projects/GAMEJAMTIME/Saved/Config/Windows/Scalability.ini]
[2020.03.20-17.41.08:677][  0]LogConfig: Setting CVar [[r.PostProcessAAQuality:6]]
[2020.03.20-17.41.08:677][  0]LogConfig: Applying CVar settings from Section [ShadowQuality@Cine] File [D:/UE4Projects/GAMEJAMTIME/Saved/Config/Windows/Scalability.ini]
[2020.03.20-17.41.08:677][  0]LogConfig: Setting CVar [[r.LightFunctionQuality:1]]
[2020.03.20-17.41.08:677][  0]LogConfig: Setting CVar [[r.ShadowQuality:5]]
[2020.03.20-17.41.08:677][  0]LogConfig: Setting CVar [[r.Shadow.CSM.MaxCascades:10]]
[2020.03.20-17.41.08:677][  0]LogConfig: Setting CVar [[r.Shadow.MaxResolution:4096]]
[2020.03.20-17.41.08:677][  0]LogConfig: Setting CVar [[r.Shadow.MaxCSMResolution:4096]]
[2020.03.20-17.41.08:677][  0]LogConfig: Setting CVar [[r.Shadow.RadiusThreshold:0]]
[2020.03.20-17.41.08:677][  0]LogConfig: Setting CVar [[r.Shadow.DistanceScale:1.0]]
[2020.03.20-17.41.08:677][  0]LogConfig: Setting CVar [[r.Shadow.CSM.TransitionScale:1.0]]
[2020.03.20-17.41.08:677][  0]LogConfig: Setting CVar [[r.Shadow.PreShadowResolutionFactor:1.0]]
[2020.03.20-17.41.08:677][  0]LogConfig: Setting CVar [[r.DistanceFieldShadowing:1]]
[2020.03.20-17.41.08:677][  0]LogConfig: Setting CVar [[r.DistanceFieldAO:1]]
[2020.03.20-17.41.08:677][  0]LogConfig: Setting CVar [[r.AOQuality:2]]
[2020.03.20-17.41.08:677][  0]LogConfig: Setting CVar [[r.VolumetricFog:1]]
[2020.03.20-17.41.08:677][  0]LogConfig: Setting CVar [[r.VolumetricFog.GridPixelSize:4]]
[2020.03.20-17.41.08:677][  0]LogConfig: Setting CVar [[r.VolumetricFog.GridSizeZ:128]]
[2020.03.20-17.41.08:677][  0]LogConfig: Setting CVar [[r.VolumetricFog.HistoryMissSupersampleCount:16]]
[2020.03.20-17.41.08:677][  0]LogConfig: Setting CVar [[r.LightMaxDrawDistanceScale:1]]
[2020.03.20-17.41.08:677][  0]LogConfig: Setting CVar [[r.CapsuleShadows:1]]
[2020.03.20-17.41.08:677][  0]LogConfig: Applying CVar settings from Section [PostProcessQuality@Cine] File [D:/UE4Projects/GAMEJAMTIME/Saved/Config/Windows/Scalability.ini]
[2020.03.20-17.41.08:677][  0]LogConfig: Setting CVar [[r.MotionBlurQuality:4]]
[2020.03.20-17.41.08:677][  0]LogConfig: Setting CVar [[r.AmbientOcclusionMipLevelFactor:0.4]]
[2020.03.20-17.41.08:677][  0]LogConfig: Setting CVar [[r.AmbientOcclusionMaxQuality:100]]
[2020.03.20-17.41.08:677][  0]LogConfig: Setting CVar [[r.AmbientOcclusionLevels:-1]]
[2020.03.20-17.41.08:677][  0]LogConfig: Setting CVar [[r.AmbientOcclusionRadiusScale:1.0]]
[2020.03.20-17.41.08:677][  0]LogConfig: Setting CVar [[r.DepthOfFieldQuality:4]]
[2020.03.20-17.41.08:677][  0]LogConfig: Setting CVar [[r.RenderTargetPoolMin:1000]]
[2020.03.20-17.41.08:677][  0]LogConfig: Setting CVar [[r.LensFlareQuality:3]]
[2020.03.20-17.41.08:677][  0]LogConfig: Setting CVar [[r.SceneColorFringeQuality:1]]
[2020.03.20-17.41.08:677][  0]LogConfig: Setting CVar [[r.EyeAdaptationQuality:2]]
[2020.03.20-17.41.08:677][  0]LogConfig: Setting CVar [[r.BloomQuality:5]]
[2020.03.20-17.41.08:677][  0]LogConfig: Setting CVar [[r.FastBlurThreshold:100]]
[2020.03.20-17.41.08:677][  0]LogConfig: Setting CVar [[r.Upscale.Quality:3]]
[2020.03.20-17.41.08:677][  0]LogConfig: Setting CVar [[r.Tonemapper.GrainQuantization:1]]
[2020.03.20-17.41.08:677][  0]LogConfig: Setting CVar [[r.LightShaftQuality:1]]
[2020.03.20-17.41.08:677][  0]LogConfig: Setting CVar [[r.Filter.SizeScale:1]]
[2020.03.20-17.41.08:677][  0]LogConfig: Setting CVar [[r.Tonemapper.Quality:5]]
[2020.03.20-17.41.08:677][  0]LogConfig: Setting CVar [[r.DOF.Gather.AccumulatorQuality:1        ; higher gathering accumulator quality]]
[2020.03.20-17.41.08:677][  0]LogConfig: Setting CVar [[r.DOF.Gather.PostfilterMethod:1          ; Median3x3 postfilering method]]
[2020.03.20-17.41.08:677][  0]LogConfig: Setting CVar [[r.DOF.Gather.EnableBokehSettings:1       ; bokeh simulation when gathering]]
[2020.03.20-17.41.08:677][  0]LogConfig: Setting CVar [[r.DOF.Gather.RingCount:5                 ; high number of samples when gathering]]
[2020.03.20-17.41.08:677][  0]LogConfig: Setting CVar [[r.DOF.Scatter.ForegroundCompositing:1    ; additive foreground scattering]]
[2020.03.20-17.41.08:677][  0]LogConfig: Setting CVar [[r.DOF.Scatter.BackgroundCompositing:2    ; background scattering occlusion]]
[2020.03.20-17.41.08:677][  0]LogConfig: Setting CVar [[r.DOF.Scatter.EnableBokehSettings:1      ; no bokeh simulation when scattering]]
[2020.03.20-17.41.08:677][  0]LogConfig: Setting CVar [[r.DOF.Scatter.MaxSpriteRatio:0.25        ; only a maximum of 10% of scattered bokeh]]
[2020.03.20-17.41.08:677][  0]LogConfig: Setting CVar [[r.DOF.Recombine.Quality:2                ; highest slight out of focus]]
[2020.03.20-17.41.08:677][  0]LogConfig: Setting CVar [[r.DOF.Recombine.EnableBokehSettings:1    ; bokeh simulation on slight out of focus]]
[2020.03.20-17.41.08:677][  0]LogConfig: Setting CVar [[r.DOF.TemporalAAQuality:1                ; more stable temporal accumulation]]
[2020.03.20-17.41.08:677][  0]LogConfig: Setting CVar [[r.DOF.Kernel.MaxForegroundRadius:0.025]]
[2020.03.20-17.41.08:677][  0]LogConfig: Setting CVar [[r.DOF.Kernel.MaxBackgroundRadius:0.025]]
[2020.03.20-17.41.08:677][  0]LogConfig: Applying CVar settings from Section [TextureQuality@Cine] File [D:/UE4Projects/GAMEJAMTIME/Saved/Config/Windows/Scalability.ini]
[2020.03.20-17.41.08:677][  0]LogConfig: Setting CVar [[r.Streaming.MipBias:0]]
[2020.03.20-17.41.08:677][  0]LogConfig: Setting CVar [[r.Streaming.AmortizeCPUToGPUCopy:0]]
[2020.03.20-17.41.08:677][  0]LogConfig: Setting CVar [[r.Streaming.MaxNumTexturesToStreamPerFrame:0]]
[2020.03.20-17.41.08:677][  0]LogConfig: Setting CVar [[r.Streaming.Boost:1]]
[2020.03.20-17.41.08:677][  0]LogConfig: Setting CVar [[r.MaxAnisotropy:8]]
[2020.03.20-17.41.08:677][  0]LogConfig: Setting CVar [[r.VT.MaxAnisotropy:8]]
[2020.03.20-17.41.08:678][  0]LogConfig: Setting CVar [[r.Streaming.LimitPoolSizeToVRAM:0]]
[2020.03.20-17.41.08:678][  0]LogConfig: Setting CVar [[r.Streaming.PoolSize:3000]]
[2020.03.20-17.41.08:678][  0]LogConfig: Setting CVar [[r.Streaming.MaxEffectiveScreenSize:0]]
[2020.03.20-17.41.08:678][  0]LogConfig: Applying CVar settings from Section [EffectsQuality@Cine] File [D:/UE4Projects/GAMEJAMTIME/Saved/Config/Windows/Scalability.ini]
[2020.03.20-17.41.08:678][  0]LogConfig: Setting CVar [[r.TranslucencyLightingVolumeDim:64]]
[2020.03.20-17.41.08:678][  0]LogConfig: Setting CVar [[r.RefractionQuality:2]]
[2020.03.20-17.41.08:678][  0]LogConfig: Setting CVar [[r.SSR.Quality:4]]
[2020.03.20-17.41.08:678][  0]LogConfig: Setting CVar [[r.SSR.HalfResSceneColor:0]]
[2020.03.20-17.41.08:678][  0]LogConfig: Setting CVar [[r.SceneColorFormat:4]]
[2020.03.20-17.41.08:678][  0]LogConfig: Setting CVar [[r.DetailMode:2]]
[2020.03.20-17.41.08:678][  0]LogConfig: Setting CVar [[r.TranslucencyVolumeBlur:1]]
[2020.03.20-17.41.08:678][  0]LogConfig: Setting CVar [[r.MaterialQualityLevel:1 ; High quality]]
[2020.03.20-17.41.08:678][  0]LogConfig: Setting CVar [[r.SSS.Scale:1]]
[2020.03.20-17.41.08:678][  0]LogConfig: Setting CVar [[r.SSS.SampleSet:2]]
[2020.03.20-17.41.08:678][  0]LogConfig: Setting CVar [[r.SSS.Quality:1]]
[2020.03.20-17.41.08:678][  0]LogConfig: Setting CVar [[r.SSS.HalfRes:0]]
[2020.03.20-17.41.08:678][  0]LogConfig: Setting CVar [[r.SSGI.Quality:4]]
[2020.03.20-17.41.08:678][  0]LogConfig: Setting CVar [[r.EmitterSpawnRateScale:1.0]]
[2020.03.20-17.41.08:678][  0]LogConfig: Setting CVar [[r.ParticleLightQuality:2]]
[2020.03.20-17.41.08:678][  0]LogConfig: Setting CVar [[r.SkyAtmosphere.AerialPerspectiveLUT.FastApplyOnOpaque:0]]
[2020.03.20-17.41.08:678][  0]LogConfig: Setting CVar [[r.SkyAtmosphere.AerialPerspectiveLUT.SampleCountPerSlice:2]]
[2020.03.20-17.41.08:678][  0]LogConfig: Setting CVar [[r.SkyAtmosphere.AerialPerspectiveLUT.DepthResolution:32.0]]
[2020.03.20-17.41.08:678][  0]LogConfig: Setting CVar [[r.SkyAtmosphere.FastSkyLUT:0]]
[2020.03.20-17.41.08:678][  0]LogConfig: Setting CVar [[r.SkyAtmosphere.FastSkyLUT.SampleCountMin:4.0]]
[2020.03.20-17.41.08:678][  0]LogConfig: Setting CVar [[r.SkyAtmosphere.FastSkyLUT.SampleCountMax:32.0]]
[2020.03.20-17.41.08:678][  0]LogConfig: Setting CVar [[r.SkyAtmosphere.SampleCountMin:8.0]]
[2020.03.20-17.41.08:678][  0]LogConfig: Setting CVar [[r.SkyAtmosphere.SampleCountMax:32.0]]
[2020.03.20-17.41.08:678][  0]LogConfig: Setting CVar [[r.SkyAtmosphere.TransmittanceLUT.UseSmallFormat:0]]
[2020.03.20-17.41.08:678][  0]LogConfig: Setting CVar [[r.SkyAtmosphere.TransmittanceLUT.SampleCount:30.0]]
[2020.03.20-17.41.08:678][  0]LogConfig: Setting CVar [[r.SkyAtmosphere.MultiScatteringLUT.SampleCount:20.0]]
[2020.03.20-17.41.08:678][  0]LogConfig: Applying CVar settings from Section [FoliageQuality@Cine] File [D:/UE4Projects/GAMEJAMTIME/Saved/Config/Windows/Scalability.ini]
[2020.03.20-17.41.08:678][  0]LogConfig: Setting CVar [[foliage.DensityScale:1.0]]
[2020.03.20-17.41.08:678][  0]LogConfig: Setting CVar [[grass.DensityScale:1.0]]
[2020.03.20-17.41.08:678][  0]LogConfig: Applying CVar settings from Section [ShadingQuality@3] File [D:/UE4Projects/GAMEJAMTIME/Saved/Config/Windows/Scalability.ini]
[2020.03.20-17.41.08:678][  0]LogConfig: Setting CVar [[r.HairStrands.SkyLighting.SampleCount:16]]
[2020.03.20-17.41.08:678][  0]LogConfig: Setting CVar [[r.HairStrands.SkyLighting.JitterIntegration:0]]
[2020.03.20-17.41.08:678][  0]LogConfig: Setting CVar [[r.HairStrands.SkyAO.SampleCount:16]]
[2020.03.20-17.41.08:678][  0]LogConfig: Applying CVar settings from Section [Startup] File [../../../Engine/Config/ConsoleVariables.ini]
[2020.03.20-17.41.08:678][  0]LogConfig: Setting CVar [[net.UseAdaptiveNetUpdateFrequency:0]]
[2020.03.20-17.41.08:678][  0]LogConfig: Setting CVar [[p.chaos.AllowCreatePhysxBodies:1]]
[2020.03.20-17.41.08:678][  0]LogConfig: Setting CVar [[fx.SkipVectorVMBackendOptimizations:1]]
[2020.03.20-17.41.08:678][  0]LogConfig: Applying CVar settings from Section [ConsoleVariables] File [D:/UE4Projects/GAMEJAMTIME/Saved/Config/Windows/Engine.ini]
[2020.03.20-17.41.08:679][  0]LogInit: Computer: BIRDNEST
[2020.03.20-17.41.08:679][  0]LogInit: User: gones
[2020.03.20-17.41.08:679][  0]LogInit: CPU Page size=4096, Cores=4
[2020.03.20-17.41.08:679][  0]LogInit: High frequency timer resolution =10.000000 MHz
[2020.03.20-17.41.08:679][  0]LogMemory: Memory total: Physical=15.9GB (16GB approx)
[2020.03.20-17.41.08:679][  0]LogMemory: Platform Memory Stats for Windows
[2020.03.20-17.41.08:679][  0]LogMemory: Process Physical Memory: 104.01 MB used, 104.01 MB peak
[2020.03.20-17.41.08:679][  0]LogMemory: Process Virtual Memory: 99.78 MB used, 99.78 MB peak
[2020.03.20-17.41.08:679][  0]LogMemory: Physical Memory: 11193.31 MB used,  5132.78 MB free, 16326.09 MB total
[2020.03.20-17.41.08:679][  0]LogMemory: Virtual Memory: 5118.99 MB used,  134212608.00 MB free, 134217728.00 MB total
[2020.03.20-17.41.08:683][  0]LogWindows: WindowsPlatformFeatures enabled
[2020.03.20-17.41.08:708][  0]LogInit: Using OS detected language (en-GB).
[2020.03.20-17.41.08:708][  0]LogInit: Using OS detected locale (en-GB).
[2020.03.20-17.41.08:709][  0]LogTextLocalizationManager: No specific localization for 'en-GB' exists, so the 'en' localization will be used.
[2020.03.20-17.41.08:893][  0]LogInit: Setting process to per monitor DPI aware
[2020.03.20-17.41.08:926][  0]LogSlate: New Slate User Created.  User Index 0, Is Virtual User: 0
[2020.03.20-17.41.08:926][  0]LogSlate: Slate User Registered.  User Index 0, Is Virtual User: 0
[2020.03.20-17.41.09:134][  0]LogD3D11RHI: D3D11 min allowed feature level: 11_0
[2020.03.20-17.41.09:134][  0]LogD3D11RHI: D3D11 max allowed feature level: 11_0
[2020.03.20-17.41.09:134][  0]LogD3D11RHI: D3D11 adapters:
[2020.03.20-17.41.09:202][  0]LogD3D11RHI:    0. 'NVIDIA GeForce GTX 1070' (Feature Level 11_0)
[2020.03.20-17.41.09:202][  0]LogD3D11RHI:       8088/0/8163 MB DedicatedVideo/DedicatedSystem/SharedSystem, Outputs:1, VendorId:0x10de
[2020.03.20-17.41.09:205][  0]LogD3D11RHI:    1. 'Microsoft Basic Render Driver' (Feature Level 11_0)
[2020.03.20-17.41.09:205][  0]LogD3D11RHI:       0/0/8163 MB DedicatedVideo/DedicatedSystem/SharedSystem, Outputs:0, VendorId:0x1414
[2020.03.20-17.41.09:205][  0]LogD3D11RHI: Chosen D3D11 Adapter: 0
[2020.03.20-17.41.09:217][  0]LogD3D11RHI: Creating new Direct3DDevice
[2020.03.20-17.41.09:217][  0]LogD3D11RHI:     GPU DeviceId: 0x1b81 (for the marketing name, search the web for "GPU Device Id")
[2020.03.20-17.41.09:217][  0]LogWindows: EnumDisplayDevices:
[2020.03.20-17.41.09:217][  0]LogWindows:    0. 'NVIDIA GeForce GTX 1070' (P:1 D:1)
[2020.03.20-17.41.09:217][  0]LogWindows:    1. 'NVIDIA GeForce GTX 1070' (P:0 D:0)
[2020.03.20-17.41.09:218][  0]LogWindows:    2. 'NVIDIA GeForce GTX 1070' (P:0 D:0)
[2020.03.20-17.41.09:218][  0]LogWindows:    3. 'NVIDIA GeForce GTX 1070' (P:0 D:0)
[2020.03.20-17.41.09:218][  0]LogWindows: DebugString: FoundDriverCount:4 
[2020.03.20-17.41.09:218][  0]LogD3D11RHI:     Adapter Name: NVIDIA GeForce GTX 1070
[2020.03.20-17.41.09:218][  0]LogD3D11RHI:   Driver Version: 441.87 (internal:26.21.14.4187, unified:441.87)
[2020.03.20-17.41.09:218][  0]LogD3D11RHI:      Driver Date: 12-24-2019
[2020.03.20-17.41.09:218][  0]LogRHI: Texture pool is 5661 MB (70% of 8088 MB)
[2020.03.20-17.41.09:260][  0]LogD3D11RHI: RHI has support for 64 bit atomics
[2020.03.20-17.41.09:260][  0]LogD3D11RHI: Async texture creation enabled
[2020.03.20-17.41.09:275][  0]LogD3D11RHI: GPU Timing Frequency: 1000.000000 (Debug: 2 1)
[2020.03.20-17.41.09:652][  0]LogTargetPlatformManager: Display: Loaded TargetPlatform 'AllDesktop'
[2020.03.20-17.41.09:688][  0]LogTargetPlatformManager: Display: Loaded TargetPlatform 'Android'
[2020.03.20-17.41.09:688][  0]LogTargetPlatformManager: Display: Loaded TargetPlatform 'Android_ASTC'
[2020.03.20-17.41.09:688][  0]LogTargetPlatformManager: Display: Loaded TargetPlatform 'Android_ATC'
[2020.03.20-17.41.09:688][  0]LogTargetPlatformManager: Display: Loaded TargetPlatform 'Android_DXT'
[2020.03.20-17.41.09:688][  0]LogTargetPlatformManager: Display: Loaded TargetPlatform 'Android_ETC1'
[2020.03.20-17.41.09:688][  0]LogTargetPlatformManager: Display: Loaded TargetPlatform 'Android_ETC1a'
[2020.03.20-17.41.09:688][  0]LogTargetPlatformManager: Display: Loaded TargetPlatform 'Android_ETC2'
[2020.03.20-17.41.09:688][  0]LogTargetPlatformManager: Display: Loaded TargetPlatform 'Android_PVRTC'
[2020.03.20-17.41.09:688][  0]LogTargetPlatformManager: Display: Loaded TargetPlatform 'AndroidClient'
[2020.03.20-17.41.09:688][  0]LogTargetPlatformManager: Display: Loaded TargetPlatform 'Android_ASTCClient'
[2020.03.20-17.41.09:688][  0]LogTargetPlatformManager: Display: Loaded TargetPlatform 'Android_ATCClient'
[2020.03.20-17.41.09:688][  0]LogTargetPlatformManager: Display: Loaded TargetPlatform 'Android_DXTClient'
[2020.03.20-17.41.09:688][  0]LogTargetPlatformManager: Display: Loaded TargetPlatform 'Android_ETC1Client'
[2020.03.20-17.41.09:688][  0]LogTargetPlatformManager: Display: Loaded TargetPlatform 'Android_ETC1aClient'
[2020.03.20-17.41.09:688][  0]LogTargetPlatformManager: Display: Loaded TargetPlatform 'Android_ETC2Client'
[2020.03.20-17.41.09:688][  0]LogTargetPlatformManager: Display: Loaded TargetPlatform 'Android_PVRTCClient'
[2020.03.20-17.41.09:688][  0]LogTargetPlatformManager: Display: Loaded TargetPlatform 'Android_Multi'
[2020.03.20-17.41.09:688][  0]LogTargetPlatformManager: Display: Loaded TargetPlatform 'Android_MultiClient'
[2020.03.20-17.41.09:709][  0]LogTargetPlatformManager: Display: Loaded TargetPlatform 'IOSClient'
[2020.03.20-17.41.09:709][  0]LogTargetPlatformManager: Display: Loaded TargetPlatform 'IOS'
[2020.03.20-17.41.09:717][  0]LogTargetPlatformManager: Display: Loaded TargetPlatform 'LinuxNoEditor'
[2020.03.20-17.41.09:725][  0]LogTargetPlatformManager: Display: Loaded TargetPlatform 'LinuxClient'
[2020.03.20-17.41.09:732][  0]LogTargetPlatformManager: Display: Loaded TargetPlatform 'LinuxServer'
[2020.03.20-17.41.09:741][  0]LogTargetPlatformManager: Display: Loaded TargetPlatform 'LinuxAArch64NoEditor'
[2020.03.20-17.41.09:749][  0]LogTargetPlatformManager: Display: Loaded TargetPlatform 'LinuxAArch64Client'
[2020.03.20-17.41.09:758][  0]LogTargetPlatformManager: Display: Loaded TargetPlatform 'LinuxAArch64Server'
[2020.03.20-17.41.09:788][  0]LogTargetPlatformManager: Display: Loaded TargetPlatform 'Lumin'
[2020.03.20-17.41.09:788][  0]LogTargetPlatformManager: Display: Loaded TargetPlatform 'LuminClient'
[2020.03.20-17.41.09:804][  0]LogTargetPlatformManager: Display: Loaded TargetPlatform 'TVOSClient'
[2020.03.20-17.41.09:804][  0]LogTargetPlatformManager: Display: Loaded TargetPlatform 'TVOS'
[2020.03.20-17.41.09:812][  0]LogTargetPlatformManager: Display: Loaded TargetPlatform 'WindowsNoEditor'
[2020.03.20-17.41.09:822][  0]LogTargetPlatformManager: Display: Loaded TargetPlatform 'Windows'
[2020.03.20-17.41.09:830][  0]LogTargetPlatformManager: Display: Loaded TargetPlatform 'WindowsClient'
[2020.03.20-17.41.09:838][  0]LogTargetPlatformManager: Display: Loaded TargetPlatform 'WindowsServer'
[2020.03.20-17.41.09:838][  0]LogTargetPlatformManager: Display: Building Assets For Windows
[2020.03.20-17.41.09:842][  0]LogAudioDebug: Display: Lib vorbis DLL was dynamically loaded.
[2020.03.20-17.41.09:882][  0]LogShaderCompilers: Guid format shader working directory is 4 characters bigger than the processId version (../../../../../../UE4Projects/GAMEJAMTIME/Intermediate/Shaders/WorkingDirectory/38328/).
[2020.03.20-17.41.09:883][  0]LogShaderCompilers: Cleaned the shader compiler working directory 'C:/Users/gones/AppData/Local/Temp/UnrealShaderWorkingDir/47722CE944F1AD1C89EE41A4BFD28D69/'.
[2020.03.20-17.41.09:883][  0]LogXGEController: Cannot use XGE Controller as Incredibuild is not installed on this machine.
[2020.03.20-17.41.09:883][  0]LogShaderCompilers: Cannot use XGE Shader Compiler as Incredibuild is not installed on this machine.
[2020.03.20-17.41.09:883][  0]LogShaderCompilers: Display: Using Local Shader Compiler.
[2020.03.20-17.41.10:912][  0]LogDerivedDataCache: Display: Max Cache Size: 512 MB
[2020.03.20-17.41.10:971][  0]LogDerivedDataCache: Loaded boot cache 0.06s 81MB C:/Users/gones/AppData/Local/UnrealEngine/4.24/DerivedDataCache/Boot.ddc.
[2020.03.20-17.41.10:971][  0]LogDerivedDataCache: Display: Loaded Boot cache: C:/Users/gones/AppData/Local/UnrealEngine/4.24/DerivedDataCache/Boot.ddc
[2020.03.20-17.41.10:971][  0]LogDerivedDataCache: FDerivedDataBackendGraph:  Pak pak cache file ../../../../../../UE4Projects/GAMEJAMTIME/DerivedDataCache/DDC.ddp not found, will not use a pak cache.
[2020.03.20-17.41.10:971][  0]LogDerivedDataCache: Unable to find inner node Pak for hierarchical cache Hierarchy.
[2020.03.20-17.41.10:971][  0]LogDerivedDataCache: FDerivedDataBackendGraph:  CompressedPak pak cache file ../../../../../../UE4Projects/GAMEJAMTIME/DerivedDataCache/Compressed.ddp not found, will not use a pak cache.
[2020.03.20-17.41.10:971][  0]LogDerivedDataCache: Unable to find inner node CompressedPak for hierarchical cache Hierarchy.
[2020.03.20-17.41.10:982][  0]LogDerivedDataCache: Display: Pak cache opened for reading ../../../Engine/DerivedDataCache/Compressed.ddp.
[2020.03.20-17.41.10:982][  0]LogDerivedDataCache: FDerivedDataBackendGraph:  EnterprisePak pak cache file ../../../Enterprise/DerivedDataCache/Compressed.ddp not found, will not use a pak cache.
[2020.03.20-17.41.10:982][  0]LogDerivedDataCache: Unable to find inner node EnterprisePak for hierarchical cache Hierarchy.
[2020.03.20-17.41.10:983][  0]LogDerivedDataCache: Using Local data cache path C:/Users/gones/AppData/Local/UnrealEngine/Common/DerivedDataCache: Writable
[2020.03.20-17.41.10:983][  0]LogDerivedDataCache: Shared data cache path not found in *engine.ini, will not use an Shared cache.
[2020.03.20-17.41.10:983][  0]LogDerivedDataCache: Unable to find inner node Shared for hierarchical cache Hierarchy.
[2020.03.20-17.41.11:009][  0]LogMaterial: Verifying Global Shaders for PCD3D_SM5
[2020.03.20-17.41.11:011][  0]LogSlate: Using FreeType 2.10.0
[2020.03.20-17.41.11:012][  0]LogSlate: SlateFontServices - WITH_FREETYPE: 1, WITH_HARFBUZZ: 1
[2020.03.20-17.41.11:087][  0]LogAssetRegistry: FAssetRegistry took 0.0060 seconds to start up
[2020.03.20-17.41.11:456][  0]LogInit: Selected Device Profile: [Windows]
[2020.03.20-17.41.11:680][  0]LogMeshReduction: Using QuadricMeshReduction for automatic static mesh reduction
[2020.03.20-17.41.11:680][  0]LogMeshReduction: Using SimplygonMeshReduction for automatic skeletal mesh reduction
[2020.03.20-17.41.11:680][  0]LogMeshReduction: Using ProxyLODMeshReduction for automatic mesh merging
[2020.03.20-17.41.11:680][  0]LogMeshReduction: No distributed automatic mesh merging module available
[2020.03.20-17.41.11:680][  0]LogMeshMerging: No distributed automatic mesh merging module available
[2020.03.20-17.41.11:694][  0]LogNetVersion: GAMEJAMTIME 1.0.0, NetCL: 10570792, EngineNetVer: 13, GameNetVer: 0 (Checksum: 821833076)
[2020.03.20-17.41.13:035][  0]LogPackageLocalizationCache: Processed 9 localized package path(s) for 1 prioritized culture(s) in 0.034832 seconds
[2020.03.20-17.41.13:043][  0]LogUObjectArray: 46123 objects as part of root set at end of initial load.
[2020.03.20-17.41.13:043][  0]LogUObjectAllocator: 8035544 out of 0 bytes used by permanent object pool.
[2020.03.20-17.41.13:043][  0]LogUObjectArray: CloseDisregardForGC: 0/0 objects in disregard for GC pool
[2020.03.20-17.41.15:917][  0]LogTcpMessaging: Initializing TcpMessaging bridge
[2020.03.20-17.41.15:921][  0]LogUdpMessaging: Initializing bridge on interface 0.0.0.0:0 to multicast group 230.0.0.1:6666.
[2020.03.20-17.41.15:988][  0]SourceControl: Source control is disabled
[2020.03.20-17.41.15:988][  0]SourceControl: Source control is disabled
[2020.03.20-17.41.15:989][  0]SourceControl: Source control is disabled
[2020.03.20-17.41.15:990][  0]SourceControl: Source control is disabled
[2020.03.20-17.41.15:991][  0]SourceControl: Source control is disabled
[2020.03.20-17.41.16:623][  0]LogAndroidPermission: UAndroidPermissionCallbackProxy::GetInstance
[2020.03.20-17.41.16:635][  0]LogAudioCaptureCore: Display: No Audio Capture implementations found. Audio input will be silent.
[2020.03.20-17.41.16:635][  0]LogAudioCaptureCore: Display: No Audio Capture implementations found. Audio input will be silent.
[2020.03.20-17.41.16:915][  0]LogEngine: Initializing Engine...
[2020.03.20-17.41.16:916][  0]LogStats: UGameplayTagsManager::InitializeManager -  0.000 s
[2020.03.20-17.41.17:505][  0]LogInit: Initializing FReadOnlyCVARCache
[2020.03.20-17.41.17:535][  0]LogAIModule: Creating AISystem for world Untitled
[2020.03.20-17.41.17:538][  0]LogAudioMixer: Display: Audio Mixer Platform Settings:
[2020.03.20-17.41.17:538][  0]LogAudioMixer: Display: 	Sample Rate:						  48000
[2020.03.20-17.41.17:538][  0]LogAudioMixer: Display: 	Callback Buffer Frame Size Requested: 1024
[2020.03.20-17.41.17:538][  0]LogAudioMixer: Display: 	Callback Buffer Frame Size To Use:	  1024
[2020.03.20-17.41.17:538][  0]LogAudioMixer: Display: 	Number of buffers to queue:			  2
[2020.03.20-17.41.17:538][  0]LogAudioMixer: Display: 	Max Channels (voices):				  32
[2020.03.20-17.41.17:538][  0]LogAudioMixer: Display: 	Number of Async Source Workers:		  0
[2020.03.20-17.41.17:538][  0]LogAudio: Display: AudioDevice MaxSources: 32
[2020.03.20-17.41.17:538][  0]LogAudio: Display: Using built-in audio occlusion.
[2020.03.20-17.41.17:538][  0]LogAudioMixer: Display: Initializing audio mixer.
[2020.03.20-17.41.17:567][  0]LogAudioMixer: Display: Audio Device Output Speaker Info:
[2020.03.20-17.41.17:567][  0]LogAudioMixer: Display: Name: Høyttalere (Realtek High Definition Audio)
[2020.03.20-17.41.17:567][  0]LogAudioMixer: Display: Is Default: Yes
[2020.03.20-17.41.17:567][  0]LogAudioMixer: Display: Sample Rate: 48000
[2020.03.20-17.41.17:567][  0]LogAudioMixer: Display: Channel Count Used: 2
[2020.03.20-17.41.17:567][  0]LogAudioMixer: Display: Device Channel Count: 2
[2020.03.20-17.41.17:567][  0]LogAudioMixer: Display: Channel Order:
[2020.03.20-17.41.17:567][  0]LogAudioMixer: Display: 0: FrontLeft
[2020.03.20-17.41.17:567][  0]LogAudioMixer: Display: 1: FrontRight
[2020.03.20-17.41.17:629][  0]LogAudioMixer: Display: Using Audio Device Høyttalere (Realtek High Definition Audio)
[2020.03.20-17.41.17:631][  0]LogInit: FAudioDevice initialized.
[2020.03.20-17.41.17:632][  0]LogNetVersion: Set ProjectVersion to 1.0.0.0. Version Checksum will be recalculated on next use.
[2020.03.20-17.41.17:712][  0]LogDerivedDataCache: Saved boot cache 0.08s 94MB C:/Users/gones/AppData/Local/UnrealEngine/4.24/DerivedDataCache/Boot.ddc.
[2020.03.20-17.41.17:722][  0]LogInit: Texture streaming: Enabled
[2020.03.20-17.41.17:736][  0]LogEngineSessionManager: EngineSessionManager initialized
[2020.03.20-17.41.17:736][  0]LogEditorSessionSummary: Verbose: Initializing EditorSessionSummaryWriter for editor session tracking
[2020.03.20-17.41.17:739][  0]LogEditorSessionSummary: EditorSessionSummaryWriter initialized
[2020.03.20-17.41.17:818][  0]LogInit: Transaction tracking system initialized
[2020.03.20-17.41.17:830][  0]BlueprintLog: New page: Editor Load
[2020.03.20-17.41.17:868][  0]LocalizationService: Localization service is disabled
[2020.03.20-17.41.18:230][  0]LogFileCache: Scanning file cache for directory 'D:/UE4Projects/GAMEJAMTIME/Content/' took 0.00s
[2020.03.20-17.41.18:230][  0]LogCook: Display: Max memory allowance for cook 16384mb min free memory 0mb
[2020.03.20-17.41.18:230][  0]LogCook: Display: Mobile HDR setting 1
[2020.03.20-17.41.18:451][  0]SourceControl: Source control is disabled
[2020.03.20-17.41.18:451][  0]Cmd: MAP LOAD FILE="../../../Engine/Content/Maps/Templates/Template_Default.umap" TEMPLATE=1 SHOWPROGRESS=1 FEATURELEVEL=3
[2020.03.20-17.41.18:452][  0]LightingResults: New page: Lighting Build
[2020.03.20-17.41.18:452][  0]LogWorld: UWorld::CleanupWorld for Untitled, bSessionEnded=true, bCleanupResources=true
[2020.03.20-17.41.18:509][  0]LogSlate: InvalidateAllWidgets triggered.  All widgets were invalidated
[2020.03.20-17.41.18:510][  0]MapCheck: New page: Map Check
[2020.03.20-17.41.18:510][  0]LightingResults: New page: Lighting Build
[2020.03.20-17.41.18:571][  0]LogUObjectHash: Compacting FUObjectHashTables data took   1.62ms
[2020.03.20-17.41.18:657][  0]LogAIModule: Creating AISystem for world Untitled_1
[2020.03.20-17.41.18:662][  0]LogEditorServer: Finished looking for orphan Actors (0.000 secs)
[2020.03.20-17.41.18:686][  0]LogUObjectHash: Compacting FUObjectHashTables data took   2.02ms
[2020.03.20-17.41.18:687][  0]Cmd: MAP CHECKDEP NOCLEARLOG
[2020.03.20-17.41.18:687][  0]MapCheck: Map check complete: 0 Error(s), 0 Warning(s), took 0.367ms to complete.
[2020.03.20-17.41.18:687][  0]LogFileHelpers: Loading map 'Template_Default' took 0.236
[2020.03.20-17.41.18:906][  0]LogSlate: Updating window title bar state: overlay mode, drag disabled, window buttons hidden, title bar hidden
[2020.03.20-17.41.18:914][  0]LogSlate: Updating window title bar state: overlay mode, drag disabled, window buttons hidden, title bar hidden
[2020.03.20-17.41.18:922][  0]LogSlate: Updating window title bar state: overlay mode, drag disabled, window buttons hidden, title bar hidden
[2020.03.20-17.41.18:930][  0]LogSlate: Updating window title bar state: overlay mode, drag disabled, window buttons hidden, title bar hidden
[2020.03.20-17.41.18:935][  0]LogCollectionManager: Loaded 0 collections in 0.001212 seconds
[2020.03.20-17.41.18:955][  0]LogFileCache: Scanning file cache for directory 'D:/UE4Projects/GAMEJAMTIME/Saved/Collections/' took 0.00s
[2020.03.20-17.41.18:955][  0]LogFileCache: Scanning file cache for directory 'D:/UE4Projects/GAMEJAMTIME/Content/Developers/gones/Collections/' took 0.00s
[2020.03.20-17.41.18:955][  0]LogFileCache: Scanning file cache for directory 'D:/UE4Projects/GAMEJAMTIME/Content/Collections/' took 0.00s
[2020.03.20-17.41.18:955][  0]LogContentBrowser: Native class hierarchy populated in 0.0093 seconds. Added 3147 classes and 719 folders.
[2020.03.20-17.41.18:984][  0]LogContentBrowser: Native class hierarchy updated for 'WidgetCarousel' in 0.0003 seconds. Added 0 classes and 0 folders.
[2020.03.20-17.41.19:070][  0]LogContentBrowser: Native class hierarchy updated for 'AddContentDialog' in 0.0003 seconds. Added 0 classes and 0 folders.
[2020.03.20-17.41.19:073][  0]LogContentBrowser: Native class hierarchy updated for 'SceneOutliner' in 0.0003 seconds. Added 2 classes and 3 folders.
[2020.03.20-17.41.19:223][  0]LogSlate: Took 0.000388 seconds to synchronously load lazily loaded font '../../../Engine/Content/Slate/Fonts/Roboto-Regular.ttf' (155K)
[2020.03.20-17.41.21:065][  0]LogSlate: Took 0.000203 seconds to synchronously load lazily loaded font '../../../Engine/Content/Slate/Fonts/Roboto-Bold.ttf' (160K)
[2020.03.20-17.41.21:069][  0]LogSlate: Took 0.000362 seconds to synchronously load lazily loaded font '../../../Engine/Content/Editor/Slate/Fonts/FontAwesome.ttf' (139K)
[2020.03.20-17.41.21:157][  0]LogRenderer: Reallocating scene render targets to support 1028x544 Format 10 NumSamples 1 (Frame:1).
[2020.03.20-17.41.21:323][  0]LogContentBrowser: Native class hierarchy updated for 'HierarchicalLODOutliner' in 0.0003 seconds. Added 0 classes and 0 folders.
[2020.03.20-17.41.21:323][  0]LogLoad: (Engine Initialization) Total time: 15.03 seconds
[2020.03.20-17.41.21:323][  0]LogLoad: (Engine Initialization) Total Blueprint compile time: 0.00 seconds
[2020.03.20-17.41.21:547][  0]LogContentStreaming: Texture pool size now 3000 MB
[2020.03.20-17.41.23:190][154]LogAssetRegistry: Asset discovery search completed in 12.1069 seconds
[2020.03.20-17.41.23:194][154]LogCollectionManager: Fixed up redirectors for 0 collections in 0.000011 seconds (updated 0 objects)
[2020.03.20-17.41.29:986][180]LogUObjectHash: Compacting FUObjectHashTables data took   0.64ms
[2020.03.20-17.41.30:039][180]LogSlate: Window 'GAMEJAMTIME - Unreal Editor' being destroyed
[2020.03.20-17.41.30:040][180]LogWindowsTextInputMethodSystem: Display: IME system now deactivated.
[2020.03.20-17.41.30:290][180]LogDirectoryWatcher: A directory notification for '../../../Engine/Plugins/' was aborted.
[2020.03.20-17.41.30:367][181]Cmd: QUIT_EDITOR
[2020.03.20-17.41.30:367][181]LogCore: Engine exit requested (reason: UUnrealEdEngine::CloseEditor())
[2020.03.20-17.41.30:392][181]LogCore: Engine exit requested (reason: EngineExit() was called; note: exit was already requested)
[2020.03.20-17.41.30:392][181]LogAudioMixer: Display: No commands were queued while flushing the source manager.
[2020.03.20-17.41.30:427][181]LogExit: Preparing to exit.
[2020.03.20-17.41.31:110][181]LogWorld: UWorld::CleanupWorld for World_0, bSessionEnded=true, bCleanupResources=true
[2020.03.20-17.41.31:117][181]LogDemo: Cleaned up 0 splitscreen connections with owner deletion
[2020.03.20-17.41.31:136][181]LogWorld: UWorld::CleanupWorld for None, bSessionEnded=true, bCleanupResources=true
[2020.03.20-17.41.31:136][181]LogExit: Editor shut down
[2020.03.20-17.41.31:136][181]LogExit: Transaction tracking system shut down
[2020.03.20-17.41.31:694][181]LogExit: Object subsystem successfully closed.
[2020.03.20-17.41.31:731][181]LogShaderCompilers: Display: Shaders left to compile 0
[2020.03.20-17.41.31:888][181]LogModuleManager: Shutting down and abandoning module HierarchicalLODOutliner (698)
[2020.03.20-17.41.31:888][181]LogModuleManager: Shutting down and abandoning module ExternalImagePicker (696)
[2020.03.20-17.41.31:889][181]LogModuleManager: Shutting down and abandoning module SceneOutliner (694)
[2020.03.20-17.41.31:889][181]LogModuleManager: Shutting down and abandoning module AddContentDialog (692)
[2020.03.20-17.41.31:889][181]LogModuleManager: Shutting down and abandoning module WidgetCarousel (691)
[2020.03.20-17.41.31:889][181]LogModuleManager: Shutting down and abandoning module EditorWidgets (688)
[2020.03.20-17.41.31:889][181]LogModuleManager: Shutting down and abandoning module CollectionManager (686)
[2020.03.20-17.41.31:889][181]LogModuleManager: Shutting down and abandoning module HierarchicalLODUtilities (684)
[2020.03.20-17.41.31:889][181]LogModuleManager: Shutting down and abandoning module StatsViewer (682)
[2020.03.20-17.41.31:889][181]LogModuleManager: Shutting down and abandoning module VirtualTexturingEditor (680)
[2020.03.20-17.41.31:889][181]LogModuleManager: Shutting down and abandoning module FoliageEdit (678)
[2020.03.20-17.41.31:889][181]LogModuleManager: Shutting down and abandoning module LandscapeEditor (676)
[2020.03.20-17.41.31:889][181]LogModuleManager: Shutting down and abandoning module MeshPaintMode (674)
[2020.03.20-17.41.31:889][181]LogModuleManager: Shutting down and abandoning module SceneDepthPickerMode (672)
[2020.03.20-17.41.31:889][181]LogModuleManager: Shutting down and abandoning module ActorPickerMode (670)
[2020.03.20-17.41.31:889][181]LogModuleManager: Shutting down and abandoning module GeometryMode (668)
[2020.03.20-17.41.31:889][181]LogModuleManager: Shutting down and abandoning module TextureAlignMode (666)
[2020.03.20-17.41.31:889][181]LogModuleManager: Shutting down and abandoning module BspMode (664)
[2020.03.20-17.41.31:890][181]LogModuleManager: Shutting down and abandoning module PIEPreviewDeviceProfileSelector (662)
[2020.03.20-17.41.31:890][181]LogModuleManager: Shutting down and abandoning module SequenceRecorderSections (660)
[2020.03.20-17.41.31:890][181]LogModuleManager: Shutting down and abandoning module AutomationWorker (658)
[2020.03.20-17.41.31:890][181]LogModuleManager: Shutting down and abandoning module AudioCaptureEditor (656)
[2020.03.20-17.41.31:890][181]LogModuleManager: Shutting down and abandoning module MatineeToLevelSequence (654)
[2020.03.20-17.41.31:890][181]LogModuleManager: Shutting down and abandoning module LevelSequenceEditor (652)
[2020.03.20-17.41.31:890][181]LogModuleManager: Shutting down and abandoning module PlacementMode (651)
[2020.03.20-17.41.31:890][181]LogModuleManager: Shutting down and abandoning module MaterialEditor (650)
[2020.03.20-17.41.31:890][181]LogModuleManager: Shutting down and abandoning module ActorSequenceEditor (646)
[2020.03.20-17.41.31:890][181]LogModuleManager: Shutting down and abandoning module WmfMediaFactory (644)
[2020.03.20-17.41.31:890][181]LogModuleManager: Shutting down and abandoning module WmfMediaEditor (642)
[2020.03.20-17.41.31:890][181]LogModuleManager: Shutting down and abandoning module WebMMediaFactory (640)
[2020.03.20-17.41.31:890][181]LogModuleManager: Shutting down and abandoning module WebMMediaEditor (638)
[2020.03.20-17.41.31:890][181]LogModuleManager: Shutting down and abandoning module WebMMedia (636)
[2020.03.20-17.41.31:890][181]LogModuleManager: Shutting down and abandoning module MediaPlayerEditor (634)
[2020.03.20-17.41.31:890][181]LogModuleManager: Shutting down and abandoning module MediaCompositingEditor (632)
[2020.03.20-17.41.31:890][181]LogModuleManager: Shutting down and abandoning module SequenceRecorder (631)
[2020.03.20-17.41.31:890][181]LogModuleManager: Shutting down and abandoning module OpenExrWrapper (628)
[2020.03.20-17.41.31:890][181]LogModuleManager: Shutting down and abandoning module ImgMediaFactory (626)
[2020.03.20-17.41.31:890][181]LogModuleManager: Shutting down and abandoning module ImgMediaEditor (624)
[2020.03.20-17.41.31:890][181]LogModuleManager: Shutting down and abandoning module AvfMediaFactory (622)
[2020.03.20-17.41.31:890][181]LogModuleManager: Shutting down and abandoning module AvfMediaEditor (620)
[2020.03.20-17.41.31:890][181]LogModuleManager: Shutting down and abandoning module AndroidMediaFactory (618)
[2020.03.20-17.41.31:890][181]LogModuleManager: Shutting down and abandoning module AndroidMediaEditor (616)
[2020.03.20-17.41.31:890][181]LogModuleManager: Shutting down and abandoning module MagicLeapMediaCodecFactory (614)
[2020.03.20-17.41.31:890][181]LogModuleManager: Shutting down and abandoning module MagicLeapMediaFactory (612)
[2020.03.20-17.41.31:890][181]LogModuleManager: Shutting down and abandoning module MagicLeapMediaEditor (610)
[2020.03.20-17.41.31:890][181]LogModuleManager: Shutting down and abandoning module CharacterAI (608)
[2020.03.20-17.41.31:890][181]LogModuleManager: Shutting down and abandoning module SmartSnapping (606)
[2020.03.20-17.41.31:890][181]LogModuleManager: Shutting down and abandoning module SessionServices (604)
[2020.03.20-17.41.31:890][181]LogModuleManager: Shutting down and abandoning module MeshPaint (602)
[2020.03.20-17.41.31:890][181]LogModuleManager: Shutting down and abandoning module ViewportSnapping (600)
[2020.03.20-17.41.31:891][181]LogModuleManager: Shutting down and abandoning module ViewportInteraction (598)
[2020.03.20-17.41.31:891][181]LogModuleManager: Shutting down and abandoning module ClothPainter (596)
[2020.03.20-17.41.31:891][181]LogModuleManager: Shutting down and abandoning module SkeletalMeshEditor (595)
[2020.03.20-17.41.31:891][181]LogModuleManager: Shutting down and abandoning module LogVisualizer (592)
[2020.03.20-17.41.31:891][181]LogModuleManager: Shutting down and abandoning module IntroTutorials (590)
[2020.03.20-17.41.31:891][181]LogModuleManager: Shutting down and abandoning module GameProjectGeneration (589)
[2020.03.20-17.41.31:891][181]LogModuleManager: Shutting down and abandoning module LuminPlatformEditor (586)
[2020.03.20-17.41.31:891][181]LogModuleManager: Shutting down and abandoning module IOSPlatformEditor (584)
[2020.03.20-17.41.31:891][181]LogModuleManager: Shutting down and abandoning module AndroidPlatformEditor (582)
[2020.03.20-17.41.31:891][181]LogModuleManager: Shutting down and abandoning module AndroidDeviceDetection (581)
[2020.03.20-17.41.31:915][181]LogModuleManager: Shutting down and abandoning module WindowsPlatformEditor (578)
[2020.03.20-17.41.31:915][181]LogModuleManager: Shutting down and abandoning module LuminRuntimeSettings (576)
[2020.03.20-17.41.31:915][181]LogModuleManager: Shutting down and abandoning module IOSRuntimeSettings (574)
[2020.03.20-17.41.31:915][181]LogModuleManager: Shutting down and abandoning module AndroidRuntimeSettings (572)
[2020.03.20-17.41.31:915][181]LogModuleManager: Shutting down and abandoning module EditorInteractiveToolsFramework (570)
[2020.03.20-17.41.31:915][181]LogModuleManager: Shutting down and abandoning module TimeManagementEditor (568)
[2020.03.20-17.41.31:915][181]LogModuleManager: Shutting down and abandoning module InputBindingEditor (566)
[2020.03.20-17.41.31:915][181]LogModuleManager: Shutting down and abandoning module MergeActors (564)
[2020.03.20-17.41.31:915][181]LogModuleManager: Shutting down and abandoning module LocalizationDashboard (562)
[2020.03.20-17.41.31:915][181]LogModuleManager: Shutting down and abandoning module LocalizationService (561)
[2020.03.20-17.41.31:916][181]LogModuleManager: Shutting down and abandoning module HardwareTargeting (558)
[2020.03.20-17.41.31:916][181]LogModuleManager: Shutting down and abandoning module DeviceProfileEditor (556)
[2020.03.20-17.41.31:916][181]LogModuleManager: Shutting down and abandoning module UndoHistory (554)
[2020.03.20-17.41.31:916][181]LogModuleManager: Shutting down and abandoning module XmlParser (552)
[2020.03.20-17.41.31:916][181]LogModuleManager: Shutting down and abandoning module Blutility (550)
[2020.03.20-17.41.31:916][181]LogModuleManager: Shutting down and abandoning module ProjectSettingsViewer (548)
[2020.03.20-17.41.31:916][181]LogModuleManager: Shutting down and abandoning module ProjectTargetPlatformEditor (547)
[2020.03.20-17.41.31:916][181]LogModuleManager: Shutting down and abandoning module EditorSettingsViewer (544)
[2020.03.20-17.41.31:916][181]LogModuleManager: Shutting down and abandoning module SettingsEditor (542)
[2020.03.20-17.41.31:916][181]LogModuleManager: Shutting down and abandoning module ProjectLauncher (540)
[2020.03.20-17.41.31:916][181]LogModuleManager: Shutting down and abandoning module SessionFrontend (538)
[2020.03.20-17.41.31:916][181]LogModuleManager: Shutting down and abandoning module ProfilerClient (536)
[2020.03.20-17.41.31:916][181]LogModuleManager: Shutting down and abandoning module DeviceManager (534)
[2020.03.20-17.41.31:916][181]LogModuleManager: Shutting down and abandoning module TargetDeviceServices (533)
[2020.03.20-17.41.31:949][181]LogModuleManager: Shutting down and abandoning module AutomationController (530)
[2020.03.20-17.41.31:949][181]LogModuleManager: Shutting down and abandoning module AutomationWindow (528)
[2020.03.20-17.41.31:949][181]LogModuleManager: Shutting down and abandoning module Layers (526)
[2020.03.20-17.41.31:949][181]LogModuleManager: Shutting down and abandoning module ComponentVisualizers (524)
[2020.03.20-17.41.31:949][181]LogModuleManager: Shutting down and abandoning module DetailCustomizations (522)
[2020.03.20-17.41.31:949][181]LogModuleManager: Shutting down and abandoning module PackagesDialog (520)
[2020.03.20-17.41.31:949][181]LogModuleManager: Shutting down and abandoning module AnimationBlueprintEditor (518)
[2020.03.20-17.41.31:949][181]LogModuleManager: Shutting down and abandoning module Persona (516)
[2020.03.20-17.41.31:949][181]LogModuleManager: Shutting down and abandoning module AdvancedPreviewScene (515)
[2020.03.20-17.41.31:949][181]LogModuleManager: Shutting down and abandoning module AnimGraph (513)
[2020.03.20-17.41.31:949][181]LogModuleManager: Shutting down and abandoning module Kismet (510)
[2020.03.20-17.41.31:949][181]LogModuleManager: Shutting down and abandoning module KismetWidgets (509)
[2020.03.20-17.41.31:949][181]LogModuleManager: Shutting down and abandoning module GraphEditor (506)
[2020.03.20-17.41.31:949][181]LogModuleManager: Shutting down and abandoning module StructViewer (504)
[2020.03.20-17.41.31:949][181]LogModuleManager: Shutting down and abandoning module ClassViewer (502)
[2020.03.20-17.41.31:949][181]LogModuleManager: Shutting down and abandoning module Toolbox (500)
[2020.03.20-17.41.31:949][181]LogModuleManager: Shutting down and abandoning module ModuleUI (498)
[2020.03.20-17.41.31:949][181]LogModuleManager: Shutting down and abandoning module OutputLog (496)
[2020.03.20-17.41.31:950][181]LogModuleManager: Shutting down and abandoning module GammaUI (494)
[2020.03.20-17.41.31:950][181]LogModuleManager: Shutting down and abandoning module Documentation (492)
[2020.03.20-17.41.31:950][181]LogModuleManager: Shutting down and abandoning module ToolMenus (490)
[2020.03.20-17.41.31:950][181]LogModuleManager: Shutting down and abandoning module LiveCoding (488)
[2020.03.20-17.41.31:950][181]LogModuleManager: Shutting down and abandoning module LevelSequence (486)
[2020.03.20-17.41.31:950][181]LogModuleManager: Shutting down and abandoning module MovieSceneTracks (484)
[2020.03.20-17.41.31:950][181]LogModuleManager: Shutting down and abandoning module MovieScene (482)
[2020.03.20-17.41.31:950][181]LogModuleManager: Shutting down and abandoning module StreamingPauseRendering (480)
[2020.03.20-17.41.31:950][181]LogModuleManager: Shutting down and abandoning module LauncherPlatform (478)
[2020.03.20-17.41.31:950][181]LogModuleManager: Shutting down and abandoning module AnalyticsET (476)
[2020.03.20-17.41.31:950][181]LogModuleManager: Shutting down and abandoning module PortalServices (474)
[2020.03.20-17.41.31:950][181]LogModuleManager: Shutting down and abandoning module PortalRpc (472)
[2020.03.20-17.41.31:950][181]LogModuleManager: Shutting down and abandoning module MessagingRpc (470)
[2020.03.20-17.41.31:950][181]LogModuleManager: Shutting down and abandoning module AudioMixerXAudio2 (468)
[2020.03.20-17.41.31:950][181]LogModuleManager: Shutting down and abandoning module AIModule (466)
[2020.03.20-17.41.31:950][181]LogModuleManager: Shutting down and abandoning module GameplayDebugger (465)
[2020.03.20-17.41.31:950][181]LogModuleManager: Shutting down and abandoning module AITestSuite (463)
[2020.03.20-17.41.31:950][181]LogModuleManager: Shutting down and abandoning module NavigationSystem (461)
[2020.03.20-17.41.31:950][181]LogModuleManager: Shutting down and abandoning module ImageWriteQueue (458)
[2020.03.20-17.41.31:954][181]LogModuleManager: Shutting down and abandoning module ProfilerService (456)
[2020.03.20-17.41.32:145][181]LogModuleManager: Shutting down and abandoning module TaskGraph (454)
[2020.03.20-17.41.32:145][181]LogModuleManager: Shutting down and abandoning module ScreenshotTools (452)
[2020.03.20-17.41.32:147][181]LogModuleManager: Shutting down and abandoning module ProceduralMeshComponentEditor (450)
[2020.03.20-17.41.32:147][181]LogModuleManager: Shutting down and abandoning module ProceduralMeshComponent (448)
[2020.03.20-17.41.32:147][181]LogModuleManager: Shutting down and abandoning module MobilePatchingUtils (446)
[2020.03.20-17.41.32:147][181]LogModuleManager: Shutting down and abandoning module EditableMesh (444)
[2020.03.20-17.41.32:147][181]LogModuleManager: Shutting down and abandoning module CustomMeshComponent (442)
[2020.03.20-17.41.32:147][181]LogModuleManager: Shutting down and abandoning module CableComponent (440)
[2020.03.20-17.41.32:147][181]LogModuleManager: Shutting down and abandoning module AudioCapture (438)
[2020.03.20-17.41.32:147][181]LogModuleManager: Shutting down and abandoning module AudioCaptureRtAudio (437)
[2020.03.20-17.41.32:147][181]LogModuleManager: Shutting down and abandoning module AssetTags (434)
[2020.03.20-17.41.32:147][181]LogModuleManager: Shutting down and abandoning module ArchVisCharacter (432)
[2020.03.20-17.41.32:147][181]LogModuleManager: Shutting down and abandoning module AppleImageUtilsBlueprintSupport (430)
[2020.03.20-17.41.32:147][181]LogModuleManager: Shutting down and abandoning module AppleImageUtils (428)
[2020.03.20-17.41.32:147][181]LogModuleManager: Shutting down and abandoning module AndroidPermission (426)
[2020.03.20-17.41.32:147][181]LogModuleManager: Shutting down and abandoning module NUTUnrealEngine4 (424)
[2020.03.20-17.41.32:147][181]LogModuleManager: Shutting down and abandoning module NetcodeUnitTest (422)
[2020.03.20-17.41.32:147][181]LogModuleManager: Shutting down and abandoning module MediaCompositing (420)
[2020.03.20-17.41.32:147][181]LogModuleManager: Shutting down and abandoning module ImgMedia (418)
[2020.03.20-17.41.32:147][181]LogModuleManager: Shutting down and abandoning module MagicLeapHelperVulkan (416)
[2020.03.20-17.41.32:147][181]LogModuleManager: Shutting down and abandoning module MagicLeapHelperOpenGL (414)
[2020.03.20-17.41.32:147][181]LogModuleManager: Shutting down and abandoning module MagicLeapAudio (412)
[2020.03.20-17.41.32:147][181]LogModuleManager: Shutting down and abandoning module NiagaraEditorWidgets (410)
[2020.03.20-17.41.32:170][181]LogModuleManager: Shutting down and abandoning module GeometryCacheTracks (408)
[2020.03.20-17.41.32:170][181]LogModuleManager: Shutting down and abandoning module GeometryCacheSequencer (406)
[2020.03.20-17.41.32:170][181]LogModuleManager: Shutting down and abandoning module BackChannel (404)
[2020.03.20-17.41.32:170][181]LogModuleManager: Shutting down and abandoning module AutomationUtilsEditor (402)
[2020.03.20-17.41.32:170][181]LogModuleManager: Shutting down and abandoning module AutomationUtils (400)
[2020.03.20-17.41.32:170][181]LogModuleManager: Shutting down and abandoning module AlembicImporter (398)
[2020.03.20-17.41.32:170][181]LogModuleManager: Shutting down and abandoning module AlembicLibrary (397)
[2020.03.20-17.41.32:170][181]LogModuleManager: Shutting down and abandoning module GeometryCache (396)
[2020.03.20-17.41.32:170][181]LogModuleManager: Shutting down and abandoning module GeometryCacheEd (395)
[2020.03.20-17.41.32:170][181]LogModuleManager: Shutting down and abandoning module VariantManagerContentEditor (390)
[2020.03.20-17.41.32:170][181]LogModuleManager: Shutting down and abandoning module DatasmithContentEditor (388)
[2020.03.20-17.41.32:170][181]LogModuleManager: Shutting down and abandoning module SpeedTreeImporter (386)
[2020.03.20-17.41.32:170][181]LogModuleManager: Shutting down and abandoning module PluginBrowser (384)
[2020.03.20-17.41.32:170][181]LogModuleManager: Shutting down and abandoning module MobileLauncherProfileWizard (382)
[2020.03.20-17.41.32:170][181]LogModuleManager: Shutting down and abandoning module MaterialAnalyzer (380)
[2020.03.20-17.41.32:170][181]LogModuleManager: Shutting down and abandoning module CurveEditorTools (378)
[2020.03.20-17.41.32:170][181]LogModuleManager: Shutting down and abandoning module CryptoKeysOpenSSL (376)
[2020.03.20-17.41.32:170][181]LogModuleManager: Shutting down and abandoning module CryptoKeys (374)
[2020.03.20-17.41.32:170][181]LogModuleManager: Shutting down and abandoning module VisualStudioSourceCodeAccess (372)
[2020.03.20-17.41.32:170][181]LogModuleManager: Shutting down and abandoning module VisualStudioCodeSourceCodeAccess (370)
[2020.03.20-17.41.32:170][181]LogModuleManager: Shutting down and abandoning module UObjectPlugin (368)
[2020.03.20-17.41.32:170][181]LogModuleManager: Shutting down and abandoning module SubversionSourceControl (366)
[2020.03.20-17.41.32:170][181]LogModuleManager: Shutting down and abandoning module PlasticSourceControl (364)
[2020.03.20-17.41.32:170][181]LogModuleManager: Shutting down and abandoning module PerforceSourceControl (362)
[2020.03.20-17.41.32:170][181]LogModuleManager: Shutting down and abandoning module GitSourceControl (360)
[2020.03.20-17.41.32:170][181]LogModuleManager: Shutting down and abandoning module SourceControl (359)
[2020.03.20-17.41.32:170][181]LogModuleManager: Shutting down and abandoning module CLionSourceCodeAccess (356)
[2020.03.20-17.41.32:170][181]LogModuleManager: Shutting down and abandoning module AnimationSharingEd (354)
[2020.03.20-17.41.32:170][181]LogModuleManager: Shutting down and abandoning module ActorLayerUtilitiesEditor (352)
[2020.03.20-17.41.32:170][181]LogModuleManager: Shutting down and abandoning module ActorLayerUtilities (350)
[2020.03.20-17.41.32:170][181]LogModuleManager: Shutting down and abandoning module LightPropagationVolumeEditor (348)
[2020.03.20-17.41.32:170][181]LogModuleManager: Shutting down and abandoning module PaperTiledImporter (346)
[2020.03.20-17.41.32:170][181]LogModuleManager: Shutting down and abandoning module PaperSpriteSheetImporter (344)
[2020.03.20-17.41.32:170][181]LogModuleManager: Shutting down and abandoning module Paper2DEditor (342)
[2020.03.20-17.41.32:170][181]LogModuleManager: Shutting down and abandoning module SignificanceManager (340)
[2020.03.20-17.41.32:171][181]LogModuleManager: Shutting down and abandoning module RuntimePhysXCooking (338)
[2020.03.20-17.41.32:171][181]LogModuleManager: Shutting down and abandoning module PhysXVehiclesEditor (336)
[2020.03.20-17.41.32:171][181]LogModuleManager: Shutting down and abandoning module LocationServicesBPLibrary (332)
[2020.03.20-17.41.32:171][181]LogModuleManager: Shutting down and abandoning module ActorSequence (330)
[2020.03.20-17.41.32:171][181]LogModuleManager: Shutting down and abandoning module UdpMessaging (328)
[2020.03.20-17.41.32:272][181]LogModuleManager: Shutting down and abandoning module TcpMessaging (326)
[2020.03.20-17.41.32:373][181]LogModuleManager: Shutting down and abandoning module MagicLeapPrivileges (324)
[2020.03.20-17.41.32:373][181]LogModuleManager: Shutting down and abandoning module MagicLeapPlanes (322)
[2020.03.20-17.41.32:373][181]LogMagicLeapPlanes: Planes tracker already destroyed.
[2020.03.20-17.41.32:373][181]LogModuleManager: Shutting down and abandoning module MagicLeapIdentity (320)
[2020.03.20-17.41.32:373][181]LogModuleManager: Shutting down and abandoning module MagicLeapSecureStorage (318)
[2020.03.20-17.41.32:373][181]LogModuleManager: Shutting down and abandoning module MagicLeapImageTracker (316)
[2020.03.20-17.41.32:373][181]LogModuleManager: Shutting down and abandoning module MagicLeapHandTracking (314)
[2020.03.20-17.41.32:373][181]LogModuleManager: Shutting down and abandoning module MagicLeapHandMeshing (312)
[2020.03.20-17.41.32:373][181]LogModuleManager: Shutting down and abandoning module MagicLeapEyeTracker (310)
[2020.03.20-17.41.32:373][181]LogModuleManager: Shutting down and abandoning module MagicLeapController (308)
[2020.03.20-17.41.32:373][181]LogSlate: Slate User Destroyed.  User Index 0, Is Virtual User: 0
[2020.03.20-17.41.32:373][181]LogModuleManager: Shutting down and abandoning module MagicLeapARPin (306)
[2020.03.20-17.41.32:373][181]LogModuleManager: Shutting down and abandoning module MagicLeapAR (304)
[2020.03.20-17.41.32:373][181]LogModuleManager: Shutting down and abandoning module AugmentedReality (303)
[2020.03.20-17.41.32:373][181]LogModuleManager: Shutting down and abandoning module NiagaraAnimNotifies (300)
[2020.03.20-17.41.32:373][181]LogModuleManager: Shutting down and abandoning module Niagara (298)
[2020.03.20-17.41.32:406][181]LogModuleManager: Shutting down and abandoning module NiagaraEditor (297)
[2020.03.20-17.41.32:477][181]LogModuleManager: Shutting down and abandoning module NiagaraCore (294)
[2020.03.20-17.41.32:477][181]LogModuleManager: Shutting down and abandoning module GameplayTagsEditor (292)
[2020.03.20-17.41.32:477][181]LogModuleManager: Shutting down and abandoning module FacialAnimationEditor (290)
[2020.03.20-17.41.32:477][181]LogModuleManager: Shutting down and abandoning module FacialAnimation (288)
[2020.03.20-17.41.32:477][181]LogModuleManager: Shutting down and abandoning module DataValidation (286)
[2020.03.20-17.41.32:477][181]LogModuleManager: Shutting down and abandoning module AssetManagerEditor (284)
[2020.03.20-17.41.32:478][181]LogModuleManager: Shutting down and abandoning module LevelEditor (283)
[2020.03.20-17.41.32:478][181]LogModuleManager: Shutting down and abandoning module PixelInspectorModule (282)
[2020.03.20-17.41.32:478][181]LogModuleManager: Shutting down and abandoning module CommonMenuExtensions (280)
[2020.03.20-17.41.32:479][181]LogModuleManager: Shutting down and abandoning module MainFrame (278)
[2020.03.20-17.41.32:479][181]LogModuleManager: Shutting down and abandoning module HotReload (277)
[2020.03.20-17.41.32:479][181]LogModuleManager: Shutting down and abandoning module ContentBrowser (273)
[2020.03.20-17.41.32:480][181]LogModuleManager: Shutting down and abandoning module TreeMap (271)
[2020.03.20-17.41.32:480][181]LogModuleManager: Shutting down and abandoning module AnimationSharing (268)
[2020.03.20-17.41.32:480][181]LogModuleManager: Shutting down and abandoning module LightPropagationVolumeRuntime (266)
[2020.03.20-17.41.32:480][181]LogModuleManager: Shutting down and abandoning module Paper2D (264)
[2020.03.20-17.41.32:480][181]LogModuleManager: Shutting down and abandoning module WindowsMoviePlayer (262)
[2020.03.20-17.41.32:482][181]LogModuleManager: Shutting down and abandoning module WebMMoviePlayer (260)
[2020.03.20-17.41.32:482][181]LogModuleManager: Shutting down and abandoning module NetworkReplayStreaming (258)
[2020.03.20-17.41.32:482][181]LogModuleManager: Shutting down and abandoning module PacketHandler (256)
[2020.03.20-17.41.32:482][181]LogModuleManager: Shutting down and abandoning module ClothingSystemEditor (254)
[2020.03.20-17.41.32:482][181]LogModuleManager: Shutting down and abandoning module ClothingSystemRuntimeNv (252)
[2020.03.20-17.41.32:482][181]LogModuleManager: Shutting down and abandoning module MediaAssets (250)
[2020.03.20-17.41.32:482][181]LogModuleManager: Shutting down and abandoning module Overlay (248)
[2020.03.20-17.41.32:482][181]LogModuleManager: Shutting down and abandoning module OverlayEditor (247)
[2020.03.20-17.41.32:482][181]LogModuleManager: Shutting down and abandoning module VREditor (244)
[2020.03.20-17.41.32:482][181]LogModuleManager: Shutting down and abandoning module StringTableEditor (242)
[2020.03.20-17.41.32:482][181]LogModuleManager: Shutting down and abandoning module GameplayTasksEditor (240)
[2020.03.20-17.41.32:482][181]LogModuleManager: Shutting down and abandoning module BehaviorTreeEditor (238)
[2020.03.20-17.41.32:482][181]LogModuleManager: Shutting down and abandoning module FunctionalTesting (236)
[2020.03.20-17.41.32:482][181]LogModuleManager: Shutting down and abandoning module CollisionAnalyzer (234)
[2020.03.20-17.41.32:482][181]LogModuleManager: Shutting down and abandoning module WorkspaceMenuStructure (233)
[2020.03.20-17.41.32:482][181]LogModuleManager: Shutting down and abandoning module UMG (230)
[2020.03.20-17.41.32:482][181]LogModuleManager: Shutting down and abandoning module UMGEditor (229)
[2020.03.20-17.41.32:482][181]LogModuleManager: Shutting down and abandoning module MessageLog (227)
[2020.03.20-17.41.32:482][181]LogModuleManager: Shutting down and abandoning module SlateReflector (222)
[2020.03.20-17.41.32:482][181]LogModuleManager: Shutting down and abandoning module Slate (220)
[2020.03.20-17.41.32:482][181]LogModuleManager: Shutting down and abandoning module SlateCore (218)
[2020.03.20-17.41.32:482][181]LogModuleManager: Shutting down and abandoning module LandscapeEditorUtilities (216)
[2020.03.20-17.41.32:482][181]LogModuleManager: Shutting down and abandoning module UnrealEd (214)
[2020.03.20-17.41.32:482][181]LogModuleManager: Shutting down and abandoning module MRMesh (212)
[2020.03.20-17.41.32:482][181]LogModuleManager: Shutting down and abandoning module SourceCodeAccess (210)
[2020.03.20-17.41.32:482][181]LogModuleManager: Shutting down and abandoning module HeadMountedDisplay (208)
[2020.03.20-17.41.32:482][181]LogModuleManager: Shutting down and abandoning module XAudio2 (206)
[2020.03.20-17.41.32:483][181]LogModuleManager: Shutting down and abandoning module Networking (204)
[2020.03.20-17.41.32:483][181]LogModuleManager: Shutting down and abandoning module Core (202)
[2020.03.20-17.41.32:483][181]LogModuleManager: Shutting down and abandoning module MovieSceneTools (200)
[2020.03.20-17.41.32:483][181]LogModuleManager: Shutting down and abandoning module CurveEditor (199)
[2020.03.20-17.41.32:483][181]LogModuleManager: Shutting down and abandoning module Sequencer (197)
[2020.03.20-17.41.32:483][181]LogModuleManager: Shutting down and abandoning module EditorStyle (196)
[2020.03.20-17.41.32:484][181]LogModuleManager: Shutting down and abandoning module KismetCompiler (192)
[2020.03.20-17.41.32:484][181]LogModuleManager: Shutting down and abandoning module MeshUtilities (190)
[2020.03.20-17.41.32:484][181]LogModuleManager: Shutting down and abandoning module MeshMergeUtilities (189)
[2020.03.20-17.41.32:484][181]LogModuleManager: Shutting down and abandoning module MeshReductionInterface (188)
[2020.03.20-17.41.32:484][181]LogModuleManager: Shutting down and abandoning module MeshBoneReduction (187)
[2020.03.20-17.41.32:484][181]LogModuleManager: Shutting down and abandoning module SkeletalMeshReduction (185)
[2020.03.20-17.41.32:484][181]LogModuleManager: Shutting down and abandoning module ProxyLODMeshReduction (183)
[2020.03.20-17.41.32:484][181]LogModuleManager: Shutting down and abandoning module QuadricMeshReduction (181)
[2020.03.20-17.41.32:484][181]LogModuleManager: Shutting down and abandoning module MaterialBaking (177)
[2020.03.20-17.41.32:484][181]LogModuleManager: Shutting down and abandoning module NullInstallBundleManager (172)
[2020.03.20-17.41.32:484][181]LogModuleManager: Shutting down and abandoning module DerivedDataCache (170)
[2020.03.20-17.41.32:484][181]LogDerivedDataCache: Shutdown
[2020.03.20-17.41.32:484][181]LogModuleManager: Shutting down and abandoning module XGEController (168)
[2020.03.20-17.41.32:484][181]LogModuleManager: Shutting down and abandoning module TargetPlatform (166)
[2020.03.20-17.41.32:484][181]LogModuleManager: Shutting down and abandoning module VulkanShaderFormat (165)
[2020.03.20-17.41.32:484][181]LogModuleManager: Shutting down and abandoning module ShaderFormatVectorVM (163)
[2020.03.20-17.41.32:484][181]LogModuleManager: Shutting down and abandoning module ShaderFormatOpenGL (161)
[2020.03.20-17.41.32:484][181]LogModuleManager: Shutting down and abandoning module ShaderFormatD3D (159)
[2020.03.20-17.41.32:484][181]LogModuleManager: Shutting down and abandoning module MetalShaderFormat (157)
[2020.03.20-17.41.32:484][181]LogModuleManager: Shutting down and abandoning module TextureFormatUncompressed (155)
[2020.03.20-17.41.32:484][181]LogModuleManager: Shutting down and abandoning module TextureFormatPVR (153)
[2020.03.20-17.41.32:484][181]LogModuleManager: Shutting down and abandoning module TextureFormatDXT (151)
[2020.03.20-17.41.32:484][181]LogModuleManager: Shutting down and abandoning module TextureFormatIntelISPCTexComp (149)
[2020.03.20-17.41.32:484][181]LogModuleManager: Shutting down and abandoning module TextureFormatASTC (147)
[2020.03.20-17.41.32:484][181]LogModuleManager: Shutting down and abandoning module ImageWrapper (146)
[2020.03.20-17.41.32:484][181]LogModuleManager: Shutting down and abandoning module TextureFormatAndroid (143)
[2020.03.20-17.41.32:484][181]LogModuleManager: Shutting down and abandoning module AudioFormatOpus (141)
[2020.03.20-17.41.32:484][181]LogModuleManager: Shutting down and abandoning module AudioFormatOgg (139)
[2020.03.20-17.41.32:484][181]LogModuleManager: Shutting down and abandoning module AudioFormatADPCM (137)
[2020.03.20-17.41.32:484][181]LogModuleManager: Shutting down and abandoning module WindowsServerTargetPlatform (135)
[2020.03.20-17.41.32:484][181]LogModuleManager: Shutting down and abandoning module WindowsClientTargetPlatform (133)
[2020.03.20-17.41.32:484][181]LogModuleManager: Shutting down and abandoning module WindowsTargetPlatform (131)
[2020.03.20-17.41.32:484][181]LogModuleManager: Shutting down and abandoning module WindowsNoEditorTargetPlatform (129)
[2020.03.20-17.41.32:484][181]LogModuleManager: Shutting down and abandoning module TVOSTargetPlatform (127)
[2020.03.20-17.41.32:485][181]LogModuleManager: Shutting down and abandoning module LuminTargetPlatform (125)
[2020.03.20-17.41.32:485][181]LogModuleManager: Shutting down and abandoning module LinuxAArch64ServerTargetPlatform (123)
[2020.03.20-17.41.32:485][181]LogModuleManager: Shutting down and abandoning module LinuxAArch64ClientTargetPlatform (121)
[2020.03.20-17.41.32:486][181]LogModuleManager: Shutting down and abandoning module LinuxAArch64NoEditorTargetPlatform (119)
[2020.03.20-17.41.32:486][181]LogModuleManager: Shutting down and abandoning module LinuxServerTargetPlatform (117)
[2020.03.20-17.41.32:486][181]LogModuleManager: Shutting down and abandoning module LinuxClientTargetPlatform (115)
[2020.03.20-17.41.32:486][181]LogModuleManager: Shutting down and abandoning module LinuxNoEditorTargetPlatform (113)
[2020.03.20-17.41.32:486][181]LogModuleManager: Shutting down and abandoning module Messaging (111)
[2020.03.20-17.41.32:486][181]LogModuleManager: Shutting down and abandoning module IOSTargetPlatform (109)
[2020.03.20-17.41.32:486][181]LogModuleManager: Shutting down and abandoning module AndroidTargetPlatform (107)
[2020.03.20-17.41.32:491][181]LogModuleManager: Shutting down and abandoning module AllDesktopTargetPlatform (105)
[2020.03.20-17.41.32:491][181]LogModuleManager: Shutting down and abandoning module InputCore (102)
[2020.03.20-17.41.32:491][181]LogModuleManager: Shutting down and abandoning module Settings (100)
[2020.03.20-17.41.32:491][181]LogModuleManager: Shutting down and abandoning module DirectoryWatcher (98)
[2020.03.20-17.41.32:491][181]LogModuleManager: Shutting down and abandoning module PhysXCooking (96)
[2020.03.20-17.41.32:491][181]LogModuleManager: Shutting down and abandoning module ChaosSolvers (94)
[2020.03.20-17.41.32:491][181]LogModuleManager: Shutting down and abandoning module FieldSystemEngine (93)
[2020.03.20-17.41.32:491][181]LogModuleManager: Shutting down and abandoning module Chaos (90)
[2020.03.20-17.41.32:491][181]LogModuleManager: Shutting down and abandoning module WindowsPlatformFeatures (88)
[2020.03.20-17.41.32:491][181]LogModuleManager: Shutting down and abandoning module GameplayMediaEncoder (87)
[2020.03.20-17.41.32:491][181]LogModuleManager: Shutting down and abandoning module ExampleDeviceProfileSelector (84)
[2020.03.20-17.41.32:491][181]LogModuleManager: Shutting down and abandoning module LauncherChunkInstaller (82)
[2020.03.20-17.41.32:491][181]LogModuleManager: Shutting down and abandoning module OnlineBlueprintSupport (80)
[2020.03.20-17.41.32:491][181]LogModuleManager: Shutting down and abandoning module OnlineSubsystem (76)
[2020.03.20-17.41.32:492][181]LogModuleManager: Shutting down and abandoning module XMPP (71)
[2020.03.20-17.41.32:492][181]LogModuleManager: Shutting down and abandoning module WebSockets (70)
[2020.03.20-17.41.32:501][181]LogModuleManager: Shutting down and abandoning module HTTP (67)
[2020.03.20-17.41.32:501][181]LogHttp: Display: Http module shutting down, but needs to wait on 1 outstanding Http requests:
[2020.03.20-17.41.32:501][181]LogHttp: Display: 	verb=[POST] url=[https://datarouter.ol.epicgames.com/datarouter/api/v1/public/data?SessionID=%7BD3C7B62B-493E-DFFA-FEA1-26A08448B767%7D&AppID=UEEditor.Rocket.Release&AppVersion=4.24.3-11590370%2B%2B%2BUE4%2BRelease-4.24&UserID=02e4aac54179125ef4261a947543216f%7Cbcf3bae1a85e424e8f036c536cea9375%7Ce09fd534-1253-435e-991d-11a7178a2ec8&AppEnvironment=datacollector-binary&UploadType=eteventstream] refs=[1] status=Processing
[2020.03.20-17.41.32:534][181]LogModuleManager: Shutting down and abandoning module SSL (66)
[2020.03.20-17.41.32:535][181]LogModuleManager: Shutting down and abandoning module WmfMedia (62)
[2020.03.20-17.41.32:536][181]LogModuleManager: Shutting down and abandoning module Media (61)
[2020.03.20-17.41.32:537][181]LogModuleManager: Shutting down and abandoning module MagicLeap (58)
[2020.03.20-17.41.32:537][181]LogModuleManager: Shutting down and abandoning module NiagaraVertexFactories (56)
[2020.03.20-17.41.32:537][181]LogModuleManager: Shutting down and abandoning module NiagaraShader (54)
[2020.03.20-17.41.32:537][181]LogModuleManager: Shutting down and abandoning module VariantManagerContent (52)
[2020.03.20-17.41.32:537][181]LogModuleManager: Shutting down and abandoning module DatasmithContent (50)
[2020.03.20-17.41.32:537][181]LogModuleManager: Shutting down and abandoning module AISupportModule (48)
[2020.03.20-17.41.32:537][181]LogModuleManager: Shutting down and abandoning module DesktopPlatform (46)
[2020.03.20-17.41.32:537][181]LogModuleManager: Shutting down and abandoning module PlatformCryptoOpenSSL (44)
[2020.03.20-17.41.32:537][181]LogModuleManager: Shutting down and abandoning module PlatformCryptoTypes (42)
[2020.03.20-17.41.32:537][181]LogModuleManager: Shutting down and abandoning module PlatformCrypto (40)
[2020.03.20-17.41.32:537][181]LogModuleManager: Shutting down and abandoning module AnimationModifiers (38)
[2020.03.20-17.41.32:538][181]LogModuleManager: Shutting down and abandoning module PropertyEditor (37)
[2020.03.20-17.41.32:538][181]LogModuleManager: Shutting down and abandoning module AudioEditor (34)
[2020.03.20-17.41.32:538][181]LogModuleManager: Shutting down and abandoning module TextureCompressor (32)
[2020.03.20-17.41.32:538][181]LogModuleManager: Shutting down and abandoning module RenderCore (30)
[2020.03.20-17.41.32:538][181]LogModuleManager: Shutting down and abandoning module Landscape (28)
[2020.03.20-17.41.32:538][181]LogModuleManager: Shutting down and abandoning module SlateRHIRenderer (26)
[2020.03.20-17.41.32:540][181]LogModuleManager: Shutting down and abandoning module OpenGLDrv (24)
[2020.03.20-17.41.32:540][181]LogModuleManager: Shutting down and abandoning module D3D11RHI (22)
[2020.03.20-17.41.32:540][181]LogModuleManager: Shutting down and abandoning module AnimGraphRuntime (20)
[2020.03.20-17.41.32:540][181]LogModuleManager: Shutting down and abandoning module Renderer (18)
[2020.03.20-17.41.32:540][181]LogModuleManager: Shutting down and abandoning module Engine (16)
[2020.03.20-17.41.32:540][181]LogModuleManager: Shutting down and abandoning module CoreUObject (14)
[2020.03.20-17.41.32:540][181]LogModuleManager: Shutting down and abandoning module NetworkFile (12)
[2020.03.20-17.41.32:540][181]LogModuleManager: Shutting down and abandoning module CookedIterativeFile (10)
[2020.03.20-17.41.32:540][181]LogModuleManager: Shutting down and abandoning module StreamingFile (8)
[2020.03.20-17.41.32:540][181]LogModuleManager: Shutting down and abandoning module SandboxFile (6)
[2020.03.20-17.41.32:540][181]LogModuleManager: Shutting down and abandoning module PakFile (4)
[2020.03.20-17.41.32:540][181]LogModuleManager: Shutting down and abandoning module RSA (3)
[2020.03.20-17.41.32:541][181]LogD3D11RHI: Shutdown
[2020.03.20-17.41.32:541][181]LogD3D11RHI: CleanupD3DDevice
[2020.03.20-17.41.32:549][181]LogExit: Exiting.
[2020.03.20-17.41.32:565][181]Log file closed, 03/20/20 18:41:32
